<?xml version="1.0" encoding="UTF-8"?>
<robot generator="Robot 7.0 (Python 3.12.3 on linux)" generated="2024-05-11T17:43:37.288885" rpa="false" schemaversion="5">
<suite id="s1" name="Departamento" source="/home/sami/academy/APIacademy/tests/departamento.robot">
<test id="s1-t1" name="CT01 - Cadastrar um Departamento" line="5">
<kw name="Create API Session" owner="API">
<kw name="Create Dictionary" owner="BuiltIn">
<msg time="2024-05-11T17:43:37.420211" level="INFO">${headers} = {'accept': 'application/json', 'Content-Type': 'application/json'}</msg>
<var>${headers}</var>
<arg>accept=application/json</arg>
<arg>Content-Type=application/json</arg>
<doc>Creates and returns a dictionary based on the given ``items``.</doc>
<status status="PASS" start="2024-05-11T17:43:37.419986" elapsed="0.000252"/>
</kw>
<kw name="Create Session" owner="RequestsLibrary">
<msg time="2024-05-11T17:43:37.420516" level="INFO">Creating Session using : alias=APITheOriginals, url=https://the-originals.qacoders-academy.com.br, headers={'accept': 'application/json', 'Content-Type': 'application/json'},                     cookies={}, auth=None, timeout=None, proxies=None, verify=False,                     debug=0 </msg>
<arg>alias=APITheOriginals</arg>
<arg>url=https://the-originals.qacoders-academy.com.br</arg>
<arg>headers=${headers}</arg>
<doc>Create Session: create a HTTP session to a server</doc>
<status status="PASS" start="2024-05-11T17:43:37.420349" elapsed="0.000302"/>
</kw>
<status status="PASS" start="2024-05-11T17:43:37.419323" elapsed="0.001392"/>
</kw>
<kw name="Login de acesso" owner="API">
<kw name="Create Dictionary" owner="BuiltIn">
<msg time="2024-05-11T17:43:37.421281" level="INFO">${body} = {'mail': 'sysadmin@qacoders.com', 'password': '1234@Test'}</msg>
<var>${body}</var>
<arg>mail=${mail}</arg>
<arg>password=${password}</arg>
<doc>Creates and returns a dictionary based on the given ``items``.</doc>
<status status="PASS" start="2024-05-11T17:43:37.421093" elapsed="0.000205"/>
</kw>
<kw name="Log" owner="BuiltIn">
<msg time="2024-05-11T17:43:37.421457" level="INFO">{'mail': 'sysadmin@qacoders.com', 'password': '1234@Test'}</msg>
<arg>${body}</arg>
<doc>Logs the given message with the given level.</doc>
<status status="PASS" start="2024-05-11T17:43:37.421371" elapsed="0.000115"/>
</kw>
<kw name="Create API Session" owner="API">
<kw name="Create Dictionary" owner="BuiltIn">
<msg time="2024-05-11T17:43:37.421790" level="INFO">${headers} = {'accept': 'application/json', 'Content-Type': 'application/json'}</msg>
<var>${headers}</var>
<arg>accept=application/json</arg>
<arg>Content-Type=application/json</arg>
<doc>Creates and returns a dictionary based on the given ``items``.</doc>
<status status="PASS" start="2024-05-11T17:43:37.421694" elapsed="0.000111"/>
</kw>
<kw name="Create Session" owner="RequestsLibrary">
<msg time="2024-05-11T17:43:37.421979" level="INFO">Creating Session using : alias=APITheOriginals, url=https://the-originals.qacoders-academy.com.br, headers={'accept': 'application/json', 'Content-Type': 'application/json'},                     cookies={}, auth=None, timeout=None, proxies=None, verify=False,                     debug=0 </msg>
<arg>alias=APITheOriginals</arg>
<arg>url=https://the-originals.qacoders-academy.com.br</arg>
<arg>headers=${headers}</arg>
<doc>Create Session: create a HTTP session to a server</doc>
<status status="PASS" start="2024-05-11T17:43:37.421870" elapsed="0.000235"/>
</kw>
<status status="PASS" start="2024-05-11T17:43:37.421566" elapsed="0.000594"/>
</kw>
<kw name="POST On Session" owner="RequestsLibrary">
<msg time="2024-05-11T17:43:38.320023" level="INFO">POST Request : url=https://the-originals.qacoders-academy.com.br/api/login 
 path_url=/api/login 
 headers={'User-Agent': 'python-requests/2.31.0', 'Accept-Encoding': 'gzip, deflate, br', 'accept': 'application/json', 'Connection': 'keep-alive', 'Content-Type': 'application/json', 'Content-Length': '58'} 
 body=b'{"mail": "sysadmin@qacoders.com", "password": "1234@Test"}' 
 </msg>
<msg time="2024-05-11T17:43:38.320285" level="INFO">POST Response : url=https://the-originals.qacoders-academy.com.br/api/login 
 status=200, reason=OK 
 headers={'Server': 'nginx/1.18.0 (Ubuntu)', 'Date': 'Sat, 11 May 2024 20:43:58 GMT', 'Content-Type': 'application/json; charset=utf-8', 'Transfer-Encoding': 'chunked', 'Connection': 'keep-alive', 'X-Powered-By': 'Express', 'Access-Control-Allow-Origin': '*', 'Access-Control-Allow-Methods': 'GET, POST, OPTIONS, PUT, PATCH, DELETE', 'Access-Control-Allow-Headers': 'Origin, X-Requested-With, Content-Type, Accept, Authorization', 'ETag': 'W/"534-gPcS9cCSLnODygJwe8XG5gZMHew"', 'Content-Encoding': 'gzip'} 
 body={"msg":"Olá Qa-Coders-SYSADMIN, autenticação autorizada com sucesso!","user":{"_id":"65330c1efb8f3dad13a6808b","fullName":"Qa-Coders-SYSADMIN","mail":"sysadmin@qacoders.com","password":"$2b$10$3kC10vu/EjMoRQUmqQq/H.7crWYIIBcBDT2g4RU0BQ4mrRi4JExOu","accessProfile":"SYSADMIN","cpf":"11111111111","status":true,"audit":[{"registeredBy":{"userId":"111111111111111111","userLogin":"sysadmin@qacoders.com"},"registrationDate":"sexta-feira, 20/10/2023, 20:24:14 BRT","registrationNumber":"01","companyId":"Qa.Coders","_id":"65330c1efb8f3dad13a6808c"}],"__v":0},"token":"eyJhbGciOiJIUzI1NiIsInR5cCI6IkpXVCJ9.eyJfaWQiOiI2NTMzMGMxZWZiOGYzZGFkMTNhNjgwOGIiLCJmdWxsTmFtZSI6IlFhLUNvZGVycy1TWVNBRE1JTiIsIm1haWwiOiJzeXNhZG1pbkBxYWNvZGVycy5jb20iLCJwYXNzd29yZCI6IiQyYiQxMCQza0MxMHZ1L0VqTW9SUVVtcVFxL0guN2NyV1lJSUJjQkRUMmc0UlUwQlE0bXJSaTRKRXhPdSIsImFjY2Vzc1Byb2ZpbGUiOiJTWVNBRE1JTiIsImNwZiI6IjExMTExMTExMTExIiwic3RhdHVzIjp0cnVlLCJhdWRpdCI6W3sicmVnaXN0ZXJlZEJ5Ijp7InVzZXJJZCI6IjExMTExMTExMTExMTExMTExMSIsInVzZXJMb2dpbiI6InN5c2FkbWluQHFhY29kZXJzLmNvbSJ9LCJyZWdpc3RyYXRpb25EYXRlIjoic2V4dGEtZmVpcmEsIDIwLzEwLzIwMjMsIDIwOjI0OjE0IEJSVCIsInJlZ2lzdHJhdGlvbk51bWJlciI6IjAxIiwiY29tcGFueUlkIjoiUWEuQ29kZXJzIiwiX2lkIjoiNjUzMzBjMWVmYjhmM2RhZDEzYTY4MDhjIn1dLCJfX3YiOjAsImlhdCI6MTcxNTQ2MDIzOCwiZXhwIjoxNzE1NTQ2NjM4fQ.YqpK4BwANPTkJfu5k9wcG4RvkJ9yTDQEVpicRnona_w"} 
 </msg>
<msg time="2024-05-11T17:43:38.320468" level="INFO">/usr/lib/python3.12/site-packages/urllib3/connectionpool.py:1061: InsecureRequestWarning: Unverified HTTPS request is being made to host 'the-originals.qacoders-academy.com.br'. Adding certificate verification is strongly advised. See: https://urllib3.readthedocs.io/en/1.26.x/advanced-usage.html#ssl-warnings
  warnings.warn(</msg>
<msg time="2024-05-11T17:43:38.320788" level="INFO">${response} = &lt;Response [200]&gt;</msg>
<var>${response}</var>
<arg>alias=APITheOriginals</arg>
<arg>url=/api/login</arg>
<arg>json=${body}</arg>
<doc>Sends a POST request on a previously created HTTP Session.</doc>
<status status="PASS" start="2024-05-11T17:43:37.422222" elapsed="0.898632"/>
</kw>
<kw name="Log" owner="BuiltIn">
<msg time="2024-05-11T17:43:38.322676" level="INFO">{'msg': 'Olá Qa-Coders-SYSADMIN, autenticação autorizada com sucesso!', 'user': {'_id': '65330c1efb8f3dad13a6808b', 'fullName': 'Qa-Coders-SYSADMIN', 'mail': 'sysadmin@qacoders.com', 'password': '$2b$10$3kC10vu/EjMoRQUmqQq/H.7crWYIIBcBDT2g4RU0BQ4mrRi4JExOu', 'accessProfile': 'SYSADMIN', 'cpf': '11111111111', 'status': True, 'audit': [{'registeredBy': {'userId': '111111111111111111', 'userLogin': 'sysadmin@qacoders.com'}, 'registrationDate': 'sexta-feira, 20/10/2023, 20:24:14 BRT', 'registrationNumber': '01', 'companyId': 'Qa.Coders', '_id': '65330c1efb8f3dad13a6808c'}], '__v': 0}, 'token': 'eyJhbGciOiJIUzI1NiIsInR5cCI6IkpXVCJ9.eyJfaWQiOiI2NTMzMGMxZWZiOGYzZGFkMTNhNjgwOGIiLCJmdWxsTmFtZSI6IlFhLUNvZGVycy1TWVNBRE1JTiIsIm1haWwiOiJzeXNhZG1pbkBxYWNvZGVycy5jb20iLCJwYXNzd29yZCI6IiQyYiQxMCQza0MxMHZ1L0VqTW9SUVVtcVFxL0guN2NyV1lJSUJjQkRUMmc0UlUwQlE0bXJSaTRKRXhPdSIsImFjY2Vzc1Byb2ZpbGUiOiJTWVNBRE1JTiIsImNwZiI6IjExMTExMTExMTExIiwic3RhdHVzIjp0cnVlLCJhdWRpdCI6W3sicmVnaXN0ZXJlZEJ5Ijp7InVzZXJJZCI6IjExMTExMTExMTExMTExMTExMSIsInVzZXJMb2dpbiI6InN5c2FkbWluQHFhY29kZXJzLmNvbSJ9LCJyZWdpc3RyYXRpb25EYXRlIjoic2V4dGEtZmVpcmEsIDIwLzEwLzIwMjMsIDIwOjI0OjE0IEJSVCIsInJlZ2lzdHJhdGlvbk51bWJlciI6IjAxIiwiY29tcGFueUlkIjoiUWEuQ29kZXJzIiwiX2lkIjoiNjUzMzBjMWVmYjhmM2RhZDEzYTY4MDhjIn1dLCJfX3YiOjAsImlhdCI6MTcxNTQ2MDIzOCwiZXhwIjoxNzE1NTQ2NjM4fQ.YqpK4BwANPTkJfu5k9wcG4RvkJ9yTDQEVpicRnona_w'}</msg>
<arg>${response.json()}</arg>
<doc>Logs the given message with the given level.</doc>
<status status="PASS" start="2024-05-11T17:43:38.321240" elapsed="0.001676"/>
</kw>
<kw name="Set Test Variable" owner="BuiltIn">
<msg time="2024-05-11T17:43:38.325983" level="INFO">${TOKEN} = eyJhbGciOiJIUzI1NiIsInR5cCI6IkpXVCJ9.eyJfaWQiOiI2NTMzMGMxZWZiOGYzZGFkMTNhNjgwOGIiLCJmdWxsTmFtZSI6IlFhLUNvZGVycy1TWVNBRE1JTiIsIm1haWwiOiJzeXNhZG1pbkBxYWNvZGVycy5jb20iLCJwYXNzd29yZCI6IiQyYiQxMCQza0MxMHZ...</msg>
<arg>${TOKEN}</arg>
<arg>${response.json()["token"]}</arg>
<doc>Makes a variable available everywhere within the scope of the current test.</doc>
<status status="PASS" start="2024-05-11T17:43:38.323239" elapsed="0.002872"/>
</kw>
<status status="PASS" start="2024-05-11T17:43:37.420878" elapsed="0.905411"/>
</kw>
<kw name="Criar um nome randomico departamento/board" owner="API">
<kw name="Generate Random String" owner="String">
<msg time="2024-05-11T17:43:38.327964" level="INFO">${nome_randomic} = uLJQHfWSKy</msg>
<var>${nome_randomic}</var>
<arg>10</arg>
<arg>chars=[LETTERS]</arg>
<doc>Generates a string with a desired ``length`` from the given ``chars``.</doc>
<status status="PASS" start="2024-05-11T17:43:38.327495" elapsed="0.000515"/>
</kw>
<kw name="Convert To Lower Case" owner="String">
<msg time="2024-05-11T17:43:38.328520" level="INFO">${nome_randomic} = uljqhfwsky</msg>
<var>${nome_randomic}</var>
<arg>${nome_randomic}</arg>
<doc>Converts string to lower case.</doc>
<status status="PASS" start="2024-05-11T17:43:38.328269" elapsed="0.000288"/>
</kw>
<kw name="Set Test Variable" owner="BuiltIn">
<msg time="2024-05-11T17:43:38.330071" level="INFO">${nomedepartamento} = uljqhfwskydepmen</msg>
<arg>${nomedepartamento}</arg>
<arg>${nome_randomic}depmen</arg>
<doc>Makes a variable available everywhere within the scope of the current test.</doc>
<status status="PASS" start="2024-05-11T17:43:38.328756" elapsed="0.001381"/>
</kw>
<kw name="Log" owner="BuiltIn">
<msg time="2024-05-11T17:43:38.330502" level="INFO">uljqhfwskydepmen</msg>
<arg>${nomedepartamento}</arg>
<doc>Logs the given message with the given level.</doc>
<status status="PASS" start="2024-05-11T17:43:38.330317" elapsed="0.000244"/>
</kw>
<kw name="Generate Random String" owner="String">
<msg time="2024-05-11T17:43:38.330932" level="INFO">${nome_randomic} = TlVMpElRf</msg>
<var>${nome_randomic}</var>
<arg>9</arg>
<arg>chars=[LETTERS]</arg>
<doc>Generates a string with a desired ``length`` from the given ``chars``.</doc>
<status status="PASS" start="2024-05-11T17:43:38.330704" elapsed="0.000254"/>
</kw>
<kw name="Convert To Lower Case" owner="String">
<msg time="2024-05-11T17:43:38.331215" level="INFO">${nome_randomic} = tlvmpelrf</msg>
<var>${nome_randomic}</var>
<arg>${nome_randomic}</arg>
<doc>Converts string to lower case.</doc>
<status status="PASS" start="2024-05-11T17:43:38.331076" elapsed="0.000163"/>
</kw>
<kw name="Set Test Variable" owner="BuiltIn">
<msg time="2024-05-11T17:43:38.332310" level="INFO">${nomedepart&amp;} = tlvmpelrf&amp;</msg>
<arg>${nomedepart&amp;}</arg>
<arg>${nome_randomic}&amp;</arg>
<doc>Makes a variable available everywhere within the scope of the current test.</doc>
<status status="PASS" start="2024-05-11T17:43:38.331352" elapsed="0.001010"/>
</kw>
<kw name="Log" owner="BuiltIn">
<msg time="2024-05-11T17:43:38.332733" level="INFO">tlvmpelrf&amp;</msg>
<arg>${nomedepart&amp;}</arg>
<doc>Logs the given message with the given level.</doc>
<status status="PASS" start="2024-05-11T17:43:38.332543" elapsed="0.000240"/>
</kw>
<kw name="Generate Random String" owner="String">
<msg time="2024-05-11T17:43:38.333232" level="INFO">${nome_randomic} = ppEetwtZ</msg>
<var>${nome_randomic}</var>
<arg>8</arg>
<arg>chars=[LETTERS]</arg>
<doc>Generates a string with a desired ``length`` from the given ``chars``.</doc>
<status status="PASS" start="2024-05-11T17:43:38.332947" elapsed="0.000315"/>
</kw>
<kw name="Convert To Upper Case" owner="String">
<msg time="2024-05-11T17:43:38.333560" level="INFO">${nome_randomic} = PPEETWTZ</msg>
<var>${nome_randomic}</var>
<arg>${nome_randomic}</arg>
<doc>Converts string to upper case.</doc>
<status status="PASS" start="2024-05-11T17:43:38.333394" elapsed="0.000192"/>
</kw>
<kw name="Set Test Variable" owner="BuiltIn">
<msg time="2024-05-11T17:43:38.334477" level="INFO">${NOMEDEPAT} = PPEETWTZDEP</msg>
<arg>${NOMEDEPAT}</arg>
<arg>${nome_randomic}DEP</arg>
<doc>Makes a variable available everywhere within the scope of the current test.</doc>
<status status="PASS" start="2024-05-11T17:43:38.333707" elapsed="0.000803"/>
</kw>
<kw name="Log" owner="BuiltIn">
<msg time="2024-05-11T17:43:38.334683" level="INFO">PPEETWTZDEP</msg>
<arg>${NOMEDEPAT}</arg>
<doc>Logs the given message with the given level.</doc>
<status status="PASS" start="2024-05-11T17:43:38.334596" elapsed="0.000115"/>
</kw>
<kw name="Generate Random String" owner="String">
<msg time="2024-05-11T17:43:38.334933" level="INFO">${nome_randomic} = zVWIjeQHQ</msg>
<var>${nome_randomic}</var>
<arg>9</arg>
<arg>chars=[LETTERS]</arg>
<doc>Generates a string with a desired ``length`` from the given ``chars``.</doc>
<status status="PASS" start="2024-05-11T17:43:38.334790" elapsed="0.000160"/>
</kw>
<kw name="Convert To Lower Case" owner="String">
<msg time="2024-05-11T17:43:38.335132" level="INFO">${nome_randomic} = zvwijeqhq</msg>
<var>${nome_randomic}</var>
<arg>${nome_randomic}</arg>
<doc>Converts string to lower case.</doc>
<status status="PASS" start="2024-05-11T17:43:38.335032" elapsed="0.000117"/>
</kw>
<kw name="Set Test Variable" owner="BuiltIn">
<msg time="2024-05-11T17:43:38.335820" level="INFO">${nomedepartminus} = zvwijeqhqdepar&amp;</msg>
<arg>${nomedepartminus}</arg>
<arg>${nome_randomic}depar&amp;</arg>
<doc>Makes a variable available everywhere within the scope of the current test.</doc>
<status status="PASS" start="2024-05-11T17:43:38.335229" elapsed="0.000623"/>
</kw>
<kw name="Log" owner="BuiltIn">
<msg time="2024-05-11T17:43:38.336016" level="INFO">zvwijeqhqdepar&amp;</msg>
<arg>${nomedepartminus}</arg>
<doc>Logs the given message with the given level.</doc>
<status status="PASS" start="2024-05-11T17:43:38.335933" elapsed="0.000111"/>
</kw>
<kw name="Generate Random String" owner="String">
<msg time="2024-05-11T17:43:38.336268" level="INFO">${nome_randomic} = YpNnpAvGGNPaUVhWCyHBBHrsMpNqeDfrwhOQWVyZnHsTpOCbuZ</msg>
<var>${nome_randomic}</var>
<arg>50</arg>
<arg>chars=[LETTERS]</arg>
<doc>Generates a string with a desired ``length`` from the given ``chars``.</doc>
<status status="PASS" start="2024-05-11T17:43:38.336119" elapsed="0.000166"/>
</kw>
<kw name="Convert To Lower Case" owner="String">
<msg time="2024-05-11T17:43:38.336467" level="INFO">${nome_randomic} = ypnnpavggnpauvhwcyhbbhrsmpnqedfrwhoqwvyznhstpocbuz</msg>
<var>${nome_randomic}</var>
<arg>${nome_randomic}</arg>
<doc>Converts string to lower case.</doc>
<status status="PASS" start="2024-05-11T17:43:38.336359" elapsed="0.000132"/>
</kw>
<kw name="Set Test Variable" owner="BuiltIn">
<msg time="2024-05-11T17:43:38.337239" level="INFO">${nomecom50} = ypnnpavggnpauvhwcyhbbhrsmpnqedfrwhoqwvyznhstpocbuz</msg>
<arg>${nomecom50}</arg>
<arg>${nome_randomic}</arg>
<doc>Makes a variable available everywhere within the scope of the current test.</doc>
<status status="PASS" start="2024-05-11T17:43:38.336660" elapsed="0.000619"/>
</kw>
<kw name="Log" owner="BuiltIn">
<msg time="2024-05-11T17:43:38.337449" level="INFO">ypnnpavggnpauvhwcyhbbhrsmpnqedfrwhoqwvyznhstpocbuz</msg>
<arg>${nomecom50}</arg>
<doc>Logs the given message with the given level.</doc>
<status status="PASS" start="2024-05-11T17:43:38.337364" elapsed="0.000113"/>
</kw>
<kw name="Generate Random String" owner="String">
<msg time="2024-05-11T17:43:38.337697" level="INFO">${nome_randomic} = TJnrevN</msg>
<var>${nome_randomic}</var>
<arg>7</arg>
<arg>chars=[LETTERS]</arg>
<doc>Generates a string with a desired ``length`` from the given ``chars``.</doc>
<status status="PASS" start="2024-05-11T17:43:38.337550" elapsed="0.000164"/>
</kw>
<kw name="Convert To Lower Case" owner="String">
<msg time="2024-05-11T17:43:38.337884" level="INFO">${nome_randomic} = tjnrevn</msg>
<var>${nome_randomic}</var>
<arg>${nome_randomic}</arg>
<doc>Converts string to lower case.</doc>
<status status="PASS" start="2024-05-11T17:43:38.337796" elapsed="0.000103"/>
</kw>
<kw name="Set Test Variable" owner="BuiltIn">
<msg time="2024-05-11T17:43:38.338543" level="INFO">${nameboard} = tjnrevn</msg>
<arg>${nameboard}</arg>
<arg>${nome_randomic}</arg>
<doc>Makes a variable available everywhere within the scope of the current test.</doc>
<status status="PASS" start="2024-05-11T17:43:38.337971" elapsed="0.000602"/>
</kw>
<kw name="Log" owner="BuiltIn">
<msg time="2024-05-11T17:43:38.338745" level="INFO">tjnrevn</msg>
<arg>${nameboard}</arg>
<doc>Logs the given message with the given level.</doc>
<status status="PASS" start="2024-05-11T17:43:38.338650" elapsed="0.000122"/>
</kw>
<status status="PASS" start="2024-05-11T17:43:38.326894" elapsed="0.011928"/>
</kw>
<kw name="Incluir department" owner="API">
<kw name="Create Dictionary" owner="BuiltIn">
<msg time="2024-05-11T17:43:38.339372" level="INFO">${headers} = {'Authorization': 'eyJhbGciOiJIUzI1NiIsInR5cCI6IkpXVCJ9.eyJfaWQiOiI2NTMzMGMxZWZiOGYzZGFkMTNhNjgwOGIiLCJmdWxsTmFtZSI6IlFhLUNvZGVycy1TWVNBRE1JTiIsIm1haWwiOiJzeXNhZG1pbkBxYWNvZGVycy5jb20iLCJwYXNzd29yZCI6...</msg>
<var>${headers}</var>
<arg>Authorization=${token}</arg>
<doc>Creates and returns a dictionary based on the given ``items``.</doc>
<status status="PASS" start="2024-05-11T17:43:38.339218" elapsed="0.000170"/>
</kw>
<kw name="Create Dictionary" owner="BuiltIn">
<msg time="2024-05-11T17:43:38.339585" level="INFO">${body} = {'departmentName': 'uljqhfwskydepmen', 'costCenterId': '65855af6a2d3ae70485da0b7'}</msg>
<var>${body}</var>
<arg>departmentName=${nomedepartamento}</arg>
<arg>costCenterId=65855af6a2d3ae70485da0b7</arg>
<doc>Creates and returns a dictionary based on the given ``items``.</doc>
<status status="PASS" start="2024-05-11T17:43:38.339462" elapsed="0.000141"/>
</kw>
<kw name="Log" owner="BuiltIn">
<msg time="2024-05-11T17:43:38.339758" level="INFO">{'departmentName': 'uljqhfwskydepmen', 'costCenterId': '65855af6a2d3ae70485da0b7'}</msg>
<arg>${body}</arg>
<doc>Logs the given message with the given level.</doc>
<status status="PASS" start="2024-05-11T17:43:38.339676" elapsed="0.000111"/>
</kw>
<kw name="Create API Session" owner="API">
<kw name="Create Dictionary" owner="BuiltIn">
<msg time="2024-05-11T17:43:38.340184" level="INFO">${headers} = {'accept': 'application/json', 'Content-Type': 'application/json'}</msg>
<var>${headers}</var>
<arg>accept=application/json</arg>
<arg>Content-Type=application/json</arg>
<doc>Creates and returns a dictionary based on the given ``items``.</doc>
<status status="PASS" start="2024-05-11T17:43:38.340071" elapsed="0.000137"/>
</kw>
<kw name="Create Session" owner="RequestsLibrary">
<msg time="2024-05-11T17:43:38.340440" level="INFO">Creating Session using : alias=APITheOriginals, url=https://the-originals.qacoders-academy.com.br, headers={'accept': 'application/json', 'Content-Type': 'application/json'},                     cookies={}, auth=None, timeout=None, proxies=None, verify=False,                     debug=0 </msg>
<arg>alias=APITheOriginals</arg>
<arg>url=https://the-originals.qacoders-academy.com.br</arg>
<arg>headers=${headers}</arg>
<doc>Create Session: create a HTTP session to a server</doc>
<status status="PASS" start="2024-05-11T17:43:38.340312" elapsed="0.000283"/>
</kw>
<status status="PASS" start="2024-05-11T17:43:38.339885" elapsed="0.000781"/>
</kw>
<kw name="POST On Session" owner="RequestsLibrary">
<msg time="2024-05-11T17:43:38.438296" level="INFO">POST Request : url=https://the-originals.qacoders-academy.com.br/api/department/ 
 path_url=/api/department/ 
 headers={'User-Agent': 'python-requests/2.31.0', 'Accept-Encoding': 'gzip, deflate, br', 'accept': 'application/json', 'Connection': 'keep-alive', 'Content-Type': 'application/json', 'Authorization': 'eyJhbGciOiJIUzI1NiIsInR5cCI6IkpXVCJ9.eyJfaWQiOiI2NTMzMGMxZWZiOGYzZGFkMTNhNjgwOGIiLCJmdWxsTmFtZSI6IlFhLUNvZGVycy1TWVNBRE1JTiIsIm1haWwiOiJzeXNhZG1pbkBxYWNvZGVycy5jb20iLCJwYXNzd29yZCI6IiQyYiQxMCQza0MxMHZ1L0VqTW9SUVVtcVFxL0guN2NyV1lJSUJjQkRUMmc0UlUwQlE0bXJSaTRKRXhPdSIsImFjY2Vzc1Byb2ZpbGUiOiJTWVNBRE1JTiIsImNwZiI6IjExMTExMTExMTExIiwic3RhdHVzIjp0cnVlLCJhdWRpdCI6W3sicmVnaXN0ZXJlZEJ5Ijp7InVzZXJJZCI6IjExMTExMTExMTExMTExMTExMSIsInVzZXJMb2dpbiI6InN5c2FkbWluQHFhY29kZXJzLmNvbSJ9LCJyZWdpc3RyYXRpb25EYXRlIjoic2V4dGEtZmVpcmEsIDIwLzEwLzIwMjMsIDIwOjI0OjE0IEJSVCIsInJlZ2lzdHJhdGlvbk51bWJlciI6IjAxIiwiY29tcGFueUlkIjoiUWEuQ29kZXJzIiwiX2lkIjoiNjUzMzBjMWVmYjhmM2RhZDEzYTY4MDhjIn1dLCJfX3YiOjAsImlhdCI6MTcxNTQ2MDIzOCwiZXhwIjoxNzE1NTQ2NjM4fQ.YqpK4BwANPTkJfu5k9wcG4RvkJ9yTDQEVpicRnona_w', 'Content-Length': '82'} 
 body=b'{"departmentName": "uljqhfwskydepmen", "costCenterId": "65855af6a2d3ae70485da0b7"}' 
 </msg>
<msg time="2024-05-11T17:43:38.438394" level="INFO">POST Response : url=https://the-originals.qacoders-academy.com.br/api/department/ 
 status=201, reason=Created 
 headers={'Server': 'nginx/1.18.0 (Ubuntu)', 'Date': 'Sat, 11 May 2024 20:43:58 GMT', 'Content-Type': 'application/json; charset=utf-8', 'Content-Length': '379', 'Connection': 'keep-alive', 'X-Powered-By': 'Express', 'Access-Control-Allow-Origin': '*', 'Access-Control-Allow-Methods': 'GET, POST, OPTIONS, PUT, PATCH, DELETE', 'Access-Control-Allow-Headers': 'Origin, X-Requested-With, Content-Type, Accept, Authorization', 'ETag': 'W/"17b-f86ZNnDhWFdFaNIoqEToDLzUCpU"'} 
 body={"msg":"Cadastro realizado com sucesso.","newDepartment":{"departmentName":"uljqhfwskydepmen","costCenter":"65855af6a2d3ae70485da0b7","status":true,"audit":[{"registrationDate":"sábado, 11/05/2024, 17:43:58 BRT","registeredBy":{"userId":"65330c1efb8f3dad13a6808b","userLogin":"sysadmin@qacoders.com"},"_id":"663fd88e4ebd54fc6f323200"}],"_id":"663fd88e4ebd54fc6f3231ff","__v":0}} 
 </msg>
<msg time="2024-05-11T17:43:38.438451" level="INFO">/usr/lib/python3.12/site-packages/urllib3/connectionpool.py:1061: InsecureRequestWarning: Unverified HTTPS request is being made to host 'the-originals.qacoders-academy.com.br'. Adding certificate verification is strongly advised. See: https://urllib3.readthedocs.io/en/1.26.x/advanced-usage.html#ssl-warnings
  warnings.warn(</msg>
<msg time="2024-05-11T17:43:38.438550" level="INFO">${response} = &lt;Response [201]&gt;</msg>
<var>${response}</var>
<arg>alias=APITheOriginals</arg>
<arg>url=/api/department/</arg>
<arg>json=${body}</arg>
<arg>headers=${headers}</arg>
<arg>expected_status=201</arg>
<doc>Sends a POST request on a previously created HTTP Session.</doc>
<status status="PASS" start="2024-05-11T17:43:38.340767" elapsed="0.097801"/>
</kw>
<kw name="Log" owner="BuiltIn">
<msg time="2024-05-11T17:43:38.439259" level="INFO">{'msg': 'Cadastro realizado com sucesso.', 'newDepartment': {'departmentName': 'uljqhfwskydepmen', 'costCenter': '65855af6a2d3ae70485da0b7', 'status': True, 'audit': [{'registrationDate': 'sábado, 11/05/2024, 17:43:58 BRT', 'registeredBy': {'userId': '65330c1efb8f3dad13a6808b', 'userLogin': 'sysadmin@qacoders.com'}, '_id': '663fd88e4ebd54fc6f323200'}], '_id': '663fd88e4ebd54fc6f3231ff', '__v': 0}}</msg>
<arg>${response.json()}</arg>
<doc>Logs the given message with the given level.</doc>
<status status="PASS" start="2024-05-11T17:43:38.438755" elapsed="0.000593"/>
</kw>
<kw name="Set Test Variable" owner="BuiltIn">
<msg time="2024-05-11T17:43:38.440316" level="INFO">${ID_DEPARTAMENTO} = 663fd88e4ebd54fc6f3231ff</msg>
<arg>${ID_DEPARTAMENTO}</arg>
<arg>${response.json()['newDepartment']['_id']}</arg>
<doc>Makes a variable available everywhere within the scope of the current test.</doc>
<status status="PASS" start="2024-05-11T17:43:38.439470" elapsed="0.000878"/>
</kw>
<kw name="Set Test Variable" owner="BuiltIn">
<msg time="2024-05-11T17:43:38.440804" level="INFO">${ID_DEPARTAMENTO} = {'msg': 'Cadastro realizado com sucesso.', 'newDepartment': {'departmentName': 'uljqhfwskydepmen', 'costCenter': '65855af6a2d3ae70485da0b7', 'status': True, 'audit': [{'registrationDate': 'sábado, 11/...</msg>
<arg>${ID_DEPARTAMENTO}</arg>
<arg>${response.json()}</arg>
<doc>Makes a variable available everywhere within the scope of the current test.</doc>
<status status="PASS" start="2024-05-11T17:43:38.440438" elapsed="0.000395"/>
</kw>
<status status="PASS" start="2024-05-11T17:43:38.338997" elapsed="0.101884"/>
</kw>
<status status="PASS" start="2024-05-11T17:43:37.418810" elapsed="1.022182"/>
</test>
<test id="s1-t2" name="CT02 - departamento com letras maiusculas" line="12">
<kw name="Create API Session" owner="API">
<kw name="Create Dictionary" owner="BuiltIn">
<msg time="2024-05-11T17:43:38.441709" level="INFO">${headers} = {'accept': 'application/json', 'Content-Type': 'application/json'}</msg>
<var>${headers}</var>
<arg>accept=application/json</arg>
<arg>Content-Type=application/json</arg>
<doc>Creates and returns a dictionary based on the given ``items``.</doc>
<status status="PASS" start="2024-05-11T17:43:38.441581" elapsed="0.000146"/>
</kw>
<kw name="Create Session" owner="RequestsLibrary">
<msg time="2024-05-11T17:43:38.441937" level="INFO">Creating Session using : alias=APITheOriginals, url=https://the-originals.qacoders-academy.com.br, headers={'accept': 'application/json', 'Content-Type': 'application/json'},                     cookies={}, auth=None, timeout=None, proxies=None, verify=False,                     debug=0 </msg>
<arg>alias=APITheOriginals</arg>
<arg>url=https://the-originals.qacoders-academy.com.br</arg>
<arg>headers=${headers}</arg>
<doc>Create Session: create a HTTP session to a server</doc>
<status status="PASS" start="2024-05-11T17:43:38.441809" elapsed="0.000246"/>
</kw>
<status status="PASS" start="2024-05-11T17:43:38.441424" elapsed="0.000691"/>
</kw>
<kw name="Login de acesso" owner="API">
<kw name="Create Dictionary" owner="BuiltIn">
<msg time="2024-05-11T17:43:38.442617" level="INFO">${body} = {'mail': 'sysadmin@qacoders.com', 'password': '1234@Test'}</msg>
<var>${body}</var>
<arg>mail=${mail}</arg>
<arg>password=${password}</arg>
<doc>Creates and returns a dictionary based on the given ``items``.</doc>
<status status="PASS" start="2024-05-11T17:43:38.442468" elapsed="0.000164"/>
</kw>
<kw name="Log" owner="BuiltIn">
<msg time="2024-05-11T17:43:38.442766" level="INFO">{'mail': 'sysadmin@qacoders.com', 'password': '1234@Test'}</msg>
<arg>${body}</arg>
<doc>Logs the given message with the given level.</doc>
<status status="PASS" start="2024-05-11T17:43:38.442698" elapsed="0.000093"/>
</kw>
<kw name="Create API Session" owner="API">
<kw name="Create Dictionary" owner="BuiltIn">
<msg time="2024-05-11T17:43:38.443108" level="INFO">${headers} = {'accept': 'application/json', 'Content-Type': 'application/json'}</msg>
<var>${headers}</var>
<arg>accept=application/json</arg>
<arg>Content-Type=application/json</arg>
<doc>Creates and returns a dictionary based on the given ``items``.</doc>
<status status="PASS" start="2024-05-11T17:43:38.442987" elapsed="0.000137"/>
</kw>
<kw name="Create Session" owner="RequestsLibrary">
<msg time="2024-05-11T17:43:38.443307" level="INFO">Creating Session using : alias=APITheOriginals, url=https://the-originals.qacoders-academy.com.br, headers={'accept': 'application/json', 'Content-Type': 'application/json'},                     cookies={}, auth=None, timeout=None, proxies=None, verify=False,                     debug=0 </msg>
<arg>alias=APITheOriginals</arg>
<arg>url=https://the-originals.qacoders-academy.com.br</arg>
<arg>headers=${headers}</arg>
<doc>Create Session: create a HTTP session to a server</doc>
<status status="PASS" start="2024-05-11T17:43:38.443194" elapsed="0.000200"/>
</kw>
<status status="PASS" start="2024-05-11T17:43:38.442870" elapsed="0.000572"/>
</kw>
<kw name="POST On Session" owner="RequestsLibrary">
<msg time="2024-05-11T17:43:38.752299" level="INFO">POST Request : url=https://the-originals.qacoders-academy.com.br/api/login 
 path_url=/api/login 
 headers={'User-Agent': 'python-requests/2.31.0', 'Accept-Encoding': 'gzip, deflate, br', 'accept': 'application/json', 'Connection': 'keep-alive', 'Content-Type': 'application/json', 'Content-Length': '58'} 
 body=b'{"mail": "sysadmin@qacoders.com", "password": "1234@Test"}' 
 </msg>
<msg time="2024-05-11T17:43:38.752657" level="INFO">POST Response : url=https://the-originals.qacoders-academy.com.br/api/login 
 status=200, reason=OK 
 headers={'Server': 'nginx/1.18.0 (Ubuntu)', 'Date': 'Sat, 11 May 2024 20:43:58 GMT', 'Content-Type': 'application/json; charset=utf-8', 'Transfer-Encoding': 'chunked', 'Connection': 'keep-alive', 'X-Powered-By': 'Express', 'Access-Control-Allow-Origin': '*', 'Access-Control-Allow-Methods': 'GET, POST, OPTIONS, PUT, PATCH, DELETE', 'Access-Control-Allow-Headers': 'Origin, X-Requested-With, Content-Type, Accept, Authorization', 'ETag': 'W/"534-gPcS9cCSLnODygJwe8XG5gZMHew"', 'Content-Encoding': 'gzip'} 
 body={"msg":"Olá Qa-Coders-SYSADMIN, autenticação autorizada com sucesso!","user":{"_id":"65330c1efb8f3dad13a6808b","fullName":"Qa-Coders-SYSADMIN","mail":"sysadmin@qacoders.com","password":"$2b$10$3kC10vu/EjMoRQUmqQq/H.7crWYIIBcBDT2g4RU0BQ4mrRi4JExOu","accessProfile":"SYSADMIN","cpf":"11111111111","status":true,"audit":[{"registeredBy":{"userId":"111111111111111111","userLogin":"sysadmin@qacoders.com"},"registrationDate":"sexta-feira, 20/10/2023, 20:24:14 BRT","registrationNumber":"01","companyId":"Qa.Coders","_id":"65330c1efb8f3dad13a6808c"}],"__v":0},"token":"eyJhbGciOiJIUzI1NiIsInR5cCI6IkpXVCJ9.eyJfaWQiOiI2NTMzMGMxZWZiOGYzZGFkMTNhNjgwOGIiLCJmdWxsTmFtZSI6IlFhLUNvZGVycy1TWVNBRE1JTiIsIm1haWwiOiJzeXNhZG1pbkBxYWNvZGVycy5jb20iLCJwYXNzd29yZCI6IiQyYiQxMCQza0MxMHZ1L0VqTW9SUVVtcVFxL0guN2NyV1lJSUJjQkRUMmc0UlUwQlE0bXJSaTRKRXhPdSIsImFjY2Vzc1Byb2ZpbGUiOiJTWVNBRE1JTiIsImNwZiI6IjExMTExMTExMTExIiwic3RhdHVzIjp0cnVlLCJhdWRpdCI6W3sicmVnaXN0ZXJlZEJ5Ijp7InVzZXJJZCI6IjExMTExMTExMTExMTExMTExMSIsInVzZXJMb2dpbiI6InN5c2FkbWluQHFhY29kZXJzLmNvbSJ9LCJyZWdpc3RyYXRpb25EYXRlIjoic2V4dGEtZmVpcmEsIDIwLzEwLzIwMjMsIDIwOjI0OjE0IEJSVCIsInJlZ2lzdHJhdGlvbk51bWJlciI6IjAxIiwiY29tcGFueUlkIjoiUWEuQ29kZXJzIiwiX2lkIjoiNjUzMzBjMWVmYjhmM2RhZDEzYTY4MDhjIn1dLCJfX3YiOjAsImlhdCI6MTcxNTQ2MDIzOCwiZXhwIjoxNzE1NTQ2NjM4fQ.YqpK4BwANPTkJfu5k9wcG4RvkJ9yTDQEVpicRnona_w"} 
 </msg>
<msg time="2024-05-11T17:43:38.752843" level="INFO">/usr/lib/python3.12/site-packages/urllib3/connectionpool.py:1061: InsecureRequestWarning: Unverified HTTPS request is being made to host 'the-originals.qacoders-academy.com.br'. Adding certificate verification is strongly advised. See: https://urllib3.readthedocs.io/en/1.26.x/advanced-usage.html#ssl-warnings
  warnings.warn(</msg>
<msg time="2024-05-11T17:43:38.753201" level="INFO">${response} = &lt;Response [200]&gt;</msg>
<var>${response}</var>
<arg>alias=APITheOriginals</arg>
<arg>url=/api/login</arg>
<arg>json=${body}</arg>
<doc>Sends a POST request on a previously created HTTP Session.</doc>
<status status="PASS" start="2024-05-11T17:43:38.443512" elapsed="0.309752"/>
</kw>
<kw name="Log" owner="BuiltIn">
<msg time="2024-05-11T17:43:38.757280" level="INFO">{'msg': 'Olá Qa-Coders-SYSADMIN, autenticação autorizada com sucesso!', 'user': {'_id': '65330c1efb8f3dad13a6808b', 'fullName': 'Qa-Coders-SYSADMIN', 'mail': 'sysadmin@qacoders.com', 'password': '$2b$10$3kC10vu/EjMoRQUmqQq/H.7crWYIIBcBDT2g4RU0BQ4mrRi4JExOu', 'accessProfile': 'SYSADMIN', 'cpf': '11111111111', 'status': True, 'audit': [{'registeredBy': {'userId': '111111111111111111', 'userLogin': 'sysadmin@qacoders.com'}, 'registrationDate': 'sexta-feira, 20/10/2023, 20:24:14 BRT', 'registrationNumber': '01', 'companyId': 'Qa.Coders', '_id': '65330c1efb8f3dad13a6808c'}], '__v': 0}, 'token': 'eyJhbGciOiJIUzI1NiIsInR5cCI6IkpXVCJ9.eyJfaWQiOiI2NTMzMGMxZWZiOGYzZGFkMTNhNjgwOGIiLCJmdWxsTmFtZSI6IlFhLUNvZGVycy1TWVNBRE1JTiIsIm1haWwiOiJzeXNhZG1pbkBxYWNvZGVycy5jb20iLCJwYXNzd29yZCI6IiQyYiQxMCQza0MxMHZ1L0VqTW9SUVVtcVFxL0guN2NyV1lJSUJjQkRUMmc0UlUwQlE0bXJSaTRKRXhPdSIsImFjY2Vzc1Byb2ZpbGUiOiJTWVNBRE1JTiIsImNwZiI6IjExMTExMTExMTExIiwic3RhdHVzIjp0cnVlLCJhdWRpdCI6W3sicmVnaXN0ZXJlZEJ5Ijp7InVzZXJJZCI6IjExMTExMTExMTExMTExMTExMSIsInVzZXJMb2dpbiI6InN5c2FkbWluQHFhY29kZXJzLmNvbSJ9LCJyZWdpc3RyYXRpb25EYXRlIjoic2V4dGEtZmVpcmEsIDIwLzEwLzIwMjMsIDIwOjI0OjE0IEJSVCIsInJlZ2lzdHJhdGlvbk51bWJlciI6IjAxIiwiY29tcGFueUlkIjoiUWEuQ29kZXJzIiwiX2lkIjoiNjUzMzBjMWVmYjhmM2RhZDEzYTY4MDhjIn1dLCJfX3YiOjAsImlhdCI6MTcxNTQ2MDIzOCwiZXhwIjoxNzE1NTQ2NjM4fQ.YqpK4BwANPTkJfu5k9wcG4RvkJ9yTDQEVpicRnona_w'}</msg>
<arg>${response.json()}</arg>
<doc>Logs the given message with the given level.</doc>
<status status="PASS" start="2024-05-11T17:43:38.754674" elapsed="0.002816"/>
</kw>
<kw name="Set Test Variable" owner="BuiltIn">
<msg time="2024-05-11T17:43:38.761541" level="INFO">${TOKEN} = eyJhbGciOiJIUzI1NiIsInR5cCI6IkpXVCJ9.eyJfaWQiOiI2NTMzMGMxZWZiOGYzZGFkMTNhNjgwOGIiLCJmdWxsTmFtZSI6IlFhLUNvZGVycy1TWVNBRE1JTiIsIm1haWwiOiJzeXNhZG1pbkBxYWNvZGVycy5jb20iLCJwYXNzd29yZCI6IiQyYiQxMCQza0MxMHZ...</msg>
<arg>${TOKEN}</arg>
<arg>${response.json()["token"]}</arg>
<doc>Makes a variable available everywhere within the scope of the current test.</doc>
<status status="PASS" start="2024-05-11T17:43:38.758399" elapsed="0.003305"/>
</kw>
<status status="PASS" start="2024-05-11T17:43:38.442262" elapsed="0.319603"/>
</kw>
<kw name="Criar um nome randomico departamento/board" owner="API">
<kw name="Generate Random String" owner="String">
<msg time="2024-05-11T17:43:38.763192" level="INFO">${nome_randomic} = yYpNfYvqWp</msg>
<var>${nome_randomic}</var>
<arg>10</arg>
<arg>chars=[LETTERS]</arg>
<doc>Generates a string with a desired ``length`` from the given ``chars``.</doc>
<status status="PASS" start="2024-05-11T17:43:38.762879" elapsed="0.000350"/>
</kw>
<kw name="Convert To Lower Case" owner="String">
<msg time="2024-05-11T17:43:38.763575" level="INFO">${nome_randomic} = yypnfyvqwp</msg>
<var>${nome_randomic}</var>
<arg>${nome_randomic}</arg>
<doc>Converts string to lower case.</doc>
<status status="PASS" start="2024-05-11T17:43:38.763393" elapsed="0.000212"/>
</kw>
<kw name="Set Test Variable" owner="BuiltIn">
<msg time="2024-05-11T17:43:38.764874" level="INFO">${nomedepartamento} = yypnfyvqwpdepmen</msg>
<arg>${nomedepartamento}</arg>
<arg>${nome_randomic}depmen</arg>
<doc>Makes a variable available everywhere within the scope of the current test.</doc>
<status status="PASS" start="2024-05-11T17:43:38.763750" elapsed="0.001189"/>
</kw>
<kw name="Log" owner="BuiltIn">
<msg time="2024-05-11T17:43:38.765280" level="INFO">yypnfyvqwpdepmen</msg>
<arg>${nomedepartamento}</arg>
<doc>Logs the given message with the given level.</doc>
<status status="PASS" start="2024-05-11T17:43:38.765119" elapsed="0.000197"/>
</kw>
<kw name="Generate Random String" owner="String">
<msg time="2024-05-11T17:43:38.765614" level="INFO">${nome_randomic} = WnBAGyQOS</msg>
<var>${nome_randomic}</var>
<arg>9</arg>
<arg>chars=[LETTERS]</arg>
<doc>Generates a string with a desired ``length`` from the given ``chars``.</doc>
<status status="PASS" start="2024-05-11T17:43:38.765433" elapsed="0.000202"/>
</kw>
<kw name="Convert To Lower Case" owner="String">
<msg time="2024-05-11T17:43:38.765851" level="INFO">${nome_randomic} = wnbagyqos</msg>
<var>${nome_randomic}</var>
<arg>${nome_randomic}</arg>
<doc>Converts string to lower case.</doc>
<status status="PASS" start="2024-05-11T17:43:38.765732" elapsed="0.000139"/>
</kw>
<kw name="Set Test Variable" owner="BuiltIn">
<msg time="2024-05-11T17:43:38.766702" level="INFO">${nomedepart&amp;} = wnbagyqos&amp;</msg>
<arg>${nomedepart&amp;}</arg>
<arg>${nome_randomic}&amp;</arg>
<doc>Makes a variable available everywhere within the scope of the current test.</doc>
<status status="PASS" start="2024-05-11T17:43:38.765963" elapsed="0.000776"/>
</kw>
<kw name="Log" owner="BuiltIn">
<msg time="2024-05-11T17:43:38.766942" level="INFO">wnbagyqos&amp;</msg>
<arg>${nomedepart&amp;}</arg>
<doc>Logs the given message with the given level.</doc>
<status status="PASS" start="2024-05-11T17:43:38.766841" elapsed="0.000136"/>
</kw>
<kw name="Generate Random String" owner="String">
<msg time="2024-05-11T17:43:38.767237" level="INFO">${nome_randomic} = EJQxQWtX</msg>
<var>${nome_randomic}</var>
<arg>8</arg>
<arg>chars=[LETTERS]</arg>
<doc>Generates a string with a desired ``length`` from the given ``chars``.</doc>
<status status="PASS" start="2024-05-11T17:43:38.767069" elapsed="0.000193"/>
</kw>
<kw name="Convert To Upper Case" owner="String">
<msg time="2024-05-11T17:43:38.767708" level="INFO">${nome_randomic} = EJQXQWTX</msg>
<var>${nome_randomic}</var>
<arg>${nome_randomic}</arg>
<doc>Converts string to upper case.</doc>
<status status="PASS" start="2024-05-11T17:43:38.767385" elapsed="0.000353"/>
</kw>
<kw name="Set Test Variable" owner="BuiltIn">
<msg time="2024-05-11T17:43:38.768588" level="INFO">${NOMEDEPAT} = EJQXQWTXDEP</msg>
<arg>${NOMEDEPAT}</arg>
<arg>${nome_randomic}DEP</arg>
<doc>Makes a variable available everywhere within the scope of the current test.</doc>
<status status="PASS" start="2024-05-11T17:43:38.767855" elapsed="0.000764"/>
</kw>
<kw name="Log" owner="BuiltIn">
<msg time="2024-05-11T17:43:38.768839" level="INFO">EJQXQWTXDEP</msg>
<arg>${NOMEDEPAT}</arg>
<doc>Logs the given message with the given level.</doc>
<status status="PASS" start="2024-05-11T17:43:38.768720" elapsed="0.000152"/>
</kw>
<kw name="Generate Random String" owner="String">
<msg time="2024-05-11T17:43:38.769101" level="INFO">${nome_randomic} = lYwmDMVZW</msg>
<var>${nome_randomic}</var>
<arg>9</arg>
<arg>chars=[LETTERS]</arg>
<doc>Generates a string with a desired ``length`` from the given ``chars``.</doc>
<status status="PASS" start="2024-05-11T17:43:38.768959" elapsed="0.000158"/>
</kw>
<kw name="Convert To Lower Case" owner="String">
<msg time="2024-05-11T17:43:38.769280" level="INFO">${nome_randomic} = lywmdmvzw</msg>
<var>${nome_randomic}</var>
<arg>${nome_randomic}</arg>
<doc>Converts string to lower case.</doc>
<status status="PASS" start="2024-05-11T17:43:38.769191" elapsed="0.000105"/>
</kw>
<kw name="Set Test Variable" owner="BuiltIn">
<msg time="2024-05-11T17:43:38.769943" level="INFO">${nomedepartminus} = lywmdmvzwdepar&amp;</msg>
<arg>${nomedepartminus}</arg>
<arg>${nome_randomic}depar&amp;</arg>
<doc>Makes a variable available everywhere within the scope of the current test.</doc>
<status status="PASS" start="2024-05-11T17:43:38.769366" elapsed="0.000613"/>
</kw>
<kw name="Log" owner="BuiltIn">
<msg time="2024-05-11T17:43:38.770148" level="INFO">lywmdmvzwdepar&amp;</msg>
<arg>${nomedepartminus}</arg>
<doc>Logs the given message with the given level.</doc>
<status status="PASS" start="2024-05-11T17:43:38.770064" elapsed="0.000112"/>
</kw>
<kw name="Generate Random String" owner="String">
<msg time="2024-05-11T17:43:38.770394" level="INFO">${nome_randomic} = YPByKhLzrUoRWGKyVnFqhvKvYLwulVFUMmmRdGDlJlGPbvOQKm</msg>
<var>${nome_randomic}</var>
<arg>50</arg>
<arg>chars=[LETTERS]</arg>
<doc>Generates a string with a desired ``length`` from the given ``chars``.</doc>
<status status="PASS" start="2024-05-11T17:43:38.770249" elapsed="0.000161"/>
</kw>
<kw name="Convert To Lower Case" owner="String">
<msg time="2024-05-11T17:43:38.770665" level="INFO">${nome_randomic} = ypbykhlzruorwgkyvnfqhvkvylwulvfummmrdgdljlgpbvoqkm</msg>
<var>${nome_randomic}</var>
<arg>${nome_randomic}</arg>
<doc>Converts string to lower case.</doc>
<status status="PASS" start="2024-05-11T17:43:38.770479" elapsed="0.000207"/>
</kw>
<kw name="Set Test Variable" owner="BuiltIn">
<msg time="2024-05-11T17:43:38.771317" level="INFO">${nomecom50} = ypbykhlzruorwgkyvnfqhvkvylwulvfummmrdgdljlgpbvoqkm</msg>
<arg>${nomecom50}</arg>
<arg>${nome_randomic}</arg>
<doc>Makes a variable available everywhere within the scope of the current test.</doc>
<status status="PASS" start="2024-05-11T17:43:38.770764" elapsed="0.000583"/>
</kw>
<kw name="Log" owner="BuiltIn">
<msg time="2024-05-11T17:43:38.771506" level="INFO">ypbykhlzruorwgkyvnfqhvkvylwulvfummmrdgdljlgpbvoqkm</msg>
<arg>${nomecom50}</arg>
<doc>Logs the given message with the given level.</doc>
<status status="PASS" start="2024-05-11T17:43:38.771426" elapsed="0.000110"/>
</kw>
<kw name="Generate Random String" owner="String">
<msg time="2024-05-11T17:43:38.771743" level="INFO">${nome_randomic} = fDGAdKz</msg>
<var>${nome_randomic}</var>
<arg>7</arg>
<arg>chars=[LETTERS]</arg>
<doc>Generates a string with a desired ``length`` from the given ``chars``.</doc>
<status status="PASS" start="2024-05-11T17:43:38.771608" elapsed="0.000150"/>
</kw>
<kw name="Convert To Lower Case" owner="String">
<msg time="2024-05-11T17:43:38.771916" level="INFO">${nome_randomic} = fdgadkz</msg>
<var>${nome_randomic}</var>
<arg>${nome_randomic}</arg>
<doc>Converts string to lower case.</doc>
<status status="PASS" start="2024-05-11T17:43:38.771830" elapsed="0.000101"/>
</kw>
<kw name="Set Test Variable" owner="BuiltIn">
<msg time="2024-05-11T17:43:38.772613" level="INFO">${nameboard} = fdgadkz</msg>
<arg>${nameboard}</arg>
<arg>${nome_randomic}</arg>
<doc>Makes a variable available everywhere within the scope of the current test.</doc>
<status status="PASS" start="2024-05-11T17:43:38.772014" elapsed="0.000633"/>
</kw>
<kw name="Log" owner="BuiltIn">
<msg time="2024-05-11T17:43:38.772826" level="INFO">fdgadkz</msg>
<arg>${nameboard}</arg>
<doc>Logs the given message with the given level.</doc>
<status status="PASS" start="2024-05-11T17:43:38.772737" elapsed="0.000117"/>
</kw>
<status status="PASS" start="2024-05-11T17:43:38.762444" elapsed="0.010466"/>
</kw>
<kw name="departamento com letras maiusculas" owner="API">
<kw name="Create Dictionary" owner="BuiltIn">
<msg time="2024-05-11T17:43:38.773596" level="INFO">${headers} = {'Authorization': 'eyJhbGciOiJIUzI1NiIsInR5cCI6IkpXVCJ9.eyJfaWQiOiI2NTMzMGMxZWZiOGYzZGFkMTNhNjgwOGIiLCJmdWxsTmFtZSI6IlFhLUNvZGVycy1TWVNBRE1JTiIsIm1haWwiOiJzeXNhZG1pbkBxYWNvZGVycy5jb20iLCJwYXNzd29yZCI6...</msg>
<var>${headers}</var>
<arg>Authorization=${token}</arg>
<doc>Creates and returns a dictionary based on the given ``items``.</doc>
<status status="PASS" start="2024-05-11T17:43:38.773405" elapsed="0.000212"/>
</kw>
<kw name="Create Dictionary" owner="BuiltIn">
<msg time="2024-05-11T17:43:38.773953" level="INFO">${body} = {'departmentName': 'EJQXQWTXDEP', 'costCenterId': '65855af6a2d3ae70485da0b7'}</msg>
<var>${body}</var>
<arg>departmentName=${NOMEDEPAT}</arg>
<arg>costCenterId=65855af6a2d3ae70485da0b7</arg>
<doc>Creates and returns a dictionary based on the given ``items``.</doc>
<status status="PASS" start="2024-05-11T17:43:38.773734" elapsed="0.000240"/>
</kw>
<kw name="Log" owner="BuiltIn">
<msg time="2024-05-11T17:43:38.774190" level="INFO">{'departmentName': 'EJQXQWTXDEP', 'costCenterId': '65855af6a2d3ae70485da0b7'}</msg>
<arg>${body}</arg>
<doc>Logs the given message with the given level.</doc>
<status status="PASS" start="2024-05-11T17:43:38.774086" elapsed="0.000142"/>
</kw>
<kw name="Create API Session" owner="API">
<kw name="Create Dictionary" owner="BuiltIn">
<msg time="2024-05-11T17:43:38.774678" level="INFO">${headers} = {'accept': 'application/json', 'Content-Type': 'application/json'}</msg>
<var>${headers}</var>
<arg>accept=application/json</arg>
<arg>Content-Type=application/json</arg>
<doc>Creates and returns a dictionary based on the given ``items``.</doc>
<status status="PASS" start="2024-05-11T17:43:38.774569" elapsed="0.000125"/>
</kw>
<kw name="Create Session" owner="RequestsLibrary">
<msg time="2024-05-11T17:43:38.774900" level="INFO">Creating Session using : alias=APITheOriginals, url=https://the-originals.qacoders-academy.com.br, headers={'accept': 'application/json', 'Content-Type': 'application/json'},                     cookies={}, auth=None, timeout=None, proxies=None, verify=False,                     debug=0 </msg>
<arg>alias=APITheOriginals</arg>
<arg>url=https://the-originals.qacoders-academy.com.br</arg>
<arg>headers=${headers}</arg>
<doc>Create Session: create a HTTP session to a server</doc>
<status status="PASS" start="2024-05-11T17:43:38.774767" elapsed="0.000372"/>
</kw>
<status status="PASS" start="2024-05-11T17:43:38.774353" elapsed="0.000861"/>
</kw>
<kw name="POST On Session" owner="RequestsLibrary">
<msg time="2024-05-11T17:43:38.868808" level="INFO">POST Request : url=https://the-originals.qacoders-academy.com.br/api/department/ 
 path_url=/api/department/ 
 headers={'User-Agent': 'python-requests/2.31.0', 'Accept-Encoding': 'gzip, deflate, br', 'accept': 'application/json', 'Connection': 'keep-alive', 'Content-Type': 'application/json', 'Authorization': 'eyJhbGciOiJIUzI1NiIsInR5cCI6IkpXVCJ9.eyJfaWQiOiI2NTMzMGMxZWZiOGYzZGFkMTNhNjgwOGIiLCJmdWxsTmFtZSI6IlFhLUNvZGVycy1TWVNBRE1JTiIsIm1haWwiOiJzeXNhZG1pbkBxYWNvZGVycy5jb20iLCJwYXNzd29yZCI6IiQyYiQxMCQza0MxMHZ1L0VqTW9SUVVtcVFxL0guN2NyV1lJSUJjQkRUMmc0UlUwQlE0bXJSaTRKRXhPdSIsImFjY2Vzc1Byb2ZpbGUiOiJTWVNBRE1JTiIsImNwZiI6IjExMTExMTExMTExIiwic3RhdHVzIjp0cnVlLCJhdWRpdCI6W3sicmVnaXN0ZXJlZEJ5Ijp7InVzZXJJZCI6IjExMTExMTExMTExMTExMTExMSIsInVzZXJMb2dpbiI6InN5c2FkbWluQHFhY29kZXJzLmNvbSJ9LCJyZWdpc3RyYXRpb25EYXRlIjoic2V4dGEtZmVpcmEsIDIwLzEwLzIwMjMsIDIwOjI0OjE0IEJSVCIsInJlZ2lzdHJhdGlvbk51bWJlciI6IjAxIiwiY29tcGFueUlkIjoiUWEuQ29kZXJzIiwiX2lkIjoiNjUzMzBjMWVmYjhmM2RhZDEzYTY4MDhjIn1dLCJfX3YiOjAsImlhdCI6MTcxNTQ2MDIzOCwiZXhwIjoxNzE1NTQ2NjM4fQ.YqpK4BwANPTkJfu5k9wcG4RvkJ9yTDQEVpicRnona_w', 'Content-Length': '77'} 
 body=b'{"departmentName": "EJQXQWTXDEP", "costCenterId": "65855af6a2d3ae70485da0b7"}' 
 </msg>
<msg time="2024-05-11T17:43:38.869005" level="INFO">POST Response : url=https://the-originals.qacoders-academy.com.br/api/department/ 
 status=201, reason=Created 
 headers={'Server': 'nginx/1.18.0 (Ubuntu)', 'Date': 'Sat, 11 May 2024 20:43:58 GMT', 'Content-Type': 'application/json; charset=utf-8', 'Content-Length': '374', 'Connection': 'keep-alive', 'X-Powered-By': 'Express', 'Access-Control-Allow-Origin': '*', 'Access-Control-Allow-Methods': 'GET, POST, OPTIONS, PUT, PATCH, DELETE', 'Access-Control-Allow-Headers': 'Origin, X-Requested-With, Content-Type, Accept, Authorization', 'ETag': 'W/"176-8s4QB4kLZ/CBgkx0y6wkWL22jtI"'} 
 body={"msg":"Cadastro realizado com sucesso.","newDepartment":{"departmentName":"EJQXQWTXDEP","costCenter":"65855af6a2d3ae70485da0b7","status":true,"audit":[{"registrationDate":"sábado, 11/05/2024, 17:43:58 BRT","registeredBy":{"userId":"65330c1efb8f3dad13a6808b","userLogin":"sysadmin@qacoders.com"},"_id":"663fd88e4ebd54fc6f32320a"}],"_id":"663fd88e4ebd54fc6f323209","__v":0}} 
 </msg>
<msg time="2024-05-11T17:43:38.869178" level="INFO">/usr/lib/python3.12/site-packages/urllib3/connectionpool.py:1061: InsecureRequestWarning: Unverified HTTPS request is being made to host 'the-originals.qacoders-academy.com.br'. Adding certificate verification is strongly advised. See: https://urllib3.readthedocs.io/en/1.26.x/advanced-usage.html#ssl-warnings
  warnings.warn(</msg>
<msg time="2024-05-11T17:43:38.869411" level="INFO">${response} = &lt;Response [201]&gt;</msg>
<var>${response}</var>
<arg>alias=APITheOriginals</arg>
<arg>url=/api/department/</arg>
<arg>json=${body}</arg>
<arg>headers=${headers}</arg>
<arg>expected_status=201</arg>
<doc>Sends a POST request on a previously created HTTP Session.</doc>
<status status="PASS" start="2024-05-11T17:43:38.775320" elapsed="0.094153"/>
</kw>
<kw name="Log" owner="BuiltIn">
<msg time="2024-05-11T17:43:38.872293" level="INFO">{'msg': 'Cadastro realizado com sucesso.', 'newDepartment': {'departmentName': 'EJQXQWTXDEP', 'costCenter': '65855af6a2d3ae70485da0b7', 'status': True, 'audit': [{'registrationDate': 'sábado, 11/05/2024, 17:43:58 BRT', 'registeredBy': {'userId': '65330c1efb8f3dad13a6808b', 'userLogin': 'sysadmin@qacoders.com'}, '_id': '663fd88e4ebd54fc6f32320a'}], '_id': '663fd88e4ebd54fc6f323209', '__v': 0}}</msg>
<arg>${response.json()}</arg>
<doc>Logs the given message with the given level.</doc>
<status status="PASS" start="2024-05-11T17:43:38.870009" elapsed="0.002394"/>
</kw>
<kw name="Set Test Variable" owner="BuiltIn">
<msg time="2024-05-11T17:43:38.875196" level="INFO">${ID_DEPARTAMENTO} = 663fd88e4ebd54fc6f323209</msg>
<arg>${ID_DEPARTAMENTO}</arg>
<arg>${response.json()['newDepartment']['_id']}</arg>
<doc>Makes a variable available everywhere within the scope of the current test.</doc>
<status status="PASS" start="2024-05-11T17:43:38.872683" elapsed="0.002639"/>
</kw>
<kw name="Set Test Variable" owner="BuiltIn">
<msg time="2024-05-11T17:43:38.876597" level="INFO">${ID_DEPARTAMENTO} = {'msg': 'Cadastro realizado com sucesso.', 'newDepartment': {'departmentName': 'EJQXQWTXDEP', 'costCenter': '65855af6a2d3ae70485da0b7', 'status': True, 'audit': [{'registrationDate': 'sábado, 11/05/20...</msg>
<arg>${ID_DEPARTAMENTO}</arg>
<arg>${response.json()}</arg>
<doc>Makes a variable available everywhere within the scope of the current test.</doc>
<status status="PASS" start="2024-05-11T17:43:38.875633" elapsed="0.001050"/>
</kw>
<status status="PASS" start="2024-05-11T17:43:38.773133" elapsed="0.103674"/>
</kw>
<status status="PASS" start="2024-05-11T17:43:38.441174" elapsed="0.435860"/>
</test>
<test id="s1-t3" name="CT03 - departamento com letras minúscula" line="18">
<kw name="Create API Session" owner="API">
<kw name="Create Dictionary" owner="BuiltIn">
<msg time="2024-05-11T17:43:38.878669" level="INFO">${headers} = {'accept': 'application/json', 'Content-Type': 'application/json'}</msg>
<var>${headers}</var>
<arg>accept=application/json</arg>
<arg>Content-Type=application/json</arg>
<doc>Creates and returns a dictionary based on the given ``items``.</doc>
<status status="PASS" start="2024-05-11T17:43:38.878386" elapsed="0.000327"/>
</kw>
<kw name="Create Session" owner="RequestsLibrary">
<msg time="2024-05-11T17:43:38.879206" level="INFO">Creating Session using : alias=APITheOriginals, url=https://the-originals.qacoders-academy.com.br, headers={'accept': 'application/json', 'Content-Type': 'application/json'},                     cookies={}, auth=None, timeout=None, proxies=None, verify=False,                     debug=0 </msg>
<arg>alias=APITheOriginals</arg>
<arg>url=https://the-originals.qacoders-academy.com.br</arg>
<arg>headers=${headers}</arg>
<doc>Create Session: create a HTTP session to a server</doc>
<status status="PASS" start="2024-05-11T17:43:38.878917" elapsed="0.000534"/>
</kw>
<status status="PASS" start="2024-05-11T17:43:38.877885" elapsed="0.001690"/>
</kw>
<kw name="Login de acesso" owner="API">
<kw name="Create Dictionary" owner="BuiltIn">
<msg time="2024-05-11T17:43:38.880608" level="INFO">${body} = {'mail': 'sysadmin@qacoders.com', 'password': '1234@Test'}</msg>
<var>${body}</var>
<arg>mail=${mail}</arg>
<arg>password=${password}</arg>
<doc>Creates and returns a dictionary based on the given ``items``.</doc>
<status status="PASS" start="2024-05-11T17:43:38.880229" elapsed="0.000413"/>
</kw>
<kw name="Log" owner="BuiltIn">
<msg time="2024-05-11T17:43:38.881020" level="INFO">{'mail': 'sysadmin@qacoders.com', 'password': '1234@Test'}</msg>
<arg>${body}</arg>
<doc>Logs the given message with the given level.</doc>
<status status="PASS" start="2024-05-11T17:43:38.880816" elapsed="0.000268"/>
</kw>
<kw name="Create API Session" owner="API">
<kw name="Create Dictionary" owner="BuiltIn">
<msg time="2024-05-11T17:43:38.881867" level="INFO">${headers} = {'accept': 'application/json', 'Content-Type': 'application/json'}</msg>
<var>${headers}</var>
<arg>accept=application/json</arg>
<arg>Content-Type=application/json</arg>
<doc>Creates and returns a dictionary based on the given ``items``.</doc>
<status status="PASS" start="2024-05-11T17:43:38.881689" elapsed="0.000205"/>
</kw>
<kw name="Create Session" owner="RequestsLibrary">
<msg time="2024-05-11T17:43:38.882238" level="INFO">Creating Session using : alias=APITheOriginals, url=https://the-originals.qacoders-academy.com.br, headers={'accept': 'application/json', 'Content-Type': 'application/json'},                     cookies={}, auth=None, timeout=None, proxies=None, verify=False,                     debug=0 </msg>
<arg>alias=APITheOriginals</arg>
<arg>url=https://the-originals.qacoders-academy.com.br</arg>
<arg>headers=${headers}</arg>
<doc>Create Session: create a HTTP session to a server</doc>
<status status="PASS" start="2024-05-11T17:43:38.882017" elapsed="0.000369"/>
</kw>
<status status="PASS" start="2024-05-11T17:43:38.881281" elapsed="0.001179"/>
</kw>
<kw name="POST On Session" owner="RequestsLibrary">
<msg time="2024-05-11T17:43:39.161040" level="INFO">POST Request : url=https://the-originals.qacoders-academy.com.br/api/login 
 path_url=/api/login 
 headers={'User-Agent': 'python-requests/2.31.0', 'Accept-Encoding': 'gzip, deflate, br', 'accept': 'application/json', 'Connection': 'keep-alive', 'Content-Type': 'application/json', 'Content-Length': '58'} 
 body=b'{"mail": "sysadmin@qacoders.com", "password": "1234@Test"}' 
 </msg>
<msg time="2024-05-11T17:43:39.161255" level="INFO">POST Response : url=https://the-originals.qacoders-academy.com.br/api/login 
 status=200, reason=OK 
 headers={'Server': 'nginx/1.18.0 (Ubuntu)', 'Date': 'Sat, 11 May 2024 20:43:59 GMT', 'Content-Type': 'application/json; charset=utf-8', 'Transfer-Encoding': 'chunked', 'Connection': 'keep-alive', 'X-Powered-By': 'Express', 'Access-Control-Allow-Origin': '*', 'Access-Control-Allow-Methods': 'GET, POST, OPTIONS, PUT, PATCH, DELETE', 'Access-Control-Allow-Headers': 'Origin, X-Requested-With, Content-Type, Accept, Authorization', 'ETag': 'W/"534-5GfA+xaJMA3QgEmYcXzzE0HrpbE"', 'Content-Encoding': 'gzip'} 
 body={"msg":"Olá Qa-Coders-SYSADMIN, autenticação autorizada com sucesso!","user":{"_id":"65330c1efb8f3dad13a6808b","fullName":"Qa-Coders-SYSADMIN","mail":"sysadmin@qacoders.com","password":"$2b$10$3kC10vu/EjMoRQUmqQq/H.7crWYIIBcBDT2g4RU0BQ4mrRi4JExOu","accessProfile":"SYSADMIN","cpf":"11111111111","status":true,"audit":[{"registeredBy":{"userId":"111111111111111111","userLogin":"sysadmin@qacoders.com"},"registrationDate":"sexta-feira, 20/10/2023, 20:24:14 BRT","registrationNumber":"01","companyId":"Qa.Coders","_id":"65330c1efb8f3dad13a6808c"}],"__v":0},"token":"eyJhbGciOiJIUzI1NiIsInR5cCI6IkpXVCJ9.eyJfaWQiOiI2NTMzMGMxZWZiOGYzZGFkMTNhNjgwOGIiLCJmdWxsTmFtZSI6IlFhLUNvZGVycy1TWVNBRE1JTiIsIm1haWwiOiJzeXNhZG1pbkBxYWNvZGVycy5jb20iLCJwYXNzd29yZCI6IiQyYiQxMCQza0MxMHZ1L0VqTW9SUVVtcVFxL0guN2NyV1lJSUJjQkRUMmc0UlUwQlE0bXJSaTRKRXhPdSIsImFjY2Vzc1Byb2ZpbGUiOiJTWVNBRE1JTiIsImNwZiI6IjExMTExMTExMTExIiwic3RhdHVzIjp0cnVlLCJhdWRpdCI6W3sicmVnaXN0ZXJlZEJ5Ijp7InVzZXJJZCI6IjExMTExMTExMTExMTExMTExMSIsInVzZXJMb2dpbiI6InN5c2FkbWluQHFhY29kZXJzLmNvbSJ9LCJyZWdpc3RyYXRpb25EYXRlIjoic2V4dGEtZmVpcmEsIDIwLzEwLzIwMjMsIDIwOjI0OjE0IEJSVCIsInJlZ2lzdHJhdGlvbk51bWJlciI6IjAxIiwiY29tcGFueUlkIjoiUWEuQ29kZXJzIiwiX2lkIjoiNjUzMzBjMWVmYjhmM2RhZDEzYTY4MDhjIn1dLCJfX3YiOjAsImlhdCI6MTcxNTQ2MDIzOSwiZXhwIjoxNzE1NTQ2NjM5fQ.Ll9P5ZZrgEK6k8s86yH0RbQSmnzwNfGPUvmbaQHr90w"} 
 </msg>
<msg time="2024-05-11T17:43:39.161446" level="INFO">/usr/lib/python3.12/site-packages/urllib3/connectionpool.py:1061: InsecureRequestWarning: Unverified HTTPS request is being made to host 'the-originals.qacoders-academy.com.br'. Adding certificate verification is strongly advised. See: https://urllib3.readthedocs.io/en/1.26.x/advanced-usage.html#ssl-warnings
  warnings.warn(</msg>
<msg time="2024-05-11T17:43:39.161701" level="INFO">${response} = &lt;Response [200]&gt;</msg>
<var>${response}</var>
<arg>alias=APITheOriginals</arg>
<arg>url=/api/login</arg>
<arg>json=${body}</arg>
<doc>Sends a POST request on a previously created HTTP Session.</doc>
<status status="PASS" start="2024-05-11T17:43:38.882569" elapsed="0.279191"/>
</kw>
<kw name="Log" owner="BuiltIn">
<msg time="2024-05-11T17:43:39.163744" level="INFO">{'msg': 'Olá Qa-Coders-SYSADMIN, autenticação autorizada com sucesso!', 'user': {'_id': '65330c1efb8f3dad13a6808b', 'fullName': 'Qa-Coders-SYSADMIN', 'mail': 'sysadmin@qacoders.com', 'password': '$2b$10$3kC10vu/EjMoRQUmqQq/H.7crWYIIBcBDT2g4RU0BQ4mrRi4JExOu', 'accessProfile': 'SYSADMIN', 'cpf': '11111111111', 'status': True, 'audit': [{'registeredBy': {'userId': '111111111111111111', 'userLogin': 'sysadmin@qacoders.com'}, 'registrationDate': 'sexta-feira, 20/10/2023, 20:24:14 BRT', 'registrationNumber': '01', 'companyId': 'Qa.Coders', '_id': '65330c1efb8f3dad13a6808c'}], '__v': 0}, 'token': 'eyJhbGciOiJIUzI1NiIsInR5cCI6IkpXVCJ9.eyJfaWQiOiI2NTMzMGMxZWZiOGYzZGFkMTNhNjgwOGIiLCJmdWxsTmFtZSI6IlFhLUNvZGVycy1TWVNBRE1JTiIsIm1haWwiOiJzeXNhZG1pbkBxYWNvZGVycy5jb20iLCJwYXNzd29yZCI6IiQyYiQxMCQza0MxMHZ1L0VqTW9SUVVtcVFxL0guN2NyV1lJSUJjQkRUMmc0UlUwQlE0bXJSaTRKRXhPdSIsImFjY2Vzc1Byb2ZpbGUiOiJTWVNBRE1JTiIsImNwZiI6IjExMTExMTExMTExIiwic3RhdHVzIjp0cnVlLCJhdWRpdCI6W3sicmVnaXN0ZXJlZEJ5Ijp7InVzZXJJZCI6IjExMTExMTExMTExMTExMTExMSIsInVzZXJMb2dpbiI6InN5c2FkbWluQHFhY29kZXJzLmNvbSJ9LCJyZWdpc3RyYXRpb25EYXRlIjoic2V4dGEtZmVpcmEsIDIwLzEwLzIwMjMsIDIwOjI0OjE0IEJSVCIsInJlZ2lzdHJhdGlvbk51bWJlciI6IjAxIiwiY29tcGFueUlkIjoiUWEuQ29kZXJzIiwiX2lkIjoiNjUzMzBjMWVmYjhmM2RhZDEzYTY4MDhjIn1dLCJfX3YiOjAsImlhdCI6MTcxNTQ2MDIzOSwiZXhwIjoxNzE1NTQ2NjM5fQ.Ll9P5ZZrgEK6k8s86yH0RbQSmnzwNfGPUvmbaQHr90w'}</msg>
<arg>${response.json()}</arg>
<doc>Logs the given message with the given level.</doc>
<status status="PASS" start="2024-05-11T17:43:39.162290" elapsed="0.001593"/>
</kw>
<kw name="Set Test Variable" owner="BuiltIn">
<msg time="2024-05-11T17:43:39.166755" level="INFO">${TOKEN} = eyJhbGciOiJIUzI1NiIsInR5cCI6IkpXVCJ9.eyJfaWQiOiI2NTMzMGMxZWZiOGYzZGFkMTNhNjgwOGIiLCJmdWxsTmFtZSI6IlFhLUNvZGVycy1TWVNBRE1JTiIsIm1haWwiOiJzeXNhZG1pbkBxYWNvZGVycy5jb20iLCJwYXNzd29yZCI6IiQyYiQxMCQza0MxMHZ...</msg>
<arg>${TOKEN}</arg>
<arg>${response.json()["token"]}</arg>
<doc>Makes a variable available everywhere within the scope of the current test.</doc>
<status status="PASS" start="2024-05-11T17:43:39.164192" elapsed="0.002675"/>
</kw>
<status status="PASS" start="2024-05-11T17:43:38.879870" elapsed="0.287175"/>
</kw>
<kw name="Criar um nome randomico departamento/board" owner="API">
<kw name="Generate Random String" owner="String">
<msg time="2024-05-11T17:43:39.168939" level="INFO">${nome_randomic} = qnAgCGmics</msg>
<var>${nome_randomic}</var>
<arg>10</arg>
<arg>chars=[LETTERS]</arg>
<doc>Generates a string with a desired ``length`` from the given ``chars``.</doc>
<status status="PASS" start="2024-05-11T17:43:39.168228" elapsed="0.000808"/>
</kw>
<kw name="Convert To Lower Case" owner="String">
<msg time="2024-05-11T17:43:39.169976" level="INFO">${nome_randomic} = qnagcgmics</msg>
<var>${nome_randomic}</var>
<arg>${nome_randomic}</arg>
<doc>Converts string to lower case.</doc>
<status status="PASS" start="2024-05-11T17:43:39.169462" elapsed="0.000598"/>
</kw>
<kw name="Set Test Variable" owner="BuiltIn">
<msg time="2024-05-11T17:43:39.173474" level="INFO">${nomedepartamento} = qnagcgmicsdepmen</msg>
<arg>${nomedepartamento}</arg>
<arg>${nome_randomic}depmen</arg>
<doc>Makes a variable available everywhere within the scope of the current test.</doc>
<status status="PASS" start="2024-05-11T17:43:39.170446" elapsed="0.003228"/>
</kw>
<kw name="Log" owner="BuiltIn">
<msg time="2024-05-11T17:43:39.174567" level="INFO">qnagcgmicsdepmen</msg>
<arg>${nomedepartamento}</arg>
<doc>Logs the given message with the given level.</doc>
<status status="PASS" start="2024-05-11T17:43:39.174103" elapsed="0.000620"/>
</kw>
<kw name="Generate Random String" owner="String">
<msg time="2024-05-11T17:43:39.175750" level="INFO">${nome_randomic} = EGTGfEGXI</msg>
<var>${nome_randomic}</var>
<arg>9</arg>
<arg>chars=[LETTERS]</arg>
<doc>Generates a string with a desired ``length`` from the given ``chars``.</doc>
<status status="PASS" start="2024-05-11T17:43:39.175130" elapsed="0.000693"/>
</kw>
<kw name="Convert To Lower Case" owner="String">
<msg time="2024-05-11T17:43:39.176578" level="INFO">${nome_randomic} = egtgfegxi</msg>
<var>${nome_randomic}</var>
<arg>${nome_randomic}</arg>
<doc>Converts string to lower case.</doc>
<status status="PASS" start="2024-05-11T17:43:39.176159" elapsed="0.000485"/>
</kw>
<kw name="Set Test Variable" owner="BuiltIn">
<msg time="2024-05-11T17:43:39.179445" level="INFO">${nomedepart&amp;} = egtgfegxi&amp;</msg>
<arg>${nomedepart&amp;}</arg>
<arg>${nome_randomic}&amp;</arg>
<doc>Makes a variable available everywhere within the scope of the current test.</doc>
<status status="PASS" start="2024-05-11T17:43:39.176964" elapsed="0.002595"/>
</kw>
<kw name="Log" owner="BuiltIn">
<msg time="2024-05-11T17:43:39.180083" level="INFO">egtgfegxi&amp;</msg>
<arg>${nomedepart&amp;}</arg>
<doc>Logs the given message with the given level.</doc>
<status status="PASS" start="2024-05-11T17:43:39.179831" elapsed="0.000333"/>
</kw>
<kw name="Generate Random String" owner="String">
<msg time="2024-05-11T17:43:39.180782" level="INFO">${nome_randomic} = INFCXsKa</msg>
<var>${nome_randomic}</var>
<arg>8</arg>
<arg>chars=[LETTERS]</arg>
<doc>Generates a string with a desired ``length`` from the given ``chars``.</doc>
<status status="PASS" start="2024-05-11T17:43:39.180381" elapsed="0.000452"/>
</kw>
<kw name="Convert To Upper Case" owner="String">
<msg time="2024-05-11T17:43:39.181311" level="INFO">${nome_randomic} = INFCXSKA</msg>
<var>${nome_randomic}</var>
<arg>${nome_randomic}</arg>
<doc>Converts string to upper case.</doc>
<status status="PASS" start="2024-05-11T17:43:39.181051" elapsed="0.000314"/>
</kw>
<kw name="Set Test Variable" owner="BuiltIn">
<msg time="2024-05-11T17:43:39.182882" level="INFO">${NOMEDEPAT} = INFCXSKADEP</msg>
<arg>${NOMEDEPAT}</arg>
<arg>${nome_randomic}DEP</arg>
<doc>Makes a variable available everywhere within the scope of the current test.</doc>
<status status="PASS" start="2024-05-11T17:43:39.181533" elapsed="0.001481"/>
</kw>
<kw name="Log" owner="BuiltIn">
<msg time="2024-05-11T17:43:39.183629" level="INFO">INFCXSKADEP</msg>
<arg>${NOMEDEPAT}</arg>
<doc>Logs the given message with the given level.</doc>
<status status="PASS" start="2024-05-11T17:43:39.183360" elapsed="0.000342"/>
</kw>
<kw name="Generate Random String" owner="String">
<msg time="2024-05-11T17:43:39.184220" level="INFO">${nome_randomic} = XCPLLUjsh</msg>
<var>${nome_randomic}</var>
<arg>9</arg>
<arg>chars=[LETTERS]</arg>
<doc>Generates a string with a desired ``length`` from the given ``chars``.</doc>
<status status="PASS" start="2024-05-11T17:43:39.183907" elapsed="0.000351"/>
</kw>
<kw name="Convert To Lower Case" owner="String">
<msg time="2024-05-11T17:43:39.184736" level="INFO">${nome_randomic} = xcpllujsh</msg>
<var>${nome_randomic}</var>
<arg>${nome_randomic}</arg>
<doc>Converts string to lower case.</doc>
<status status="PASS" start="2024-05-11T17:43:39.184428" elapsed="0.000348"/>
</kw>
<kw name="Set Test Variable" owner="BuiltIn">
<msg time="2024-05-11T17:43:39.187135" level="INFO">${nomedepartminus} = xcpllujshdepar&amp;</msg>
<arg>${nomedepartminus}</arg>
<arg>${nome_randomic}depar&amp;</arg>
<doc>Makes a variable available everywhere within the scope of the current test.</doc>
<status status="PASS" start="2024-05-11T17:43:39.185124" elapsed="0.002238"/>
</kw>
<kw name="Log" owner="BuiltIn">
<msg time="2024-05-11T17:43:39.187931" level="INFO">xcpllujshdepar&amp;</msg>
<arg>${nomedepartminus}</arg>
<doc>Logs the given message with the given level.</doc>
<status status="PASS" start="2024-05-11T17:43:39.187679" elapsed="0.000339"/>
</kw>
<kw name="Generate Random String" owner="String">
<msg time="2024-05-11T17:43:39.188963" level="INFO">${nome_randomic} = BmYXuoNprRaccxdwMecARyzrlHAyICOAqhJmOEDPfcCTUOIRpW</msg>
<var>${nome_randomic}</var>
<arg>50</arg>
<arg>chars=[LETTERS]</arg>
<doc>Generates a string with a desired ``length`` from the given ``chars``.</doc>
<status status="PASS" start="2024-05-11T17:43:39.188233" elapsed="0.000784"/>
</kw>
<kw name="Convert To Lower Case" owner="String">
<msg time="2024-05-11T17:43:39.190360" level="INFO">${nome_randomic} = bmyxuonprraccxdwmecaryzrlhayicoaqhjmoedpfcctuoirpw</msg>
<var>${nome_randomic}</var>
<arg>${nome_randomic}</arg>
<doc>Converts string to lower case.</doc>
<status status="PASS" start="2024-05-11T17:43:39.189836" elapsed="0.000558"/>
</kw>
<kw name="Set Test Variable" owner="BuiltIn">
<msg time="2024-05-11T17:43:39.192914" level="INFO">${nomecom50} = bmyxuonprraccxdwmecaryzrlhayicoaqhjmoedpfcctuoirpw</msg>
<arg>${nomecom50}</arg>
<arg>${nome_randomic}</arg>
<doc>Makes a variable available everywhere within the scope of the current test.</doc>
<status status="PASS" start="2024-05-11T17:43:39.190749" elapsed="0.002460"/>
</kw>
<kw name="Log" owner="BuiltIn">
<msg time="2024-05-11T17:43:39.194040" level="INFO">bmyxuonprraccxdwmecaryzrlhayicoaqhjmoedpfcctuoirpw</msg>
<arg>${nomecom50}</arg>
<doc>Logs the given message with the given level.</doc>
<status status="PASS" start="2024-05-11T17:43:39.193752" elapsed="0.000404"/>
</kw>
<kw name="Generate Random String" owner="String">
<msg time="2024-05-11T17:43:39.195260" level="INFO">${nome_randomic} = pxVjrtp</msg>
<var>${nome_randomic}</var>
<arg>7</arg>
<arg>chars=[LETTERS]</arg>
<doc>Generates a string with a desired ``length`` from the given ``chars``.</doc>
<status status="PASS" start="2024-05-11T17:43:39.194451" elapsed="0.000862"/>
</kw>
<kw name="Convert To Lower Case" owner="String">
<msg time="2024-05-11T17:43:39.195929" level="INFO">${nome_randomic} = pxvjrtp</msg>
<var>${nome_randomic}</var>
<arg>${nome_randomic}</arg>
<doc>Converts string to lower case.</doc>
<status status="PASS" start="2024-05-11T17:43:39.195661" elapsed="0.000315"/>
</kw>
<kw name="Set Test Variable" owner="BuiltIn">
<msg time="2024-05-11T17:43:39.198148" level="INFO">${nameboard} = pxvjrtp</msg>
<arg>${nameboard}</arg>
<arg>${nome_randomic}</arg>
<doc>Makes a variable available everywhere within the scope of the current test.</doc>
<status status="PASS" start="2024-05-11T17:43:39.196252" elapsed="0.001991"/>
</kw>
<kw name="Log" owner="BuiltIn">
<msg time="2024-05-11T17:43:39.199085" level="INFO">pxvjrtp</msg>
<arg>${nameboard}</arg>
<doc>Logs the given message with the given level.</doc>
<status status="PASS" start="2024-05-11T17:43:39.198598" elapsed="0.000547"/>
</kw>
<status status="PASS" start="2024-05-11T17:43:39.167659" elapsed="0.031593"/>
</kw>
<kw name="departamento com letras minúscula" owner="API">
<kw name="Create Dictionary" owner="BuiltIn">
<msg time="2024-05-11T17:43:39.200697" level="INFO">${headers} = {'Authorization': 'eyJhbGciOiJIUzI1NiIsInR5cCI6IkpXVCJ9.eyJfaWQiOiI2NTMzMGMxZWZiOGYzZGFkMTNhNjgwOGIiLCJmdWxsTmFtZSI6IlFhLUNvZGVycy1TWVNBRE1JTiIsIm1haWwiOiJzeXNhZG1pbkBxYWNvZGVycy5jb20iLCJwYXNzd29yZCI6...</msg>
<var>${headers}</var>
<arg>Authorization=${token}</arg>
<doc>Creates and returns a dictionary based on the given ``items``.</doc>
<status status="PASS" start="2024-05-11T17:43:39.200343" elapsed="0.000386"/>
</kw>
<kw name="Create Dictionary" owner="BuiltIn">
<msg time="2024-05-11T17:43:39.201300" level="INFO">${body} = {'departmentName': 'xcpllujshdepar&amp;', 'costCenterId': '65855af6a2d3ae70485da0b7'}</msg>
<var>${body}</var>
<arg>departmentName=${nomedepartminus}</arg>
<arg>costCenterId=65855af6a2d3ae70485da0b7</arg>
<doc>Creates and returns a dictionary based on the given ``items``.</doc>
<status status="PASS" start="2024-05-11T17:43:39.201017" elapsed="0.000329"/>
</kw>
<kw name="Log" owner="BuiltIn">
<msg time="2024-05-11T17:43:39.201755" level="INFO">{'departmentName': 'xcpllujshdepar&amp;', 'costCenterId': '65855af6a2d3ae70485da0b7'}</msg>
<arg>${body}</arg>
<doc>Logs the given message with the given level.</doc>
<status status="PASS" start="2024-05-11T17:43:39.201611" elapsed="0.000214"/>
</kw>
<kw name="Create API Session" owner="API">
<kw name="Create Dictionary" owner="BuiltIn">
<msg time="2024-05-11T17:43:39.203826" level="INFO">${headers} = {'accept': 'application/json', 'Content-Type': 'application/json'}</msg>
<var>${headers}</var>
<arg>accept=application/json</arg>
<arg>Content-Type=application/json</arg>
<doc>Creates and returns a dictionary based on the given ``items``.</doc>
<status status="PASS" start="2024-05-11T17:43:39.203433" elapsed="0.000427"/>
</kw>
<kw name="Create Session" owner="RequestsLibrary">
<msg time="2024-05-11T17:43:39.204663" level="INFO">Creating Session using : alias=APITheOriginals, url=https://the-originals.qacoders-academy.com.br, headers={'accept': 'application/json', 'Content-Type': 'application/json'},                     cookies={}, auth=None, timeout=None, proxies=None, verify=False,                     debug=0 </msg>
<arg>alias=APITheOriginals</arg>
<arg>url=https://the-originals.qacoders-academy.com.br</arg>
<arg>headers=${headers}</arg>
<doc>Create Session: create a HTTP session to a server</doc>
<status status="PASS" start="2024-05-11T17:43:39.204105" elapsed="0.002335"/>
</kw>
<status status="PASS" start="2024-05-11T17:43:39.202466" elapsed="0.004123"/>
</kw>
<kw name="POST On Session" owner="RequestsLibrary">
<msg time="2024-05-11T17:43:39.307083" level="INFO">POST Request : url=https://the-originals.qacoders-academy.com.br/api/department/ 
 path_url=/api/department/ 
 headers={'User-Agent': 'python-requests/2.31.0', 'Accept-Encoding': 'gzip, deflate, br', 'accept': 'application/json', 'Connection': 'keep-alive', 'Content-Type': 'application/json', 'Authorization': 'eyJhbGciOiJIUzI1NiIsInR5cCI6IkpXVCJ9.eyJfaWQiOiI2NTMzMGMxZWZiOGYzZGFkMTNhNjgwOGIiLCJmdWxsTmFtZSI6IlFhLUNvZGVycy1TWVNBRE1JTiIsIm1haWwiOiJzeXNhZG1pbkBxYWNvZGVycy5jb20iLCJwYXNzd29yZCI6IiQyYiQxMCQza0MxMHZ1L0VqTW9SUVVtcVFxL0guN2NyV1lJSUJjQkRUMmc0UlUwQlE0bXJSaTRKRXhPdSIsImFjY2Vzc1Byb2ZpbGUiOiJTWVNBRE1JTiIsImNwZiI6IjExMTExMTExMTExIiwic3RhdHVzIjp0cnVlLCJhdWRpdCI6W3sicmVnaXN0ZXJlZEJ5Ijp7InVzZXJJZCI6IjExMTExMTExMTExMTExMTExMSIsInVzZXJMb2dpbiI6InN5c2FkbWluQHFhY29kZXJzLmNvbSJ9LCJyZWdpc3RyYXRpb25EYXRlIjoic2V4dGEtZmVpcmEsIDIwLzEwLzIwMjMsIDIwOjI0OjE0IEJSVCIsInJlZ2lzdHJhdGlvbk51bWJlciI6IjAxIiwiY29tcGFueUlkIjoiUWEuQ29kZXJzIiwiX2lkIjoiNjUzMzBjMWVmYjhmM2RhZDEzYTY4MDhjIn1dLCJfX3YiOjAsImlhdCI6MTcxNTQ2MDIzOSwiZXhwIjoxNzE1NTQ2NjM5fQ.Ll9P5ZZrgEK6k8s86yH0RbQSmnzwNfGPUvmbaQHr90w', 'Content-Length': '81'} 
 body=b'{"departmentName": "xcpllujshdepar&amp;", "costCenterId": "65855af6a2d3ae70485da0b7"}' 
 </msg>
<msg time="2024-05-11T17:43:39.307300" level="INFO">POST Response : url=https://the-originals.qacoders-academy.com.br/api/department/ 
 status=201, reason=Created 
 headers={'Server': 'nginx/1.18.0 (Ubuntu)', 'Date': 'Sat, 11 May 2024 20:43:59 GMT', 'Content-Type': 'application/json; charset=utf-8', 'Content-Length': '378', 'Connection': 'keep-alive', 'X-Powered-By': 'Express', 'Access-Control-Allow-Origin': '*', 'Access-Control-Allow-Methods': 'GET, POST, OPTIONS, PUT, PATCH, DELETE', 'Access-Control-Allow-Headers': 'Origin, X-Requested-With, Content-Type, Accept, Authorization', 'ETag': 'W/"17a-siBPPvRiiWFklnJOf8QmArbkjXY"'} 
 body={"msg":"Cadastro realizado com sucesso.","newDepartment":{"departmentName":"xcpllujshdepar&amp;","costCenter":"65855af6a2d3ae70485da0b7","status":true,"audit":[{"registrationDate":"sábado, 11/05/2024, 17:43:59 BRT","registeredBy":{"userId":"65330c1efb8f3dad13a6808b","userLogin":"sysadmin@qacoders.com"},"_id":"663fd88f4ebd54fc6f323214"}],"_id":"663fd88f4ebd54fc6f323213","__v":0}} 
 </msg>
<msg time="2024-05-11T17:43:39.307458" level="INFO">/usr/lib/python3.12/site-packages/urllib3/connectionpool.py:1061: InsecureRequestWarning: Unverified HTTPS request is being made to host 'the-originals.qacoders-academy.com.br'. Adding certificate verification is strongly advised. See: https://urllib3.readthedocs.io/en/1.26.x/advanced-usage.html#ssl-warnings
  warnings.warn(</msg>
<msg time="2024-05-11T17:43:39.307715" level="INFO">${response} = &lt;Response [201]&gt;</msg>
<var>${response}</var>
<arg>alias=APITheOriginals</arg>
<arg>url=/api/department/</arg>
<arg>json=${body}</arg>
<arg>headers=${headers}</arg>
<arg>expected_status=201</arg>
<doc>Sends a POST request on a previously created HTTP Session.</doc>
<status status="PASS" start="2024-05-11T17:43:39.206796" elapsed="0.100977"/>
</kw>
<kw name="Log" owner="BuiltIn">
<msg time="2024-05-11T17:43:39.309754" level="INFO">{'msg': 'Cadastro realizado com sucesso.', 'newDepartment': {'departmentName': 'xcpllujshdepar&amp;', 'costCenter': '65855af6a2d3ae70485da0b7', 'status': True, 'audit': [{'registrationDate': 'sábado, 11/05/2024, 17:43:59 BRT', 'registeredBy': {'userId': '65330c1efb8f3dad13a6808b', 'userLogin': 'sysadmin@qacoders.com'}, '_id': '663fd88f4ebd54fc6f323214'}], '_id': '663fd88f4ebd54fc6f323213', '__v': 0}}</msg>
<arg>${response.json()}</arg>
<doc>Logs the given message with the given level.</doc>
<status status="PASS" start="2024-05-11T17:43:39.308278" elapsed="0.001595"/>
</kw>
<kw name="Set Test Variable" owner="BuiltIn">
<msg time="2024-05-11T17:43:39.312848" level="INFO">${ID_DEPARTAMENTO} = 663fd88f4ebd54fc6f323213</msg>
<arg>${ID_DEPARTAMENTO}</arg>
<arg>${response.json()['newDepartment']['_id']}</arg>
<doc>Makes a variable available everywhere within the scope of the current test.</doc>
<status status="PASS" start="2024-05-11T17:43:39.310189" elapsed="0.002765"/>
</kw>
<kw name="Set Test Variable" owner="BuiltIn">
<msg time="2024-05-11T17:43:39.314499" level="INFO">${ID_DEPARTAMENTO} = {'msg': 'Cadastro realizado com sucesso.', 'newDepartment': {'departmentName': 'xcpllujshdepar&amp;', 'costCenter': '65855af6a2d3ae70485da0b7', 'status': True, 'audit': [{'registrationDate': 'sábado, 11/0...</msg>
<arg>${ID_DEPARTAMENTO}</arg>
<arg>${response.json()}</arg>
<doc>Makes a variable available everywhere within the scope of the current test.</doc>
<status status="PASS" start="2024-05-11T17:43:39.313234" elapsed="0.001366"/>
</kw>
<status status="PASS" start="2024-05-11T17:43:39.199652" elapsed="0.115100"/>
</kw>
<status status="PASS" start="2024-05-11T17:43:38.877324" elapsed="0.437747"/>
</test>
<test id="s1-t4" name="CT04 - departamento com letras e caractere &amp;" line="24">
<kw name="Create API Session" owner="API">
<kw name="Create Dictionary" owner="BuiltIn">
<msg time="2024-05-11T17:43:39.317499" level="INFO">${headers} = {'accept': 'application/json', 'Content-Type': 'application/json'}</msg>
<var>${headers}</var>
<arg>accept=application/json</arg>
<arg>Content-Type=application/json</arg>
<doc>Creates and returns a dictionary based on the given ``items``.</doc>
<status status="PASS" start="2024-05-11T17:43:39.317100" elapsed="0.000461"/>
</kw>
<kw name="Create Session" owner="RequestsLibrary">
<msg time="2024-05-11T17:43:39.318210" level="INFO">Creating Session using : alias=APITheOriginals, url=https://the-originals.qacoders-academy.com.br, headers={'accept': 'application/json', 'Content-Type': 'application/json'},                     cookies={}, auth=None, timeout=None, proxies=None, verify=False,                     debug=0 </msg>
<arg>alias=APITheOriginals</arg>
<arg>url=https://the-originals.qacoders-academy.com.br</arg>
<arg>headers=${headers}</arg>
<doc>Create Session: create a HTTP session to a server</doc>
<status status="PASS" start="2024-05-11T17:43:39.317809" elapsed="0.000684"/>
</kw>
<status status="PASS" start="2024-05-11T17:43:39.316537" elapsed="0.002138"/>
</kw>
<kw name="Login de acesso" owner="API">
<kw name="Create Dictionary" owner="BuiltIn">
<msg time="2024-05-11T17:43:39.320178" level="INFO">${body} = {'mail': 'sysadmin@qacoders.com', 'password': '1234@Test'}</msg>
<var>${body}</var>
<arg>mail=${mail}</arg>
<arg>password=${password}</arg>
<doc>Creates and returns a dictionary based on the given ``items``.</doc>
<status status="PASS" start="2024-05-11T17:43:39.319733" elapsed="0.000491"/>
</kw>
<kw name="Log" owner="BuiltIn">
<msg time="2024-05-11T17:43:39.320796" level="INFO">{'mail': 'sysadmin@qacoders.com', 'password': '1234@Test'}</msg>
<arg>${body}</arg>
<doc>Logs the given message with the given level.</doc>
<status status="PASS" start="2024-05-11T17:43:39.320493" elapsed="0.000411"/>
</kw>
<kw name="Create API Session" owner="API">
<kw name="Create Dictionary" owner="BuiltIn">
<msg time="2024-05-11T17:43:39.321946" level="INFO">${headers} = {'accept': 'application/json', 'Content-Type': 'application/json'}</msg>
<var>${headers}</var>
<arg>accept=application/json</arg>
<arg>Content-Type=application/json</arg>
<doc>Creates and returns a dictionary based on the given ``items``.</doc>
<status status="PASS" start="2024-05-11T17:43:39.321646" elapsed="0.000365"/>
</kw>
<kw name="Create Session" owner="RequestsLibrary">
<msg time="2024-05-11T17:43:39.322542" level="INFO">Creating Session using : alias=APITheOriginals, url=https://the-originals.qacoders-academy.com.br, headers={'accept': 'application/json', 'Content-Type': 'application/json'},                     cookies={}, auth=None, timeout=None, proxies=None, verify=False,                     debug=0 </msg>
<arg>alias=APITheOriginals</arg>
<arg>url=https://the-originals.qacoders-academy.com.br</arg>
<arg>headers=${headers}</arg>
<doc>Create Session: create a HTTP session to a server</doc>
<status status="PASS" start="2024-05-11T17:43:39.322221" elapsed="0.000551"/>
</kw>
<status status="PASS" start="2024-05-11T17:43:39.321244" elapsed="0.001625"/>
</kw>
<kw name="POST On Session" owner="RequestsLibrary">
<msg time="2024-05-11T17:43:39.569251" level="INFO">POST Request : url=https://the-originals.qacoders-academy.com.br/api/login 
 path_url=/api/login 
 headers={'User-Agent': 'python-requests/2.31.0', 'Accept-Encoding': 'gzip, deflate, br', 'accept': 'application/json', 'Connection': 'keep-alive', 'Content-Type': 'application/json', 'Content-Length': '58'} 
 body=b'{"mail": "sysadmin@qacoders.com", "password": "1234@Test"}' 
 </msg>
<msg time="2024-05-11T17:43:39.569371" level="INFO">POST Response : url=https://the-originals.qacoders-academy.com.br/api/login 
 status=200, reason=OK 
 headers={'Server': 'nginx/1.18.0 (Ubuntu)', 'Date': 'Sat, 11 May 2024 20:43:59 GMT', 'Content-Type': 'application/json; charset=utf-8', 'Transfer-Encoding': 'chunked', 'Connection': 'keep-alive', 'X-Powered-By': 'Express', 'Access-Control-Allow-Origin': '*', 'Access-Control-Allow-Methods': 'GET, POST, OPTIONS, PUT, PATCH, DELETE', 'Access-Control-Allow-Headers': 'Origin, X-Requested-With, Content-Type, Accept, Authorization', 'ETag': 'W/"534-5GfA+xaJMA3QgEmYcXzzE0HrpbE"', 'Content-Encoding': 'gzip'} 
 body={"msg":"Olá Qa-Coders-SYSADMIN, autenticação autorizada com sucesso!","user":{"_id":"65330c1efb8f3dad13a6808b","fullName":"Qa-Coders-SYSADMIN","mail":"sysadmin@qacoders.com","password":"$2b$10$3kC10vu/EjMoRQUmqQq/H.7crWYIIBcBDT2g4RU0BQ4mrRi4JExOu","accessProfile":"SYSADMIN","cpf":"11111111111","status":true,"audit":[{"registeredBy":{"userId":"111111111111111111","userLogin":"sysadmin@qacoders.com"},"registrationDate":"sexta-feira, 20/10/2023, 20:24:14 BRT","registrationNumber":"01","companyId":"Qa.Coders","_id":"65330c1efb8f3dad13a6808c"}],"__v":0},"token":"eyJhbGciOiJIUzI1NiIsInR5cCI6IkpXVCJ9.eyJfaWQiOiI2NTMzMGMxZWZiOGYzZGFkMTNhNjgwOGIiLCJmdWxsTmFtZSI6IlFhLUNvZGVycy1TWVNBRE1JTiIsIm1haWwiOiJzeXNhZG1pbkBxYWNvZGVycy5jb20iLCJwYXNzd29yZCI6IiQyYiQxMCQza0MxMHZ1L0VqTW9SUVVtcVFxL0guN2NyV1lJSUJjQkRUMmc0UlUwQlE0bXJSaTRKRXhPdSIsImFjY2Vzc1Byb2ZpbGUiOiJTWVNBRE1JTiIsImNwZiI6IjExMTExMTExMTExIiwic3RhdHVzIjp0cnVlLCJhdWRpdCI6W3sicmVnaXN0ZXJlZEJ5Ijp7InVzZXJJZCI6IjExMTExMTExMTExMTExMTExMSIsInVzZXJMb2dpbiI6InN5c2FkbWluQHFhY29kZXJzLmNvbSJ9LCJyZWdpc3RyYXRpb25EYXRlIjoic2V4dGEtZmVpcmEsIDIwLzEwLzIwMjMsIDIwOjI0OjE0IEJSVCIsInJlZ2lzdHJhdGlvbk51bWJlciI6IjAxIiwiY29tcGFueUlkIjoiUWEuQ29kZXJzIiwiX2lkIjoiNjUzMzBjMWVmYjhmM2RhZDEzYTY4MDhjIn1dLCJfX3YiOjAsImlhdCI6MTcxNTQ2MDIzOSwiZXhwIjoxNzE1NTQ2NjM5fQ.Ll9P5ZZrgEK6k8s86yH0RbQSmnzwNfGPUvmbaQHr90w"} 
 </msg>
[...]
acoders.com'}, 'registrationDate': 'sexta-feira, 22/12/2023, 06:46:30 BRT', '_id': '65855af6a2d3ae70485da0b8'}], '__v': 0}, 'status': True, 'audit': [{'registeredBy': {'userId': '65330c1efb8f3dad13a6808b', 'userLogin': 'sysadmin@qacoders.com'}, 'registrationDate': 'quinta-feira, 09/05/2024, 19:21:43 BRT', '_id': '663d4c774ebd54fc6f321591'}], '__v': 0}, {'_id': '663e81ae4ebd54fc6f321a86', 'departmentName': 'nywocgsnox', 'costCenter': {'_id': '65855af6a2d3ae70485da0b7', 'costCenterName': 'Quantitativos', 'costCenterCode': '27.01', 'board': '65855acfa2d3ae70485da0ae', 'status': True, 'audit': [{'registeredBy': {'userId': '65330c1efb8f3dad13a6808b', 'userLogin': 'sysadmin@qacoders.com'}, 'registrationDate': 'sexta-feira, 22/12/2023, 06:46:30 BRT', '_id': '65855af6a2d3ae70485da0b8'}], '__v': 0}, 'status': True, 'audit': [{'registeredBy': {'userId': '65330c1efb8f3dad13a6808b', 'userLogin': 'sysadmin@qacoders.com'}, 'registrationDate': 'sexta-feira, 10/05/2024, 17:21:02 BRT', '_id': '663e81ae4ebd54fc6f321a87'}], '__v': 0}, {'_id': '663e88244ebd54fc6f321a90', 'departmentName': 'lhljkwcnkvpdyhttvmvvaqupsri', 'costCenter': {'_id': '65855af6a2d3ae70485da0b7', 'costCenterName': 'Quantitativos', 'costCenterCode': '27.01', 'board': '65855acfa2d3ae70485da0ae', 'status': True, 'audit': [{'registeredBy': {'userId': '65330c1efb8f3dad13a6808b', 'userLogin': 'sysadmin@qacoders.com'}, 'registrationDate': 'sexta-feira, 22/12/2023, 06:46:30 BRT', '_id': '65855af6a2d3ae70485da0b8'}], '__v': 0}, 'status': True, 'audit': [{'registeredBy': {'userId': '65330c1efb8f3dad13a6808b', 'userLogin': 'sysadmin@qacoders.com'}, 'registrationDate': 'sexta-feira, 10/05/2024, 17:48:36 BRT', '_id': '663e88244ebd54fc6f321a91'}], '__v': 0}, {'_id': '663e884d4ebd54fc6f321a98', 'departmentName': 'pdvvmlojdnxxps&amp;zrqmpmhqqfdh', 'costCenter': {'_id': '65855af6a2d3ae70485da0b7', 'costCenterName': 'Quantitativos', 'costCenterCode': '27.01', 'board': '65855acfa2d3ae70485da0ae', 'status': True, 'audit': [{'registeredBy': {'userId': '65330c1efb8f3dad13a6808b', 'userLogin': 'sysadmin@qacoders.com'}, 'registrationDate': 'sexta-feira, 22/12/2023, 06:46:30 BRT', '_id': '65855af6a2d3ae70485da0b8'}], '__v': 0}, 'status': True, 'audit': [{'registeredBy': {'userId': '65330c1efb8f3dad13a6808b', 'userLogin': 'sysadmin@qacoders.com'}, 'registrationDate': 'sexta-feira, 10/05/2024, 17:49:17 BRT', '_id': '663e884d4ebd54fc6f321a99'}], '__v': 0}, {'_id': '663fcb054ebd54fc6f321e12', 'departmentName': 'uhlvjvnbhudepmen', 'costCenter': {'_id': '65855af6a2d3ae70485da0b7', 'costCenterName': 'Quantitativos', 'costCenterCode': '27.01', 'board': '65855acfa2d3ae70485da0ae', 'status': True, 'audit': [{'registeredBy': {'userId': '65330c1efb8f3dad13a6808b', 'userLogin': 'sysadmin@qacoders.com'}, 'registrationDate': 'sexta-feira, 22/12/2023, 06:46:30 BRT', '_id': '65855af6a2d3ae70485da0b8'}], '__v': 0}, 'status': True, 'audit': [{'registeredBy': {'userId': '65330c1efb8f3dad13a6808b', 'userLogin': 'sysadmin@qacoders.com'}, 'registrationDate': 'sábado, 11/05/2024, 16:46:13 BRT', '_id': '663fcb054ebd54fc6f321e13'}], '__v': 0}, {'_id': '663fcb054ebd54fc6f321e1c', 'departmentName': 'MEMVHCLUDEP', 'costCenter': {'_id': '65855af6a2d3ae70485da0b7', 'costCenterName': 'Quantitativos', 'costCenterCode': '27.01', 'board': '65855acfa2d3ae70485da0ae', 'status': True, 'audit': [{'registeredBy': {'userId': '65330c1efb8f3dad13a6808b', 'userLogin': 'sysadmin@qacoders.com'}, 'registrationDate': 'sexta-feira, 22/12/2023, 06:46:30 BRT', '_id': '65855af6a2d3ae70485da0b8'}], '__v': 0}, 'status': True, 'audit': [{'registeredBy': {'userId': '65330c1efb8f3dad13a6808b', 'userLogin': 'sysadmin@qacoders.com'}, 'registrationDate': 'sábado, 11/05/2024, 16:46:13 BRT', '_id': '663fcb054ebd54fc6f321e1d'}], '__v': 0}, {'_id': '663fcb064ebd54fc6f321e26', 'departmentName': 'tpdssqtijdepar&amp;', 'costCenter': {'_id': '65855af6a2d3ae70485da0b7', 'costCenterName': 'Quantitativos', 'costCenterCode': '27.01', 'board': '65855acfa2d3ae70485da0ae', 'status': True, 'audit': [{'registeredBy': {'userId': '65330c1efb8f3dad13a6808b', 'userLogin': 'sysadmin@qacoders.com'}, 'registrationDate': 'sexta-feira, 22/12/2023, 06:46:30 BRT', '_id': '65855af6a2d3ae70485da0b8'}], '__v': 0}, 'status': True, 'audit': [{'registeredBy': {'userId': '65330c1efb8f3dad13a6808b', 'userLogin': 'sysadmin@qacoders.com'}, 'registrationDate': 'sábado, 11/05/2024, 16:46:14 BRT', '_id': '663fcb064ebd54fc6f321e27'}], '__v': 0}, {'_id': '663fcb064ebd54fc6f321e30', 'departmentName': 'hqyjgrbnr&amp;', 'costCenter': {'_id': '65855af6a2d3ae70485da0b7', 'costCenterName': 'Quantitativos', 'costCenterCode': '27.01', 'board': '65855acfa2d3ae70485da0ae', 'status': True, 'audit': [{'registeredBy': {'userId': '65330c1efb8f3dad13a6808b', 'userLogin': 'sysadmin@qacoders.com'}, 'registrationDate': 'sexta-feira, 22/12/2023, 06:46:30 BRT', '_id': '65855af6a2d3ae70485da0b8'}], '__v': 0}, 'status': True, 'audit': [{'registeredBy': {'userId': '65330c1efb8f3dad13a6808b', 'userLogin': 'sysadmin@qacoders.com'}, 'registrationDate': 'sábado, 11/05/2024, 16:46:14 BRT', '_id': '663fcb064ebd54fc6f321e31'}], '__v': 0}, {'_id': '663fcb074ebd54fc6f321e40', 'departmentName': 'fvkbsajwqsdepmen', 'costCenter': {'_id': '65855af6a2d3ae70485da0b7', 'costCenterName': 'Quantitativos', 'costCenterCode': '27.01', 'board': '65855acfa2d3ae70485da0ae', 'status': True, 'audit': [{'registeredBy': {'userId': '65330c1efb8f3dad13a6808b', 'userLogin': 'sysadmin@qacoders.com'}, 'registrationDate': 'sexta-feira, 22/12/2023, 06:46:30 BRT', '_id': '65855af6a2d3ae70485da0b8'}], '__v': 0}, 'status': True, 'audit': [{'registeredBy': {'userId': '65330c1efb8f3dad13a6808b', 'userLogin': 'sysadmin@qacoders.com'}, 'registrationDate': 'sábado, 11/05/2024, 16:46:15 BRT', '_id': '663fcb074ebd54fc6f321e41'}], '__v': 0}, {'_id': '663fcb084ebd54fc6f321e4e', 'departmentName': 'geymurczfqwhdfhviifhihhxkqvcraqmjuodlwturpfmplnsla', 'costCenter': {'_id': '65855af6a2d3ae70485da0b7', 'costCenterName': 'Quantitativos', 'costCenterCode': '27.01', 'board': '65855acfa2d3ae70485da0ae', 'status': True, 'audit': [{'registeredBy': {'userId': '65330c1efb8f3dad13a6808b', 'userLogin': 'sysadmin@qacoders.com'}, 'registrationDate': 'sexta-feira, 22/12/2023, 06:46:30 BRT', '_id': '65855af6a2d3ae70485da0b8'}], '__v': 0}, 'status': True, 'audit': [{'registeredBy': {'userId': '65330c1efb8f3dad13a6808b', 'userLogin': 'sysadmin@qacoders.com'}, 'registrationDate': 'sábado, 11/05/2024, 16:46:16 BRT', '_id': '663fcb084ebd54fc6f321e4f'}], '__v': 0}, {'_id': '663fcb344ebd54fc6f3227e6', 'departmentName': 'zpbtbzxmpkdepmen', 'costCenter': {'_id': '65855af6a2d3ae70485da0b7', 'costCenterName': 'Quantitativos', 'costCenterCode': '27.01', 'board': '65855acfa2d3ae70485da0ae', 'status': True, 'audit': [{'registeredBy': {'userId': '65330c1efb8f3dad13a6808b', 'userLogin': 'sysadmin@qacoders.com'}, 'registrationDate': 'sexta-feira, 22/12/2023, 06:46:30 BRT', '_id': '65855af6a2d3ae70485da0b8'}], '__v': 0}, 'status': True, 'audit': [{'registeredBy': {'userId': '65330c1efb8f3dad13a6808b', 'userLogin': 'sysadmin@qacoders.com'}, 'registrationDate': 'sábado, 11/05/2024, 16:47:00 BRT', '_id': '663fcb344ebd54fc6f3227e7'}], '__v': 0}, {'_id': '663fcb354ebd54fc6f3227f5', 'departmentName': 'DJNBFYRHDEP', 'costCenter': {'_id': '65855af6a2d3ae70485da0b7', 'costCenterName': 'Quantitativos', 'costCenterCode': '27.01', 'board': '65855acfa2d3ae70485da0ae', 'status': True, 'audit': [{'registeredBy': {'userId': '65330c1efb8f3dad13a6808b', 'userLogin': 'sysadmin@qacoders.com'}, 'registrationDate': 'sexta-feira, 22/12/2023, 06:46:30 BRT', '_id': '65855af6a2d3ae70485da0b8'}], '__v': 0}, 'status': True, 'audit': [{'registeredBy': {'userId': '65330c1efb8f3dad13a6808b', 'userLogin': 'sysadmin@qacoders.com'}, 'registrationDate': 'sábado, 11/05/2024, 16:47:01 BRT', '_id': '663fcb354ebd54fc6f3227f6'}], '__v': 0}, {'_id': '663fcb374ebd54fc6f322808', 'departmentName': 'zmzmpypjedepar&amp;', 'costCenter': {'_id': '65855af6a2d3ae70485da0b7', 'costCenterName': 'Quantitativos', 'costCenterCode': '27.01', 'board': '65855acfa2d3ae70485da0ae', 'status': True, 'audit': [{'registeredBy': {'userId': '65330c1efb8f3dad13a6808b', 'userLogin': 'sysadmin@qacoders.com'}, 'registrationDate': 'sexta-feira, 22/12/2023, 06:46:30 BRT', '_id': '65855af6a2d3ae70485da0b8'}], '__v': 0}, 'status': True, 'audit': [{'registeredBy': {'userId': '65330c1efb8f3dad13a6808b', 'userLogin': 'sysadmin@qacoders.com'}, 'registrationDate': 'sábado, 11/05/2024, 16:47:03 BRT', '_id': '663fcb374ebd54fc6f322809'}], '__v': 0}, {'_id': '663fcb384ebd54fc6f322821', 'departmentName': 'pfolsicpf&amp;', 'costCenter': {'_id': '65855af6a2d3ae70485da0b7', 'costCenterName': 'Quantitativos', 'costCenterCode': '27.01', 'board': '65855acfa2d3ae70485da0ae', 'status': True, 'audit': [{'registeredBy': {'userId': '65330c1efb8f3dad13a6808b', 'userLogin': 'sysadmin@qacoders.com'}, 'registrationDate': 'sexta-feira, 22/12/2023, 06:46:30 BRT', '_id': '65855af6a2d3ae70485da0b8'}], '__v': 0}, 'status': True, 'audit': [{'registeredBy': {'userId': '65330c1efb8f3dad13a6808b', 'userLogin': 'sysadmin@qacoders.com'}, 'registrationDate': 'sábado, 11/05/2024, 16:47:04 BRT', '_id': '663fcb384ebd54fc6f322822'}], '__v': 0}, {'_id': '663fcb3d4ebd54fc6f322846', 'departmentName': 'mpeaxmqxvrdepmen', 'costCenter': {'_id': '65855af6a2d3ae70485da0b7', 'costCenterName': 'Quantitativos', 'costCenterCode': '27.01', 'board': '65855acfa2d3ae70485da0ae', 'status': True, 'audit': [{'registeredBy': {'userId': '65330c1efb8f3dad13a6808b', 'userLogin': 'sysadmin@qacoders.com'}, 'registrationDate': 'sexta-feira, 22/12/2023, 06:46:30 BRT', '_id': '65855af6a2d3ae70485da0b8'}], '__v': 0}, 'status': True, 'audit': [{'registeredBy': {'userId': '65330c1efb8f3dad13a6808b', 'userLogin': 'sysadmin@qacoders.com'}, 'registrationDate': 'sábado, 11/05/2024, 16:47:09 BRT', '_id': '663fcb3d4ebd54fc6f322847'}], '__v': 0}, {'_id': '663fcb404ebd54fc6f322bfb', 'departmentName': 'qkinmzdxtvqqbudgeybcdegvsdidsvkakxpcecszfjfrwdxlub', 'costCenter': {'_id': '65855af6a2d3ae70485da0b7', 'costCenterName': 'Quantitativos', 'costCenterCode': '27.01', 'board': '65855acfa2d3ae70485da0ae', 'status': True, 'audit': [{'registeredBy': {'userId': '65330c1efb8f3dad13a6808b', 'userLogin': 'sysadmin@qacoders.com'}, 'registrationDate': 'sexta-feira, 22/12/2023, 06:46:30 BRT', '_id': '65855af6a2d3ae70485da0b8'}], '__v': 0}, 'status': True, 'audit': [{'registeredBy': {'userId': '65330c1efb8f3dad13a6808b', 'userLogin': 'sysadmin@qacoders.com'}, 'registrationDate': 'sábado, 11/05/2024, 16:47:12 BRT', '_id': '663fcb404ebd54fc6f322bfc'}], '__v': 0}, {'_id': '663fcf6e4ebd54fc6f3231c7', 'departmentName': 'ComplianceTeste', 'costCenter': {'_id': '65855af6a2d3ae70485da0b7', 'costCenterName': 'Quantitativos', 'costCenterCode': '27.01', 'board': '65855acfa2d3ae70485da0ae', 'status': True, 'audit': [{'registeredBy': {'userId': '65330c1efb8f3dad13a6808b', 'userLogin': 'sysadmin@qacoders.com'}, 'registrationDate': 'sexta-feira, 22/12/2023, 06:46:30 BRT', '_id': '65855af6a2d3ae70485da0b8'}], '__v': 0}, 'status': True, 'audit': [{'registeredBy': {'userId': '65330c1efb8f3dad13a6808b', 'userLogin': 'sysadmin@qacoders.com'}, 'registrationDate': 'sábado, 11/05/2024, 17:05:02 BRT', '_id': '663fcf6e4ebd54fc6f3231c8'}], '__v': 0}, {'_id': '663fd1584ebd54fc6f3231d3', 'departmentName': 'oimhptjusu', 'costCenter': {'_id': '65855af6a2d3ae70485da0b7', 'costCenterName': 'Quantitativos', 'costCenterCode': '27.01', 'board': '65855acfa2d3ae70485da0ae', 'status': True, 'audit': [{'registeredBy': {'userId': '65330c1efb8f3dad13a6808b', 'userLogin': 'sysadmin@qacoders.com'}, 'registrationDate': 'sexta-feira, 22/12/2023, 06:46:30 BRT', '_id': '65855af6a2d3ae70485da0b8'}], '__v': 0}, 'status': True, 'audit': [{'registeredBy': {'userId': '65330c1efb8f3dad13a6808b', 'userLogin': 'sysadmin@qacoders.com'}, 'registrationDate': 'sábado, 11/05/2024, 17:13:12 BRT', '_id': '663fd1584ebd54fc6f3231d4'}], '__v': 0}, {'_id': '663fd1944ebd54fc6f3231db', 'departmentName': 'tzxvtnhtci', 'costCenter': {'_id': '65855af6a2d3ae70485da0b7', 'costCenterName': 'Quantitativos', 'costCenterCode': '27.01', 'board': '65855acfa2d3ae70485da0ae', 'status': True, 'audit': [{'registeredBy': {'userId': '65330c1efb8f3dad13a6808b', 'userLogin': 'sysadmin@qacoders.com'}, 'registrationDate': 'sexta-feira, 22/12/2023, 06:46:30 BRT', '_id': '65855af6a2d3ae70485da0b8'}], '__v': 0}, 'status': True, 'audit': [{'registeredBy': {'userId': '65330c1efb8f3dad13a6808b', 'userLogin': 'sysadmin@qacoders.com'}, 'registrationDate': 'sábado, 11/05/2024, 17:14:12 BRT', '_id': '663fd1944ebd54fc6f3231dc'}], '__v': 0}, {'_id': '663fd19a4ebd54fc6f3231e3', 'departmentName': 'tbldephmbn', 'costCenter': {'_id': '65855af6a2d3ae70485da0b7', 'costCenterName': 'Quantitativos', 'costCenterCode': '27.01', 'board': '65855acfa2d3ae70485da0ae', 'status': True, 'audit': [{'registeredBy': {'userId': '65330c1efb8f3dad13a6808b', 'userLogin': 'sysadmin@qacoders.com'}, 'registrationDate': 'sexta-feira, 22/12/2023, 06:46:30 BRT', '_id': '65855af6a2d3ae70485da0b8'}], '__v': 0}, 'status': True, 'audit': [{'registeredBy': {'userId': '65330c1efb8f3dad13a6808b', 'userLogin': 'sysadmin@qacoders.com'}, 'registrationDate': 'sábado, 11/05/2024, 17:14:18 BRT', '_id': '663fd19a4ebd54fc6f3231e4'}], '__v': 0}, {'_id': '663fd34d4ebd54fc6f3231ed', 'departmentName': 'AIVGOCPEII', 'costCenter': {'_id': '65855af6a2d3ae70485da0b7', 'costCenterName': 'Quantitativos', 'costCenterCode': '27.01', 'board': '65855acfa2d3ae70485da0ae', 'status': True, 'audit': [{'registeredBy': {'userId': '65330c1efb8f3dad13a6808b', 'userLogin': 'sysadmin@qacoders.com'}, 'registrationDate': 'sexta-feira, 22/12/2023, 06:46:30 BRT', '_id': '65855af6a2d3ae70485da0b8'}], '__v': 0}, 'status': True, 'audit': [{'registeredBy': {'userId': '65330c1efb8f3dad13a6808b', 'userLogin': 'sysadmin@qacoders.com'}, 'registrationDate': 'sábado, 11/05/2024, 17:21:33 BRT', '_id': '663fd34d4ebd54fc6f3231ee'}], '__v': 0}, {'_id': '663fd4154ebd54fc6f3231f5', 'departmentName': 'nvcpcqrhswzxefujnfrsntxlixz', 'costCenter': {'_id': '65855af6a2d3ae70485da0b7', 'costCenterName': 'Quantitativos', 'costCenterCode': '27.01', 'board': '65855acfa2d3ae70485da0ae', 'status': True, 'audit': [{'registeredBy': {'userId': '65330c1efb8f3dad13a6808b', 'userLogin': 'sysadmin@qacoders.com'}, 'registrationDate': 'sexta-feira, 22/12/2023, 06:46:30 BRT', '_id': '65855af6a2d3ae70485da0b8'}], '__v': 0}, 'status': True, 'audit': [{'registeredBy': {'userId': '65330c1efb8f3dad13a6808b', 'userLogin': 'sysadmin@qacoders.com'}, 'registrationDate': 'sábado, 11/05/2024, 17:24:53 BRT', '_id': '663fd4154ebd54fc6f3231f6'}], '__v': 0}, {'_id': '663fd88e4ebd54fc6f3231ff', 'departmentName': 'uljqhfwskydepmen', 'costCenter': {'_id': '65855af6a2d3ae70485da0b7', 'costCenterName': 'Quantitativos', 'costCenterCode': '27.01', 'board': '65855acfa2d3ae70485da0ae', 'status': True, 'audit': [{'registeredBy': {'userId': '65330c1efb8f3dad13a6808b', 'userLogin': 'sysadmin@qacoders.com'}, 'registrationDate': 'sexta-feira, 22/12/2023, 06:46:30 BRT', '_id': '65855af6a2d3ae70485da0b8'}], '__v': 0}, 'status': True, 'audit': [{'registeredBy': {'userId': '65330c1efb8f3dad13a6808b', 'userLogin': 'sysadmin@qacoders.com'}, 'registrationDate': 'sábado, 11/05/2024, 17:43:58 BRT', '_id': '663fd88e4ebd54fc6f323200'}], '__v': 0}, {'_id': '663fd88e4ebd54fc6f323209', 'departmentName': 'EJQXQWTXDEP', 'costCenter': {'_id': '65855af6a2d3ae70485da0b7', 'costCenterName': 'Quantitativos', 'costCenterCode': '27.01', 'board': '65855acfa2d3ae70485da0ae', 'status': True, 'audit': [{'registeredBy': {'userId': '65330c1efb8f3dad13a6808b', 'userLogin': 'sysadmin@qacoders.com'}, 'registrationDate': 'sexta-feira, 22/12/2023, 06:46:30 BRT', '_id': '65855af6a2d3ae70485da0b8'}], '__v': 0}, 'status': True, 'audit': [{'registeredBy': {'userId': '65330c1efb8f3dad13a6808b', 'userLogin': 'sysadmin@qacoders.com'}, 'registrationDate': 'sábado, 11/05/2024, 17:43:58 BRT', '_id': '663fd88e4ebd54fc6f32320a'}], '__v': 0}, {'_id': '663fd88f4ebd54fc6f323213', 'departmentName': 'xcpllujshdepar&amp;', 'costCenter': {'_id': '65855af6a2d3ae70485da0b7', 'costCenterName': 'Quantitativos', 'costCenterCode': '27.01', 'board': '65855acfa2d3ae70485da0ae', 'status': True, 'audit': [{'registeredBy': {'userId': '65330c1efb8f3dad13a6808b', 'userLogin': 'sysadmin@qacoders.com'}, 'registrationDate': 'sexta-feira, 22/12/2023, 06:46:30 BRT', '_id': '65855af6a2d3ae70485da0b8'}], '__v': 0}, 'status': True, 'audit': [{'registeredBy': {'userId': '65330c1efb8f3dad13a6808b', 'userLogin': 'sysadmin@qacoders.com'}, 'registrationDate': 'sábado, 11/05/2024, 17:43:59 BRT', '_id': '663fd88f4ebd54fc6f323214'}], '__v': 0}, {'_id': '663fd88f4ebd54fc6f32321d', 'departmentName': 'sgvijxywf&amp;', 'costCenter': {'_id': '65855af6a2d3ae70485da0b7', 'costCenterName': 'Quantitativos', 'costCenterCode': '27.01', 'board': '65855acfa2d3ae70485da0ae', 'status': True, 'audit': [{'registeredBy': {'userId': '65330c1efb8f3dad13a6808b', 'userLogin': 'sysadmin@qacoders.com'}, 'registrationDate': 'sexta-feira, 22/12/2023, 06:46:30 BRT', '_id': '65855af6a2d3ae70485da0b8'}], '__v': 0}, 'status': True, 'audit': [{'registeredBy': {'userId': '65330c1efb8f3dad13a6808b', 'userLogin': 'sysadmin@qacoders.com'}, 'registrationDate': 'sábado, 11/05/2024, 17:43:59 BRT', '_id': '663fd88f4ebd54fc6f32321e'}], '__v': 0}, {'_id': '663fd8914ebd54fc6f32322d', 'departmentName': 'edckcmsjtedepmen', 'costCenter': {'_id': '65855af6a2d3ae70485da0b7', 'costCenterName': 'Quantitativos', 'costCenterCode': '27.01', 'board': '65855acfa2d3ae70485da0ae', 'status': True, 'audit': [{'registeredBy': {'userId': '65330c1efb8f3dad13a6808b', 'userLogin': 'sysadmin@qacoders.com'}, 'registrationDate': 'sexta-feira, 22/12/2023, 06:46:30 BRT', '_id': '65855af6a2d3ae70485da0b8'}], '__v': 0}, 'status': True, 'audit': [{'registeredBy': {'userId': '65330c1efb8f3dad13a6808b', 'userLogin': 'sysadmin@qacoders.com'}, 'registrationDate': 'sábado, 11/05/2024, 17:44:01 BRT', '_id': '663fd8914ebd54fc6f32322e'}], '__v': 0}, {'_id': '663fd8914ebd54fc6f32323b', 'departmentName': 'kxlfitzshfllxcrozsompiabduihmyfyedjmsqqsbkqepwfdhf', 'costCenter': {'_id': '65855af6a2d3ae70485da0b7', 'costCenterName': 'Quantitativos', 'costCenterCode': '27.01', 'board': '65855acfa2d3ae70485da0ae', 'status': True, 'audit': [{'registeredBy': {'userId': '65330c1efb8f3dad13a6808b', 'userLogin': 'sysadmin@qacoders.com'}, 'registrationDate': 'sexta-feira, 22/12/2023, 06:46:30 BRT', '_id': '65855af6a2d3ae70485da0b8'}], '__v': 0}, 'status': True, 'audit': [{'registeredBy': {'userId': '65330c1efb8f3dad13a6808b', 'userLogin': 'sysadmin@qacoders.com'}, 'registrationDate': 'sábado, 11/05/2024, 17:44:01 BRT', '_id': '663fd8914ebd54fc6f32323c'}], '__v': 0}]</msg>
<arg>${response.json()}</arg>
<doc>Logs the given message with the given level.</doc>
<status status="PASS" start="2024-05-11T17:43:42.986890" elapsed="0.032335"/>
</kw>
<kw name="Set Test Variable" owner="BuiltIn">
<msg time="2024-05-11T17:43:43.032823" level="INFO">${ID_DEPARTAMENTO} = [{'_id': '658206a8a2d3ae70485d9b7b', 'departmentName': 'Ações', 'costCenter': {'_id': '658202daa2d3ae70485d9b73', 'costCenterName': 'Financeiro', 'costCenterCode': '25.01', 'board': '6581becea2d3ae704...</msg>
<arg>${ID_DEPARTAMENTO}</arg>
<arg>${response.json()}</arg>
<doc>Makes a variable available everywhere within the scope of the current test.</doc>
<status status="PASS" start="2024-05-11T17:43:43.020244" elapsed="0.012658"/>
</kw>
<status status="PASS" start="2024-05-11T17:43:42.553148" elapsed="0.479839"/>
</kw>
<status status="PASS" start="2024-05-11T17:43:42.265721" elapsed="0.767398"/>
</test>
<status status="PASS" start="2024-05-11T17:43:37.289537" elapsed="5.743997"/>
</suite>
<statistics>
<total>
<stat pass="12" fail="0" skip="0">All Tests</stat>
</total>
<tag>
</tag>
<suite>
<stat pass="12" fail="0" skip="0" id="s1" name="Departamento">Departamento</stat>
</suite>
</statistics>
<errors>
</errors>
</robot>
