<?xml version="1.0" encoding="UTF-8"?>
<robot generator="Robot 7.0 (Python 3.12.3 on linux)" generated="2024-05-11T17:44:15.045383" rpa="false" schemaversion="5">
<suite id="s1" name="Diretoria" source="/home/sami/academy/APIacademy/tests/diretoria.robot">
<test id="s1-t1" name="CT01 - Cadastrar um Board" line="5">
<kw name="Create API Session" owner="API">
<kw name="Create Dictionary" owner="BuiltIn">
<msg time="2024-05-11T17:44:15.177001" level="INFO">${headers} = {'accept': 'application/json', 'Content-Type': 'application/json'}</msg>
<var>${headers}</var>
<arg>accept=application/json</arg>
<arg>Content-Type=application/json</arg>
<doc>Creates and returns a dictionary based on the given ``items``.</doc>
<status status="PASS" start="2024-05-11T17:44:15.176766" elapsed="0.000263"/>
</kw>
<kw name="Create Session" owner="RequestsLibrary">
<msg time="2024-05-11T17:44:15.177315" level="INFO">Creating Session using : alias=APITheOriginals, url=https://the-originals.qacoders-academy.com.br, headers={'accept': 'application/json', 'Content-Type': 'application/json'},                     cookies={}, auth=None, timeout=None, proxies=None, verify=False,                     debug=0 </msg>
<arg>alias=APITheOriginals</arg>
<arg>url=https://the-originals.qacoders-academy.com.br</arg>
<arg>headers=${headers}</arg>
<doc>Create Session: create a HTTP session to a server</doc>
<status status="PASS" start="2024-05-11T17:44:15.177141" elapsed="0.000312"/>
</kw>
<status status="PASS" start="2024-05-11T17:44:15.176104" elapsed="0.001420"/>
</kw>
<kw name="Login de acesso" owner="API">
<kw name="Create Dictionary" owner="BuiltIn">
<msg time="2024-05-11T17:44:15.178050" level="INFO">${body} = {'mail': 'sysadmin@qacoders.com', 'password': '1234@Test'}</msg>
<var>${body}</var>
<arg>mail=${mail}</arg>
<arg>password=${password}</arg>
<doc>Creates and returns a dictionary based on the given ``items``.</doc>
<status status="PASS" start="2024-05-11T17:44:15.177883" elapsed="0.000185"/>
</kw>
<kw name="Log" owner="BuiltIn">
<msg time="2024-05-11T17:44:15.178237" level="INFO">{'mail': 'sysadmin@qacoders.com', 'password': '1234@Test'}</msg>
<arg>${body}</arg>
<doc>Logs the given message with the given level.</doc>
<status status="PASS" start="2024-05-11T17:44:15.178146" elapsed="0.000119"/>
</kw>
<kw name="Create API Session" owner="API">
<kw name="Create Dictionary" owner="BuiltIn">
<msg time="2024-05-11T17:44:15.178583" level="INFO">${headers} = {'accept': 'application/json', 'Content-Type': 'application/json'}</msg>
<var>${headers}</var>
<arg>accept=application/json</arg>
<arg>Content-Type=application/json</arg>
<doc>Creates and returns a dictionary based on the given ``items``.</doc>
<status status="PASS" start="2024-05-11T17:44:15.178482" elapsed="0.000117"/>
</kw>
<kw name="Create Session" owner="RequestsLibrary">
<msg time="2024-05-11T17:44:15.178811" level="INFO">Creating Session using : alias=APITheOriginals, url=https://the-originals.qacoders-academy.com.br, headers={'accept': 'application/json', 'Content-Type': 'application/json'},                     cookies={}, auth=None, timeout=None, proxies=None, verify=False,                     debug=0 </msg>
<arg>alias=APITheOriginals</arg>
<arg>url=https://the-originals.qacoders-academy.com.br</arg>
<arg>headers=${headers}</arg>
<doc>Create Session: create a HTTP session to a server</doc>
<status status="PASS" start="2024-05-11T17:44:15.178678" elapsed="0.000231"/>
</kw>
<status status="PASS" start="2024-05-11T17:44:15.178349" elapsed="0.000610"/>
</kw>
<kw name="POST On Session" owner="RequestsLibrary">
<msg time="2024-05-11T17:44:15.410518" level="INFO">POST Request : url=https://the-originals.qacoders-academy.com.br/api/login 
 path_url=/api/login 
 headers={'User-Agent': 'python-requests/2.31.0', 'Accept-Encoding': 'gzip, deflate, br', 'accept': 'application/json', 'Connection': 'keep-alive', 'Content-Type': 'application/json', 'Content-Length': '58'} 
 body=b'{"mail": "sysadmin@qacoders.com", "password": "1234@Test"}' 
 </msg>
<msg time="2024-05-11T17:44:15.410789" level="INFO">POST Response : url=https://the-originals.qacoders-academy.com.br/api/login 
 status=200, reason=OK 
 headers={'Server': 'nginx/1.18.0 (Ubuntu)', 'Date': 'Sat, 11 May 2024 20:44:35 GMT', 'Content-Type': 'application/json; charset=utf-8', 'Transfer-Encoding': 'chunked', 'Connection': 'keep-alive', 'X-Powered-By': 'Express', 'Access-Control-Allow-Origin': '*', 'Access-Control-Allow-Methods': 'GET, POST, OPTIONS, PUT, PATCH, DELETE', 'Access-Control-Allow-Headers': 'Origin, X-Requested-With, Content-Type, Accept, Authorization', 'ETag': 'W/"534-syfrVPJu6A/r1gdYRMKSoc7m2c8"', 'Content-Encoding': 'gzip'} 
 body={"msg":"Olá Qa-Coders-SYSADMIN, autenticação autorizada com sucesso!","user":{"_id":"65330c1efb8f3dad13a6808b","fullName":"Qa-Coders-SYSADMIN","mail":"sysadmin@qacoders.com","password":"$2b$10$3kC10vu/EjMoRQUmqQq/H.7crWYIIBcBDT2g4RU0BQ4mrRi4JExOu","accessProfile":"SYSADMIN","cpf":"11111111111","status":true,"audit":[{"registeredBy":{"userId":"111111111111111111","userLogin":"sysadmin@qacoders.com"},"registrationDate":"sexta-feira, 20/10/2023, 20:24:14 BRT","registrationNumber":"01","companyId":"Qa.Coders","_id":"65330c1efb8f3dad13a6808c"}],"__v":0},"token":"eyJhbGciOiJIUzI1NiIsInR5cCI6IkpXVCJ9.eyJfaWQiOiI2NTMzMGMxZWZiOGYzZGFkMTNhNjgwOGIiLCJmdWxsTmFtZSI6IlFhLUNvZGVycy1TWVNBRE1JTiIsIm1haWwiOiJzeXNhZG1pbkBxYWNvZGVycy5jb20iLCJwYXNzd29yZCI6IiQyYiQxMCQza0MxMHZ1L0VqTW9SUVVtcVFxL0guN2NyV1lJSUJjQkRUMmc0UlUwQlE0bXJSaTRKRXhPdSIsImFjY2Vzc1Byb2ZpbGUiOiJTWVNBRE1JTiIsImNwZiI6IjExMTExMTExMTExIiwic3RhdHVzIjp0cnVlLCJhdWRpdCI6W3sicmVnaXN0ZXJlZEJ5Ijp7InVzZXJJZCI6IjExMTExMTExMTExMTExMTExMSIsInVzZXJMb2dpbiI6InN5c2FkbWluQHFhY29kZXJzLmNvbSJ9LCJyZWdpc3RyYXRpb25EYXRlIjoic2V4dGEtZmVpcmEsIDIwLzEwLzIwMjMsIDIwOjI0OjE0IEJSVCIsInJlZ2lzdHJhdGlvbk51bWJlciI6IjAxIiwiY29tcGFueUlkIjoiUWEuQ29kZXJzIiwiX2lkIjoiNjUzMzBjMWVmYjhmM2RhZDEzYTY4MDhjIn1dLCJfX3YiOjAsImlhdCI6MTcxNTQ2MDI3NSwiZXhwIjoxNzE1NTQ2Njc1fQ.84v7466W3euzk_ulEKs5d_PFnyR1P97JPZNLTWevyfc"} 
 </msg>
<msg time="2024-05-11T17:44:15.410973" level="INFO">/usr/lib/python3.12/site-packages/urllib3/connectionpool.py:1061: InsecureRequestWarning: Unverified HTTPS request is being made to host 'the-originals.qacoders-academy.com.br'. Adding certificate verification is strongly advised. See: https://urllib3.readthedocs.io/en/1.26.x/advanced-usage.html#ssl-warnings
  warnings.warn(</msg>
<msg time="2024-05-11T17:44:15.411246" level="INFO">${response} = &lt;Response [200]&gt;</msg>
<var>${response}</var>
<arg>alias=APITheOriginals</arg>
<arg>url=/api/login</arg>
<arg>json=${body}</arg>
<doc>Sends a POST request on a previously created HTTP Session.</doc>
<status status="PASS" start="2024-05-11T17:44:15.179036" elapsed="0.232273"/>
</kw>
<kw name="Log" owner="BuiltIn">
<msg time="2024-05-11T17:44:15.413270" level="INFO">{'msg': 'Olá Qa-Coders-SYSADMIN, autenticação autorizada com sucesso!', 'user': {'_id': '65330c1efb8f3dad13a6808b', 'fullName': 'Qa-Coders-SYSADMIN', 'mail': 'sysadmin@qacoders.com', 'password': '$2b$10$3kC10vu/EjMoRQUmqQq/H.7crWYIIBcBDT2g4RU0BQ4mrRi4JExOu', 'accessProfile': 'SYSADMIN', 'cpf': '11111111111', 'status': True, 'audit': [{'registeredBy': {'userId': '111111111111111111', 'userLogin': 'sysadmin@qacoders.com'}, 'registrationDate': 'sexta-feira, 20/10/2023, 20:24:14 BRT', 'registrationNumber': '01', 'companyId': 'Qa.Coders', '_id': '65330c1efb8f3dad13a6808c'}], '__v': 0}, 'token': 'eyJhbGciOiJIUzI1NiIsInR5cCI6IkpXVCJ9.eyJfaWQiOiI2NTMzMGMxZWZiOGYzZGFkMTNhNjgwOGIiLCJmdWxsTmFtZSI6IlFhLUNvZGVycy1TWVNBRE1JTiIsIm1haWwiOiJzeXNhZG1pbkBxYWNvZGVycy5jb20iLCJwYXNzd29yZCI6IiQyYiQxMCQza0MxMHZ1L0VqTW9SUVVtcVFxL0guN2NyV1lJSUJjQkRUMmc0UlUwQlE0bXJSaTRKRXhPdSIsImFjY2Vzc1Byb2ZpbGUiOiJTWVNBRE1JTiIsImNwZiI6IjExMTExMTExMTExIiwic3RhdHVzIjp0cnVlLCJhdWRpdCI6W3sicmVnaXN0ZXJlZEJ5Ijp7InVzZXJJZCI6IjExMTExMTExMTExMTExMTExMSIsInVzZXJMb2dpbiI6InN5c2FkbWluQHFhY29kZXJzLmNvbSJ9LCJyZWdpc3RyYXRpb25EYXRlIjoic2V4dGEtZmVpcmEsIDIwLzEwLzIwMjMsIDIwOjI0OjE0IEJSVCIsInJlZ2lzdHJhdGlvbk51bWJlciI6IjAxIiwiY29tcGFueUlkIjoiUWEuQ29kZXJzIiwiX2lkIjoiNjUzMzBjMWVmYjhmM2RhZDEzYTY4MDhjIn1dLCJfX3YiOjAsImlhdCI6MTcxNTQ2MDI3NSwiZXhwIjoxNzE1NTQ2Njc1fQ.84v7466W3euzk_ulEKs5d_PFnyR1P97JPZNLTWevyfc'}</msg>
<arg>${response.json()}</arg>
<doc>Logs the given message with the given level.</doc>
<status status="PASS" start="2024-05-11T17:44:15.411717" elapsed="0.001821"/>
</kw>
<kw name="Set Test Variable" owner="BuiltIn">
<msg time="2024-05-11T17:44:15.416677" level="INFO">${TOKEN} = eyJhbGciOiJIUzI1NiIsInR5cCI6IkpXVCJ9.eyJfaWQiOiI2NTMzMGMxZWZiOGYzZGFkMTNhNjgwOGIiLCJmdWxsTmFtZSI6IlFhLUNvZGVycy1TWVNBRE1JTiIsIm1haWwiOiJzeXNhZG1pbkBxYWNvZGVycy5jb20iLCJwYXNzd29yZCI6IiQyYiQxMCQza0MxMHZ...</msg>
<arg>${TOKEN}</arg>
<arg>${response.json()["token"]}</arg>
<doc>Makes a variable available everywhere within the scope of the current test.</doc>
<status status="PASS" start="2024-05-11T17:44:15.413915" elapsed="0.002891"/>
</kw>
<status status="PASS" start="2024-05-11T17:44:15.177690" elapsed="0.239310"/>
</kw>
<kw name="Criar um nome randomico departamento/board" owner="API">
<kw name="Generate Random String" owner="String">
<msg time="2024-05-11T17:44:15.419046" level="INFO">${nome_randomic} = YfhSgcmyxc</msg>
<var>${nome_randomic}</var>
<arg>10</arg>
<arg>chars=[LETTERS]</arg>
<doc>Generates a string with a desired ``length`` from the given ``chars``.</doc>
<status status="PASS" start="2024-05-11T17:44:15.418399" elapsed="0.000719"/>
</kw>
<kw name="Convert To Lower Case" owner="String">
<msg time="2024-05-11T17:44:15.419760" level="INFO">${nome_randomic} = yfhsgcmyxc</msg>
<var>${nome_randomic}</var>
<arg>${nome_randomic}</arg>
<doc>Converts string to lower case.</doc>
<status status="PASS" start="2024-05-11T17:44:15.419418" elapsed="0.000398"/>
</kw>
<kw name="Set Test Variable" owner="BuiltIn">
<msg time="2024-05-11T17:44:15.422200" level="INFO">${nomedepartamento} = yfhsgcmyxcdepmen</msg>
<arg>${nomedepartamento}</arg>
<arg>${nome_randomic}depmen</arg>
<doc>Makes a variable available everywhere within the scope of the current test.</doc>
<status status="PASS" start="2024-05-11T17:44:15.420085" elapsed="0.002226"/>
</kw>
<kw name="Log" owner="BuiltIn">
<msg time="2024-05-11T17:44:15.422853" level="INFO">yfhsgcmyxcdepmen</msg>
<arg>${nomedepartamento}</arg>
<doc>Logs the given message with the given level.</doc>
<status status="PASS" start="2024-05-11T17:44:15.422585" elapsed="0.000353"/>
</kw>
<kw name="Generate Random String" owner="String">
<msg time="2024-05-11T17:44:15.423626" level="INFO">${nome_randomic} = ojfdsIiIK</msg>
<var>${nome_randomic}</var>
<arg>9</arg>
<arg>chars=[LETTERS]</arg>
<doc>Generates a string with a desired ``length`` from the given ``chars``.</doc>
<status status="PASS" start="2024-05-11T17:44:15.423175" elapsed="0.000527"/>
</kw>
<kw name="Convert To Lower Case" owner="String">
<msg time="2024-05-11T17:44:15.424462" level="INFO">${nome_randomic} = ojfdsiiik</msg>
<var>${nome_randomic}</var>
<arg>${nome_randomic}</arg>
<doc>Converts string to lower case.</doc>
<status status="PASS" start="2024-05-11T17:44:15.424053" elapsed="0.000486"/>
</kw>
<kw name="Set Test Variable" owner="BuiltIn">
<msg time="2024-05-11T17:44:15.426387" level="INFO">${nomedepart&amp;} = ojfdsiiik&amp;</msg>
<arg>${nomedepart&amp;}</arg>
<arg>${nome_randomic}&amp;</arg>
<doc>Makes a variable available everywhere within the scope of the current test.</doc>
<status status="PASS" start="2024-05-11T17:44:15.424785" elapsed="0.001675"/>
</kw>
<kw name="Log" owner="BuiltIn">
<msg time="2024-05-11T17:44:15.426864" level="INFO">ojfdsiiik&amp;</msg>
<arg>${nomedepart&amp;}</arg>
<doc>Logs the given message with the given level.</doc>
<status status="PASS" start="2024-05-11T17:44:15.426660" elapsed="0.000270"/>
</kw>
<kw name="Generate Random String" owner="String">
<msg time="2024-05-11T17:44:15.427435" level="INFO">${nome_randomic} = tNubVkhI</msg>
<var>${nome_randomic}</var>
<arg>8</arg>
<arg>chars=[LETTERS]</arg>
<doc>Generates a string with a desired ``length`` from the given ``chars``.</doc>
<status status="PASS" start="2024-05-11T17:44:15.427119" elapsed="0.000345"/>
</kw>
<kw name="Convert To Upper Case" owner="String">
<msg time="2024-05-11T17:44:15.427769" level="INFO">${nome_randomic} = TNUBVKHI</msg>
<var>${nome_randomic}</var>
<arg>${nome_randomic}</arg>
<doc>Converts string to upper case.</doc>
<status status="PASS" start="2024-05-11T17:44:15.427596" elapsed="0.000200"/>
</kw>
<kw name="Set Test Variable" owner="BuiltIn">
<msg time="2024-05-11T17:44:15.429292" level="INFO">${NOMEDEPAT} = TNUBVKHIDEP</msg>
<arg>${NOMEDEPAT}</arg>
<arg>${nome_randomic}DEP</arg>
<doc>Makes a variable available everywhere within the scope of the current test.</doc>
<status status="PASS" start="2024-05-11T17:44:15.427928" elapsed="0.001477"/>
</kw>
<kw name="Log" owner="BuiltIn">
<msg time="2024-05-11T17:44:15.429968" level="INFO">TNUBVKHIDEP</msg>
<arg>${NOMEDEPAT}</arg>
<doc>Logs the given message with the given level.</doc>
<status status="PASS" start="2024-05-11T17:44:15.429688" elapsed="0.000370"/>
</kw>
<kw name="Generate Random String" owner="String">
<msg time="2024-05-11T17:44:15.430733" level="INFO">${nome_randomic} = YNCvAzoKw</msg>
<var>${nome_randomic}</var>
<arg>9</arg>
<arg>chars=[LETTERS]</arg>
<doc>Generates a string with a desired ``length`` from the given ``chars``.</doc>
<status status="PASS" start="2024-05-11T17:44:15.430320" elapsed="0.000447"/>
</kw>
<kw name="Convert To Lower Case" owner="String">
<msg time="2024-05-11T17:44:15.431114" level="INFO">${nome_randomic} = yncvazokw</msg>
<var>${nome_randomic}</var>
<arg>${nome_randomic}</arg>
<doc>Converts string to lower case.</doc>
<status status="PASS" start="2024-05-11T17:44:15.430936" elapsed="0.000210"/>
</kw>
<kw name="Set Test Variable" owner="BuiltIn">
<msg time="2024-05-11T17:44:15.433275" level="INFO">${nomedepartminus} = yncvazokwdepar&amp;</msg>
<arg>${nomedepartminus}</arg>
<arg>${nome_randomic}depar&amp;</arg>
<doc>Makes a variable available everywhere within the scope of the current test.</doc>
<status status="PASS" start="2024-05-11T17:44:15.431306" elapsed="0.002212"/>
</kw>
<kw name="Log" owner="BuiltIn">
<msg time="2024-05-11T17:44:15.434195" level="INFO">yncvazokwdepar&amp;</msg>
<arg>${nomedepartminus}</arg>
<doc>Logs the given message with the given level.</doc>
<status status="PASS" start="2024-05-11T17:44:15.433938" elapsed="0.000303"/>
</kw>
<kw name="Generate Random String" owner="String">
<msg time="2024-05-11T17:44:15.434577" level="INFO">${nome_randomic} = tVPVLdNWtEVWpZdVLugbQDePrqhFcNuQRffQrheRkfRmsTqNKT</msg>
<var>${nome_randomic}</var>
<arg>50</arg>
<arg>chars=[LETTERS]</arg>
<doc>Generates a string with a desired ``length`` from the given ``chars``.</doc>
<status status="PASS" start="2024-05-11T17:44:15.434366" elapsed="0.000229"/>
</kw>
<kw name="Convert To Lower Case" owner="String">
<msg time="2024-05-11T17:44:15.434768" level="INFO">${nome_randomic} = tvpvldnwtevwpzdvlugbqdeprqhfcnuqrffqrherkfrmstqnkt</msg>
<var>${nome_randomic}</var>
<arg>${nome_randomic}</arg>
<doc>Converts string to lower case.</doc>
<status status="PASS" start="2024-05-11T17:44:15.434671" elapsed="0.000112"/>
</kw>
<kw name="Set Test Variable" owner="BuiltIn">
<msg time="2024-05-11T17:44:15.435529" level="INFO">${nomecom50} = tvpvldnwtevwpzdvlugbqdeprqhfcnuqrffqrherkfrmstqnkt</msg>
<arg>${nomecom50}</arg>
<arg>${nome_randomic}</arg>
<doc>Makes a variable available everywhere within the scope of the current test.</doc>
<status status="PASS" start="2024-05-11T17:44:15.434924" elapsed="0.000639"/>
</kw>
<kw name="Log" owner="BuiltIn">
<msg time="2024-05-11T17:44:15.435770" level="INFO">tvpvldnwtevwpzdvlugbqdeprqhfcnuqrffqrherkfrmstqnkt</msg>
<arg>${nomecom50}</arg>
<doc>Logs the given message with the given level.</doc>
<status status="PASS" start="2024-05-11T17:44:15.435664" elapsed="0.000139"/>
</kw>
<kw name="Generate Random String" owner="String">
<msg time="2024-05-11T17:44:15.436156" level="INFO">${nome_randomic} = XmcBvpj</msg>
<var>${nome_randomic}</var>
<arg>7</arg>
<arg>chars=[LETTERS]</arg>
<doc>Generates a string with a desired ``length`` from the given ``chars``.</doc>
<status status="PASS" start="2024-05-11T17:44:15.435894" elapsed="0.000280"/>
</kw>
<kw name="Convert To Lower Case" owner="String">
<msg time="2024-05-11T17:44:15.436408" level="INFO">${nome_randomic} = xmcbvpj</msg>
<var>${nome_randomic}</var>
<arg>${nome_randomic}</arg>
<doc>Converts string to lower case.</doc>
<status status="PASS" start="2024-05-11T17:44:15.436310" elapsed="0.000113"/>
</kw>
<kw name="Set Test Variable" owner="BuiltIn">
<msg time="2024-05-11T17:44:15.437782" level="INFO">${nameboard} = xmcbvpj</msg>
<arg>${nameboard}</arg>
<arg>${nome_randomic}</arg>
<doc>Makes a variable available everywhere within the scope of the current test.</doc>
<status status="PASS" start="2024-05-11T17:44:15.436514" elapsed="0.001399"/>
</kw>
<kw name="Log" owner="BuiltIn">
<msg time="2024-05-11T17:44:15.438611" level="INFO">xmcbvpj</msg>
<arg>${nameboard}</arg>
<doc>Logs the given message with the given level.</doc>
<status status="PASS" start="2024-05-11T17:44:15.438413" elapsed="0.000277"/>
</kw>
<status status="PASS" start="2024-05-11T17:44:15.417717" elapsed="0.021127"/>
</kw>
<kw name="Incluir diretoria" owner="API">
<kw name="Create Dictionary" owner="BuiltIn">
<msg time="2024-05-11T17:44:15.440973" level="INFO">${headers} = {'Authorization': 'eyJhbGciOiJIUzI1NiIsInR5cCI6IkpXVCJ9.eyJfaWQiOiI2NTMzMGMxZWZiOGYzZGFkMTNhNjgwOGIiLCJmdWxsTmFtZSI6IlFhLUNvZGVycy1TWVNBRE1JTiIsIm1haWwiOiJzeXNhZG1pbkBxYWNvZGVycy5jb20iLCJwYXNzd29yZCI6...</msg>
<var>${headers}</var>
<arg>Authorization=${token}</arg>
<doc>Creates and returns a dictionary based on the given ``items``.</doc>
<status status="PASS" start="2024-05-11T17:44:15.440183" elapsed="0.000846"/>
</kw>
<kw name="Create Dictionary" owner="BuiltIn">
<msg time="2024-05-11T17:44:15.441544" level="INFO">${body} = {'boardName': 'xmcbvpj'}</msg>
<var>${body}</var>
<arg>boardName=${nameboard}</arg>
<doc>Creates and returns a dictionary based on the given ``items``.</doc>
<status status="PASS" start="2024-05-11T17:44:15.441275" elapsed="0.000319"/>
</kw>
<kw name="Create API Session" owner="API">
<kw name="Create Dictionary" owner="BuiltIn">
<msg time="2024-05-11T17:44:15.443270" level="INFO">${headers} = {'accept': 'application/json', 'Content-Type': 'application/json'}</msg>
<var>${headers}</var>
<arg>accept=application/json</arg>
<arg>Content-Type=application/json</arg>
<doc>Creates and returns a dictionary based on the given ``items``.</doc>
<status status="PASS" start="2024-05-11T17:44:15.443000" elapsed="0.000319"/>
</kw>
<kw name="Create Session" owner="RequestsLibrary">
<msg time="2024-05-11T17:44:15.444116" level="INFO">Creating Session using : alias=APITheOriginals, url=https://the-originals.qacoders-academy.com.br, headers={'accept': 'application/json', 'Content-Type': 'application/json'},                     cookies={}, auth=None, timeout=None, proxies=None, verify=False,                     debug=0 </msg>
<arg>alias=APITheOriginals</arg>
<arg>url=https://the-originals.qacoders-academy.com.br</arg>
<arg>headers=${headers}</arg>
<doc>Create Session: create a HTTP session to a server</doc>
<status status="PASS" start="2024-05-11T17:44:15.443584" elapsed="0.001078"/>
</kw>
<status status="PASS" start="2024-05-11T17:44:15.442153" elapsed="0.002650"/>
</kw>
<kw name="POST On Session" owner="RequestsLibrary">
<msg time="2024-05-11T17:44:15.525032" level="INFO">POST Request : url=https://the-originals.qacoders-academy.com.br/api/board 
 path_url=/api/board 
 headers={'User-Agent': 'python-requests/2.31.0', 'Accept-Encoding': 'gzip, deflate, br', 'accept': 'application/json', 'Connection': 'keep-alive', 'Content-Type': 'application/json', 'Authorization': 'eyJhbGciOiJIUzI1NiIsInR5cCI6IkpXVCJ9.eyJfaWQiOiI2NTMzMGMxZWZiOGYzZGFkMTNhNjgwOGIiLCJmdWxsTmFtZSI6IlFhLUNvZGVycy1TWVNBRE1JTiIsIm1haWwiOiJzeXNhZG1pbkBxYWNvZGVycy5jb20iLCJwYXNzd29yZCI6IiQyYiQxMCQza0MxMHZ1L0VqTW9SUVVtcVFxL0guN2NyV1lJSUJjQkRUMmc0UlUwQlE0bXJSaTRKRXhPdSIsImFjY2Vzc1Byb2ZpbGUiOiJTWVNBRE1JTiIsImNwZiI6IjExMTExMTExMTExIiwic3RhdHVzIjp0cnVlLCJhdWRpdCI6W3sicmVnaXN0ZXJlZEJ5Ijp7InVzZXJJZCI6IjExMTExMTExMTExMTExMTExMSIsInVzZXJMb2dpbiI6InN5c2FkbWluQHFhY29kZXJzLmNvbSJ9LCJyZWdpc3RyYXRpb25EYXRlIjoic2V4dGEtZmVpcmEsIDIwLzEwLzIwMjMsIDIwOjI0OjE0IEJSVCIsInJlZ2lzdHJhdGlvbk51bWJlciI6IjAxIiwiY29tcGFueUlkIjoiUWEuQ29kZXJzIiwiX2lkIjoiNjUzMzBjMWVmYjhmM2RhZDEzYTY4MDhjIn1dLCJfX3YiOjAsImlhdCI6MTcxNTQ2MDI3NSwiZXhwIjoxNzE1NTQ2Njc1fQ.84v7466W3euzk_ulEKs5d_PFnyR1P97JPZNLTWevyfc', 'Content-Length': '24'} 
 body=b'{"boardName": "xmcbvpj"}' 
 </msg>
<msg time="2024-05-11T17:44:15.525250" level="INFO">POST Response : url=https://the-originals.qacoders-academy.com.br/api/board 
 status=201, reason=Created 
 headers={'Server': 'nginx/1.18.0 (Ubuntu)', 'Date': 'Sat, 11 May 2024 20:44:35 GMT', 'Content-Type': 'application/json; charset=utf-8', 'Content-Length': '338', 'Connection': 'keep-alive', 'X-Powered-By': 'Express', 'Access-Control-Allow-Origin': '*', 'Access-Control-Allow-Methods': 'GET, POST, OPTIONS, PUT, PATCH, DELETE', 'Access-Control-Allow-Headers': 'Origin, X-Requested-With, Content-Type, Accept, Authorization', 'ETag': 'W/"152-HfIYtA5zwxgf30ETL3RFrqEdMfY"'} 
 body={"msg":"Cadastro realizado com sucesso!","newBoard":{"boardName":"xmcbvpj","boardCode":"873","status":true,"audit":[{"registrationDate":"sábado, 11/05/2024, 17:44:35 BRT","registeredBy":{"userId":"65330c1efb8f3dad13a6808b","userLogin":"sysadmin@qacoders.com"},"_id":"663fd8b34ebd54fc6f3237cd"}],"_id":"663fd8b34ebd54fc6f3237cc","__v":0}} 
 </msg>
<msg time="2024-05-11T17:44:15.525476" level="INFO">/usr/lib/python3.12/site-packages/urllib3/connectionpool.py:1061: InsecureRequestWarning: Unverified HTTPS request is being made to host 'the-originals.qacoders-academy.com.br'. Adding certificate verification is strongly advised. See: https://urllib3.readthedocs.io/en/1.26.x/advanced-usage.html#ssl-warnings
  warnings.warn(</msg>
<msg time="2024-05-11T17:44:15.525746" level="INFO">${response} = &lt;Response [201]&gt;</msg>
<var>${response}</var>
<arg>alias=APITheOriginals</arg>
<arg>url=/api/board</arg>
<arg>json=${body}</arg>
<arg>headers=${headers}</arg>
<arg>expected_status=201</arg>
<doc>Sends a POST request on a previously created HTTP Session.</doc>
<status status="PASS" start="2024-05-11T17:44:15.445027" elapsed="0.080781"/>
</kw>
<kw name="Log" owner="BuiltIn">
<msg time="2024-05-11T17:44:15.527714" level="INFO">{'msg': 'Cadastro realizado com sucesso!', 'newBoard': {'boardName': 'xmcbvpj', 'boardCode': '873', 'status': True, 'audit': [{'registrationDate': 'sábado, 11/05/2024, 17:44:35 BRT', 'registeredBy': {'userId': '65330c1efb8f3dad13a6808b', 'userLogin': 'sysadmin@qacoders.com'}, '_id': '663fd8b34ebd54fc6f3237cd'}], '_id': '663fd8b34ebd54fc6f3237cc', '__v': 0}}</msg>
<arg>${response.json()}</arg>
<doc>Logs the given message with the given level.</doc>
<status status="PASS" start="2024-05-11T17:44:15.526222" elapsed="0.001609"/>
</kw>
<kw name="Set Test Variable" owner="BuiltIn">
<msg time="2024-05-11T17:44:15.530815" level="INFO">${ID_DIRETORIA} = 663fd8b34ebd54fc6f3237cc</msg>
<arg>${ID_DIRETORIA}</arg>
<arg>${response.json()['newBoard']['_id']}</arg>
<doc>Makes a variable available everywhere within the scope of the current test.</doc>
<status status="PASS" start="2024-05-11T17:44:15.528140" elapsed="0.002886"/>
</kw>
<kw name="Set Test Variable" owner="BuiltIn">
<msg time="2024-05-11T17:44:15.532733" level="INFO">${ID_DIRETORIA} = {'msg': 'Cadastro realizado com sucesso!', 'newBoard': {'boardName': 'xmcbvpj', 'boardCode': '873', 'status': True, 'audit': [{'registrationDate': 'sábado, 11/05/2024, 17:44:35 BRT', 'registeredBy': {...</msg>
<arg>${ID_DIRETORIA}</arg>
<arg>${response.json()}</arg>
<doc>Makes a variable available everywhere within the scope of the current test.</doc>
<status status="PASS" start="2024-05-11T17:44:15.531347" elapsed="0.001495"/>
</kw>
<status status="PASS" start="2024-05-11T17:44:15.439571" elapsed="0.093433"/>
</kw>
<status status="PASS" start="2024-05-11T17:44:15.175619" elapsed="0.357713"/>
</test>
<test id="s1-t2" name="CT02 - diretoria com letras maiúsculas" line="11">
<kw name="Create API Session" owner="API">
<kw name="Create Dictionary" owner="BuiltIn">
<msg time="2024-05-11T17:44:15.535518" level="INFO">${headers} = {'accept': 'application/json', 'Content-Type': 'application/json'}</msg>
<var>${headers}</var>
<arg>accept=application/json</arg>
<arg>Content-Type=application/json</arg>
<doc>Creates and returns a dictionary based on the given ``items``.</doc>
<status status="PASS" start="2024-05-11T17:44:15.535036" elapsed="0.000544"/>
</kw>
<kw name="Create Session" owner="RequestsLibrary">
<msg time="2024-05-11T17:44:15.536297" level="INFO">Creating Session using : alias=APITheOriginals, url=https://the-originals.qacoders-academy.com.br, headers={'accept': 'application/json', 'Content-Type': 'application/json'},                     cookies={}, auth=None, timeout=None, proxies=None, verify=False,                     debug=0 </msg>
<arg>alias=APITheOriginals</arg>
<arg>url=https://the-originals.qacoders-academy.com.br</arg>
<arg>headers=${headers}</arg>
<doc>Create Session: create a HTTP session to a server</doc>
<status status="PASS" start="2024-05-11T17:44:15.535829" elapsed="0.000706"/>
</kw>
<status status="PASS" start="2024-05-11T17:44:15.534546" elapsed="0.002104"/>
</kw>
<kw name="Login de acesso" owner="API">
<kw name="Create Dictionary" owner="BuiltIn">
<msg time="2024-05-11T17:44:15.537607" level="INFO">${body} = {'mail': 'sysadmin@qacoders.com', 'password': '1234@Test'}</msg>
<var>${body}</var>
<arg>mail=${mail}</arg>
<arg>password=${password}</arg>
<doc>Creates and returns a dictionary based on the given ``items``.</doc>
<status status="PASS" start="2024-05-11T17:44:15.537260" elapsed="0.000386"/>
</kw>
<kw name="Log" owner="BuiltIn">
<msg time="2024-05-11T17:44:15.537992" level="INFO">{'mail': 'sysadmin@qacoders.com', 'password': '1234@Test'}</msg>
<arg>${body}</arg>
<doc>Logs the given message with the given level.</doc>
<status status="PASS" start="2024-05-11T17:44:15.537818" elapsed="0.000236"/>
</kw>
<kw name="Create API Session" owner="API">
<kw name="Create Dictionary" owner="BuiltIn">
<msg time="2024-05-11T17:44:15.538840" level="INFO">${headers} = {'accept': 'application/json', 'Content-Type': 'application/json'}</msg>
<var>${headers}</var>
<arg>accept=application/json</arg>
<arg>Content-Type=application/json</arg>
<doc>Creates and returns a dictionary based on the given ``items``.</doc>
<status status="PASS" start="2024-05-11T17:44:15.538562" elapsed="0.000316"/>
</kw>
<kw name="Create Session" owner="RequestsLibrary">
<msg time="2024-05-11T17:44:15.539397" level="INFO">Creating Session using : alias=APITheOriginals, url=https://the-originals.qacoders-academy.com.br, headers={'accept': 'application/json', 'Content-Type': 'application/json'},                     cookies={}, auth=None, timeout=None, proxies=None, verify=False,                     debug=0 </msg>
<arg>alias=APITheOriginals</arg>
<arg>url=https://the-originals.qacoders-academy.com.br</arg>
<arg>headers=${headers}</arg>
<doc>Create Session: create a HTTP session to a server</doc>
<status status="PASS" start="2024-05-11T17:44:15.539054" elapsed="0.000525"/>
</kw>
<status status="PASS" start="2024-05-11T17:44:15.538242" elapsed="0.001421"/>
</kw>
<kw name="POST On Session" owner="RequestsLibrary">
<msg time="2024-05-11T17:44:15.819664" level="INFO">POST Request : url=https://the-originals.qacoders-academy.com.br/api/login 
 path_url=/api/login 
 headers={'User-Agent': 'python-requests/2.31.0', 'Accept-Encoding': 'gzip, deflate, br', 'accept': 'application/json', 'Connection': 'keep-alive', 'Content-Type': 'application/json', 'Content-Length': '58'} 
 body=b'{"mail": "sysadmin@qacoders.com", "password": "1234@Test"}' 
 </msg>
<msg time="2024-05-11T17:44:15.819844" level="INFO">POST Response : url=https://the-originals.qacoders-academy.com.br/api/login 
 status=200, reason=OK 
 headers={'Server': 'nginx/1.18.0 (Ubuntu)', 'Date': 'Sat, 11 May 2024 20:44:35 GMT', 'Content-Type': 'application/json; charset=utf-8', 'Transfer-Encoding': 'chunked', 'Connection': 'keep-alive', 'X-Powered-By': 'Express', 'Access-Control-Allow-Origin': '*', 'Access-Control-Allow-Methods': 'GET, POST, OPTIONS, PUT, PATCH, DELETE', 'Access-Control-Allow-Headers': 'Origin, X-Requested-With, Content-Type, Accept, Authorization', 'ETag': 'W/"534-syfrVPJu6A/r1gdYRMKSoc7m2c8"', 'Content-Encoding': 'gzip'} 
 body={"msg":"Olá Qa-Coders-SYSADMIN, autenticação autorizada com sucesso!","user":{"_id":"65330c1efb8f3dad13a6808b","fullName":"Qa-Coders-SYSADMIN","mail":"sysadmin@qacoders.com","password":"$2b$10$3kC10vu/EjMoRQUmqQq/H.7crWYIIBcBDT2g4RU0BQ4mrRi4JExOu","accessProfile":"SYSADMIN","cpf":"11111111111","status":true,"audit":[{"registeredBy":{"userId":"111111111111111111","userLogin":"sysadmin@qacoders.com"},"registrationDate":"sexta-feira, 20/10/2023, 20:24:14 BRT","registrationNumber":"01","companyId":"Qa.Coders","_id":"65330c1efb8f3dad13a6808c"}],"__v":0},"token":"eyJhbGciOiJIUzI1NiIsInR5cCI6IkpXVCJ9.eyJfaWQiOiI2NTMzMGMxZWZiOGYzZGFkMTNhNjgwOGIiLCJmdWxsTmFtZSI6IlFhLUNvZGVycy1TWVNBRE1JTiIsIm1haWwiOiJzeXNhZG1pbkBxYWNvZGVycy5jb20iLCJwYXNzd29yZCI6IiQyYiQxMCQza0MxMHZ1L0VqTW9SUVVtcVFxL0guN2NyV1lJSUJjQkRUMmc0UlUwQlE0bXJSaTRKRXhPdSIsImFjY2Vzc1Byb2ZpbGUiOiJTWVNBRE1JTiIsImNwZiI6IjExMTExMTExMTExIiwic3RhdHVzIjp0cnVlLCJhdWRpdCI6W3sicmVnaXN0ZXJlZEJ5Ijp7InVzZXJJZCI6IjExMTExMTExMTExMTExMTExMSIsInVzZXJMb2dpbiI6InN5c2FkbWluQHFhY29kZXJzLmNvbSJ9LCJyZWdpc3RyYXRpb25EYXRlIjoic2V4dGEtZmVpcmEsIDIwLzEwLzIwMjMsIDIwOjI0OjE0IEJSVCIsInJlZ2lzdHJhdGlvbk51bWJlciI6IjAxIiwiY29tcGFueUlkIjoiUWEuQ29kZXJzIiwiX2lkIjoiNjUzMzBjMWVmYjhmM2RhZDEzYTY4MDhjIn1dLCJfX3YiOjAsImlhdCI6MTcxNTQ2MDI3NSwiZXhwIjoxNzE1NTQ2Njc1fQ.84v7466W3euzk_ulEKs5d_PFnyR1P97JPZNLTWevyfc"} 
 </msg>
<msg time="2024-05-11T17:44:15.819996" level="INFO">/usr/lib/python3.12/site-packages/urllib3/connectionpool.py:1061: InsecureRequestWarning: Unverified HTTPS request is being made to host 'the-originals.qacoders-academy.com.br'. Adding certificate verification is strongly advised. See: https://urllib3.readthedocs.io/en/1.26.x/advanced-usage.html#ssl-warnings
  warnings.warn(</msg>
<msg time="2024-05-11T17:44:15.820224" level="INFO">${response} = &lt;Response [200]&gt;</msg>
<var>${response}</var>
<arg>alias=APITheOriginals</arg>
<arg>url=/api/login</arg>
<arg>json=${body}</arg>
<doc>Sends a POST request on a previously created HTTP Session.</doc>
<status status="PASS" start="2024-05-11T17:44:15.539785" elapsed="0.280504"/>
</kw>
<kw name="Log" owner="BuiltIn">
<msg time="2024-05-11T17:44:15.822254" level="INFO">{'msg': 'Olá Qa-Coders-SYSADMIN, autenticação autorizada com sucesso!', 'user': {'_id': '65330c1efb8f3dad13a6808b', 'fullName': 'Qa-Coders-SYSADMIN', 'mail': 'sysadmin@qacoders.com', 'password': '$2b$10$3kC10vu/EjMoRQUmqQq/H.7crWYIIBcBDT2g4RU0BQ4mrRi4JExOu', 'accessProfile': 'SYSADMIN', 'cpf': '11111111111', 'status': True, 'audit': [{'registeredBy': {'userId': '111111111111111111', 'userLogin': 'sysadmin@qacoders.com'}, 'registrationDate': 'sexta-feira, 20/10/2023, 20:24:14 BRT', 'registrationNumber': '01', 'companyId': 'Qa.Coders', '_id': '65330c1efb8f3dad13a6808c'}], '__v': 0}, 'token': 'eyJhbGciOiJIUzI1NiIsInR5cCI6IkpXVCJ9.eyJfaWQiOiI2NTMzMGMxZWZiOGYzZGFkMTNhNjgwOGIiLCJmdWxsTmFtZSI6IlFhLUNvZGVycy1TWVNBRE1JTiIsIm1haWwiOiJzeXNhZG1pbkBxYWNvZGVycy5jb20iLCJwYXNzd29yZCI6IiQyYiQxMCQza0MxMHZ1L0VqTW9SUVVtcVFxL0guN2NyV1lJSUJjQkRUMmc0UlUwQlE0bXJSaTRKRXhPdSIsImFjY2Vzc1Byb2ZpbGUiOiJTWVNBRE1JTiIsImNwZiI6IjExMTExMTExMTExIiwic3RhdHVzIjp0cnVlLCJhdWRpdCI6W3sicmVnaXN0ZXJlZEJ5Ijp7InVzZXJJZCI6IjExMTExMTExMTExMTExMTExMSIsInVzZXJMb2dpbiI6InN5c2FkbWluQHFhY29kZXJzLmNvbSJ9LCJyZWdpc3RyYXRpb25EYXRlIjoic2V4dGEtZmVpcmEsIDIwLzEwLzIwMjMsIDIwOjI0OjE0IEJSVCIsInJlZ2lzdHJhdGlvbk51bWJlciI6IjAxIiwiY29tcGFueUlkIjoiUWEuQ29kZXJzIiwiX2lkIjoiNjUzMzBjMWVmYjhmM2RhZDEzYTY4MDhjIn1dLCJfX3YiOjAsImlhdCI6MTcxNTQ2MDI3NSwiZXhwIjoxNzE1NTQ2Njc1fQ.84v7466W3euzk_ulEKs5d_PFnyR1P97JPZNLTWevyfc'}</msg>
<arg>${response.json()}</arg>
<doc>Logs the given message with the given level.</doc>
<status status="PASS" start="2024-05-11T17:44:15.820790" elapsed="0.001705"/>
</kw>
<kw name="Set Test Variable" owner="BuiltIn">
<msg time="2024-05-11T17:44:15.825493" level="INFO">${TOKEN} = eyJhbGciOiJIUzI1NiIsInR5cCI6IkpXVCJ9.eyJfaWQiOiI2NTMzMGMxZWZiOGYzZGFkMTNhNjgwOGIiLCJmdWxsTmFtZSI6IlFhLUNvZGVycy1TWVNBRE1JTiIsIm1haWwiOiJzeXNhZG1pbkBxYWNvZGVycy5jb20iLCJwYXNzd29yZCI6IiQyYiQxMCQza0MxMHZ...</msg>
<arg>${TOKEN}</arg>
<arg>${response.json()["token"]}</arg>
<doc>Makes a variable available everywhere within the scope of the current test.</doc>
<status status="PASS" start="2024-05-11T17:44:15.822862" elapsed="0.002767"/>
</kw>
<status status="PASS" start="2024-05-11T17:44:15.536933" elapsed="0.288869"/>
</kw>
<kw name="Criar um nome randomico departamento/board" owner="API">
<kw name="Generate Random String" owner="String">
<msg time="2024-05-11T17:44:15.827518" level="INFO">${nome_randomic} = kEUcGePPZa</msg>
<var>${nome_randomic}</var>
<arg>10</arg>
<arg>chars=[LETTERS]</arg>
<doc>Generates a string with a desired ``length`` from the given ``chars``.</doc>
<status status="PASS" start="2024-05-11T17:44:15.827083" elapsed="0.000489"/>
</kw>
<kw name="Convert To Lower Case" owner="String">
<msg time="2024-05-11T17:44:15.828076" level="INFO">${nome_randomic} = keucgeppza</msg>
<var>${nome_randomic}</var>
<arg>${nome_randomic}</arg>
<doc>Converts string to lower case.</doc>
<status status="PASS" start="2024-05-11T17:44:15.827802" elapsed="0.000321"/>
</kw>
<kw name="Set Test Variable" owner="BuiltIn">
<msg time="2024-05-11T17:44:15.830027" level="INFO">${nomedepartamento} = keucgeppzadepmen</msg>
<arg>${nomedepartamento}</arg>
<arg>${nome_randomic}depmen</arg>
<doc>Makes a variable available everywhere within the scope of the current test.</doc>
<status status="PASS" start="2024-05-11T17:44:15.828339" elapsed="0.001776"/>
</kw>
<kw name="Log" owner="BuiltIn">
<msg time="2024-05-11T17:44:15.830527" level="INFO">keucgeppzadepmen</msg>
<arg>${nomedepartamento}</arg>
<doc>Logs the given message with the given level.</doc>
<status status="PASS" start="2024-05-11T17:44:15.830324" elapsed="0.000284"/>
</kw>
<kw name="Generate Random String" owner="String">
<msg time="2024-05-11T17:44:15.831155" level="INFO">${nome_randomic} = PMeUsCiEb</msg>
<var>${nome_randomic}</var>
<arg>9</arg>
<arg>chars=[LETTERS]</arg>
<doc>Generates a string with a desired ``length`` from the given ``chars``.</doc>
<status status="PASS" start="2024-05-11T17:44:15.830801" elapsed="0.000392"/>
</kw>
<kw name="Convert To Lower Case" owner="String">
<msg time="2024-05-11T17:44:15.831577" level="INFO">${nome_randomic} = pmeuscieb</msg>
<var>${nome_randomic}</var>
<arg>${nome_randomic}</arg>
<doc>Converts string to lower case.</doc>
<status status="PASS" start="2024-05-11T17:44:15.831367" elapsed="0.000255"/>
</kw>
<kw name="Set Test Variable" owner="BuiltIn">
<msg time="2024-05-11T17:44:15.833228" level="INFO">${nomedepart&amp;} = pmeuscieb&amp;</msg>
<arg>${nomedepart&amp;}</arg>
<arg>${nome_randomic}&amp;</arg>
<doc>Makes a variable available everywhere within the scope of the current test.</doc>
<status status="PASS" start="2024-05-11T17:44:15.831873" elapsed="0.001432"/>
</kw>
<kw name="Log" owner="BuiltIn">
<msg time="2024-05-11T17:44:15.833628" level="INFO">pmeuscieb&amp;</msg>
<arg>${nomedepart&amp;}</arg>
<doc>Logs the given message with the given level.</doc>
<status status="PASS" start="2024-05-11T17:44:15.833474" elapsed="0.000201"/>
</kw>
<kw name="Generate Random String" owner="String">
<msg time="2024-05-11T17:44:15.834022" level="INFO">${nome_randomic} = hPHNncBr</msg>
<var>${nome_randomic}</var>
<arg>8</arg>
<arg>chars=[LETTERS]</arg>
<doc>Generates a string with a desired ``length`` from the given ``chars``.</doc>
<status status="PASS" start="2024-05-11T17:44:15.833796" elapsed="0.000252"/>
</kw>
<kw name="Convert To Upper Case" owner="String">
<msg time="2024-05-11T17:44:15.834336" level="INFO">${nome_randomic} = HPHNNCBR</msg>
<var>${nome_randomic}</var>
<arg>${nome_randomic}</arg>
<doc>Converts string to upper case.</doc>
<status status="PASS" start="2024-05-11T17:44:15.834181" elapsed="0.000181"/>
</kw>
<kw name="Set Test Variable" owner="BuiltIn">
<msg time="2024-05-11T17:44:15.835728" level="INFO">${NOMEDEPAT} = HPHNNCBRDEP</msg>
<arg>${NOMEDEPAT}</arg>
<arg>${nome_randomic}DEP</arg>
<doc>Makes a variable available everywhere within the scope of the current test.</doc>
<status status="PASS" start="2024-05-11T17:44:15.834487" elapsed="0.001293"/>
</kw>
<kw name="Log" owner="BuiltIn">
<msg time="2024-05-11T17:44:15.835991" level="INFO">HPHNNCBRDEP</msg>
<arg>${NOMEDEPAT}</arg>
<doc>Logs the given message with the given level.</doc>
<status status="PASS" start="2024-05-11T17:44:15.835897" elapsed="0.000123"/>
</kw>
<kw name="Generate Random String" owner="String">
<msg time="2024-05-11T17:44:15.836245" level="INFO">${nome_randomic} = OximCuwBT</msg>
<var>${nome_randomic}</var>
<arg>9</arg>
<arg>chars=[LETTERS]</arg>
<doc>Generates a string with a desired ``length`` from the given ``chars``.</doc>
<status status="PASS" start="2024-05-11T17:44:15.836096" elapsed="0.000167"/>
</kw>
<kw name="Convert To Lower Case" owner="String">
<msg time="2024-05-11T17:44:15.836492" level="INFO">${nome_randomic} = oximcuwbt</msg>
<var>${nome_randomic}</var>
<arg>${nome_randomic}</arg>
<doc>Converts string to lower case.</doc>
<status status="PASS" start="2024-05-11T17:44:15.836370" elapsed="0.000142"/>
</kw>
<kw name="Set Test Variable" owner="BuiltIn">
<msg time="2024-05-11T17:44:15.837457" level="INFO">${nomedepartminus} = oximcuwbtdepar&amp;</msg>
<arg>${nomedepartminus}</arg>
<arg>${nome_randomic}depar&amp;</arg>
<doc>Makes a variable available everywhere within the scope of the current test.</doc>
<status status="PASS" start="2024-05-11T17:44:15.836596" elapsed="0.000951"/>
</kw>
<kw name="Log" owner="BuiltIn">
<msg time="2024-05-11T17:44:15.837855" level="INFO">oximcuwbtdepar&amp;</msg>
<arg>${nomedepartminus}</arg>
<doc>Logs the given message with the given level.</doc>
<status status="PASS" start="2024-05-11T17:44:15.837715" elapsed="0.000176"/>
</kw>
<kw name="Generate Random String" owner="String">
<msg time="2024-05-11T17:44:15.838226" level="INFO">${nome_randomic} = lXmhwVBzbjJOreRrkKemrcgCtThFJVQDGmjkUiEKaAuZJmwhHX</msg>
<var>${nome_randomic}</var>
<arg>50</arg>
<arg>chars=[LETTERS]</arg>
<doc>Generates a string with a desired ``length`` from the given ``chars``.</doc>
<status status="PASS" start="2024-05-11T17:44:15.838001" elapsed="0.000251"/>
</kw>
<kw name="Convert To Lower Case" owner="String">
<msg time="2024-05-11T17:44:15.838458" level="INFO">${nome_randomic} = lxmhwvbzbjjorerrkkemrcgctthfjvqdgmjkuiekaauzjmwhhx</msg>
<var>${nome_randomic}</var>
<arg>${nome_randomic}</arg>
<doc>Converts string to lower case.</doc>
<status status="PASS" start="2024-05-11T17:44:15.838346" elapsed="0.000131"/>
</kw>
<kw name="Set Test Variable" owner="BuiltIn">
<msg time="2024-05-11T17:44:15.840280" level="INFO">${nomecom50} = lxmhwvbzbjjorerrkkemrcgctthfjvqdgmjkuiekaauzjmwhhx</msg>
<arg>${nomecom50}</arg>
<arg>${nome_randomic}</arg>
<doc>Makes a variable available everywhere within the scope of the current test.</doc>
<status status="PASS" start="2024-05-11T17:44:15.839134" elapsed="0.001198"/>
</kw>
<kw name="Log" owner="BuiltIn">
<msg time="2024-05-11T17:44:15.840611" level="INFO">lxmhwvbzbjjorerrkkemrcgctthfjvqdgmjkuiekaauzjmwhhx</msg>
<arg>${nomecom50}</arg>
<doc>Logs the given message with the given level.</doc>
<status status="PASS" start="2024-05-11T17:44:15.840491" elapsed="0.000150"/>
</kw>
<kw name="Generate Random String" owner="String">
<msg time="2024-05-11T17:44:15.840878" level="INFO">${nome_randomic} = yRXrNzL</msg>
<var>${nome_randomic}</var>
<arg>7</arg>
<arg>chars=[LETTERS]</arg>
<doc>Generates a string with a desired ``length`` from the given ``chars``.</doc>
<status status="PASS" start="2024-05-11T17:44:15.840732" elapsed="0.000162"/>
</kw>
<kw name="Convert To Lower Case" owner="String">
<msg time="2024-05-11T17:44:15.841058" level="INFO">${nome_randomic} = yrxrnzl</msg>
<var>${nome_randomic}</var>
<arg>${nome_randomic}</arg>
<doc>Converts string to lower case.</doc>
<status status="PASS" start="2024-05-11T17:44:15.840968" elapsed="0.000105"/>
</kw>
<kw name="Set Test Variable" owner="BuiltIn">
<msg time="2024-05-11T17:44:15.841781" level="INFO">${nameboard} = yrxrnzl</msg>
<arg>${nameboard}</arg>
<arg>${nome_randomic}</arg>
<doc>Makes a variable available everywhere within the scope of the current test.</doc>
<status status="PASS" start="2024-05-11T17:44:15.841146" elapsed="0.000670"/>
</kw>
<kw name="Log" owner="BuiltIn">
<msg time="2024-05-11T17:44:15.841987" level="INFO">yrxrnzl</msg>
<arg>${nameboard}</arg>
<doc>Logs the given message with the given level.</doc>
<status status="PASS" start="2024-05-11T17:44:15.841898" elapsed="0.000148"/>
</kw>
<status status="PASS" start="2024-05-11T17:44:15.826528" elapsed="0.015581"/>
</kw>
<kw name="diretoria com letras maiúsculas" owner="API">
<kw name="Create Dictionary" owner="BuiltIn">
<msg time="2024-05-11T17:44:15.842819" level="INFO">${headers} = {'Authorization': 'eyJhbGciOiJIUzI1NiIsInR5cCI6IkpXVCJ9.eyJfaWQiOiI2NTMzMGMxZWZiOGYzZGFkMTNhNjgwOGIiLCJmdWxsTmFtZSI6IlFhLUNvZGVycy1TWVNBRE1JTiIsIm1haWwiOiJzeXNhZG1pbkBxYWNvZGVycy5jb20iLCJwYXNzd29yZCI6...</msg>
<var>${headers}</var>
<arg>Authorization=${token}</arg>
<doc>Creates and returns a dictionary based on the given ``items``.</doc>
<status status="PASS" start="2024-05-11T17:44:15.842645" elapsed="0.000196"/>
</kw>
<kw name="Create Dictionary" owner="BuiltIn">
<msg time="2024-05-11T17:44:15.843055" level="INFO">${body} = {'boardName': 'HPHNNCBRDEP'}</msg>
<var>${body}</var>
<arg>boardName=${NOMEDEPAT}</arg>
<doc>Creates and returns a dictionary based on the given ``items``.</doc>
<status status="PASS" start="2024-05-11T17:44:15.842928" elapsed="0.000143"/>
</kw>
<kw name="Create API Session" owner="API">
<kw name="Create Dictionary" owner="BuiltIn">
<msg time="2024-05-11T17:44:15.843530" level="INFO">${headers} = {'accept': 'application/json', 'Content-Type': 'application/json'}</msg>
<var>${headers}</var>
<arg>accept=application/json</arg>
<arg>Content-Type=application/json</arg>
<doc>Creates and returns a dictionary based on the given ``items``.</doc>
<status status="PASS" start="2024-05-11T17:44:15.843417" elapsed="0.000129"/>
</kw>
<kw name="Create Session" owner="RequestsLibrary">
<msg time="2024-05-11T17:44:15.843923" level="INFO">Creating Session using : alias=APITheOriginals, url=https://the-originals.qacoders-academy.com.br, headers={'accept': 'application/json', 'Content-Type': 'application/json'},                     cookies={}, auth=None, timeout=None, proxies=None, verify=False,                     debug=0 </msg>
<arg>alias=APITheOriginals</arg>
<arg>url=https://the-originals.qacoders-academy.com.br</arg>
<arg>headers=${headers}</arg>
<doc>Create Session: create a HTTP session to a server</doc>
<status status="PASS" start="2024-05-11T17:44:15.843677" elapsed="0.000422"/>
</kw>
<status status="PASS" start="2024-05-11T17:44:15.843211" elapsed="0.000975"/>
</kw>
<kw name="POST On Session" owner="RequestsLibrary">
<msg time="2024-05-11T17:44:15.929506" level="INFO">POST Request : url=https://the-originals.qacoders-academy.com.br/api/board 
 path_url=/api/board 
 headers={'User-Agent': 'python-requests/2.31.0', 'Accept-Encoding': 'gzip, deflate, br', 'accept': 'application/json', 'Connection': 'keep-alive', 'Content-Type': 'application/json', 'Authorization': 'eyJhbGciOiJIUzI1NiIsInR5cCI6IkpXVCJ9.eyJfaWQiOiI2NTMzMGMxZWZiOGYzZGFkMTNhNjgwOGIiLCJmdWxsTmFtZSI6IlFhLUNvZGVycy1TWVNBRE1JTiIsIm1haWwiOiJzeXNhZG1pbkBxYWNvZGVycy5jb20iLCJwYXNzd29yZCI6IiQyYiQxMCQza0MxMHZ1L0VqTW9SUVVtcVFxL0guN2NyV1lJSUJjQkRUMmc0UlUwQlE0bXJSaTRKRXhPdSIsImFjY2Vzc1Byb2ZpbGUiOiJTWVNBRE1JTiIsImNwZiI6IjExMTExMTExMTExIiwic3RhdHVzIjp0cnVlLCJhdWRpdCI6W3sicmVnaXN0ZXJlZEJ5Ijp7InVzZXJJZCI6IjExMTExMTExMTExMTExMTExMSIsInVzZXJMb2dpbiI6InN5c2FkbWluQHFhY29kZXJzLmNvbSJ9LCJyZWdpc3RyYXRpb25EYXRlIjoic2V4dGEtZmVpcmEsIDIwLzEwLzIwMjMsIDIwOjI0OjE0IEJSVCIsInJlZ2lzdHJhdGlvbk51bWJlciI6IjAxIiwiY29tcGFueUlkIjoiUWEuQ29kZXJzIiwiX2lkIjoiNjUzMzBjMWVmYjhmM2RhZDEzYTY4MDhjIn1dLCJfX3YiOjAsImlhdCI6MTcxNTQ2MDI3NSwiZXhwIjoxNzE1NTQ2Njc1fQ.84v7466W3euzk_ulEKs5d_PFnyR1P97JPZNLTWevyfc', 'Content-Length': '28'} 
 body=b'{"boardName": "HPHNNCBRDEP"}' 
 </msg>
<msg time="2024-05-11T17:44:15.929589" level="INFO">POST Response : url=https://the-originals.qacoders-academy.com.br/api/board 
 status=201, reason=Created 
 headers={'Server': 'nginx/1.18.0 (Ubuntu)', 'Date': 'Sat, 11 May 2024 20:44:35 GMT', 'Content-Type': 'application/json; charset=utf-8', 'Content-Length': '342', 'Connection': 'keep-alive', 'X-Powered-By': 'Express', 'Access-Control-Allow-Origin': '*', 'Access-Control-Allow-Methods': 'GET, POST, OPTIONS, PUT, PATCH, DELETE', 'Access-Control-Allow-Headers': 'Origin, X-Requested-With, Content-Type, Accept, Authorization', 'ETag': 'W/"156-ZHrTFe5JTd251t+AR6hIsQcQQ94"'} 
 body={"msg":"Cadastro realizado com sucesso!","newBoard":{"boardName":"HPHNNCBRDEP","boardCode":"874","status":true,"audit":[{"registrationDate":"sábado, 11/05/2024, 17:44:35 BRT","registeredBy":{"userId":"65330c1efb8f3dad13a6808b","userLogin":"sysadmin@qacoders.com"},"_id":"663fd8b34ebd54fc6f3237d4"}],"_id":"663fd8b34ebd54fc6f3237d3","__v":0}} 
 </msg>
<msg time="2024-05-11T17:44:15.929658" level="INFO">/usr/lib/python3.12/site-packages/urllib3/connectionpool.py:1061: InsecureRequestWarning: Unverified HTTPS request is being made to host 'the-originals.qacoders-academy.com.br'. Adding certificate verification is strongly advised. See: https://urllib3.readthedocs.io/en/1.26.x/advanced-usage.html#ssl-warnings
  warnings.warn(</msg>
<msg time="2024-05-11T17:44:15.929769" level="INFO">${response} = &lt;Response [201]&gt;</msg>
<var>${response}</var>
<arg>alias=APITheOriginals</arg>
<arg>url=/api/board</arg>
<arg>json=${body}</arg>
<arg>headers=${headers}</arg>
<arg>expected_status=201</arg>
<doc>Sends a POST request on a previously created HTTP Session.</doc>
<status status="PASS" start="2024-05-11T17:44:15.844365" elapsed="0.085423"/>
</kw>
<kw name="Log" owner="BuiltIn">
<msg time="2024-05-11T17:44:15.930461" level="INFO">{'msg': 'Cadastro realizado com sucesso!', 'newBoard': {'boardName': 'HPHNNCBRDEP', 'boardCode': '874', 'status': True, 'audit': [{'registrationDate': 'sábado, 11/05/2024, 17:44:35 BRT', 'registeredBy': {'userId': '65330c1efb8f3dad13a6808b', 'userLogin': 'sysadmin@qacoders.com'}, '_id': '663fd8b34ebd54fc6f3237d4'}], '_id': '663fd8b34ebd54fc6f3237d3', '__v': 0}}</msg>
<arg>${response.json()}</arg>
<doc>Logs the given message with the given level.</doc>
<status status="PASS" start="2024-05-11T17:44:15.929970" elapsed="0.000534"/>
</kw>
<kw name="Set Test Variable" owner="BuiltIn">
<msg time="2024-05-11T17:44:15.931469" level="INFO">${ID_DIRETORIA} = 663fd8b34ebd54fc6f3237d3</msg>
<arg>${ID_DIRETORIA}</arg>
<arg>${response.json()['newBoard']['_id']}</arg>
<doc>Makes a variable available everywhere within the scope of the current test.</doc>
<status status="PASS" start="2024-05-11T17:44:15.930625" elapsed="0.000940"/>
</kw>
<kw name="Set Test Variable" owner="BuiltIn">
<msg time="2024-05-11T17:44:15.932137" level="INFO">${ID_DIRETORIA} = {'msg': 'Cadastro realizado com sucesso!', 'newBoard': {'boardName': 'HPHNNCBRDEP', 'boardCode': '874', 'status': True, 'audit': [{'registrationDate': 'sábado, 11/05/2024, 17:44:35 BRT', 'registeredBy...</msg>
<arg>${ID_DIRETORIA}</arg>
<arg>${response.json()}</arg>
<doc>Makes a variable available everywhere within the scope of the current test.</doc>
<status status="PASS" start="2024-05-11T17:44:15.931703" elapsed="0.000471"/>
</kw>
<status status="PASS" start="2024-05-11T17:44:15.842347" elapsed="0.089892"/>
</kw>
<status status="PASS" start="2024-05-11T17:44:15.533832" elapsed="0.398566"/>
</test>
<test id="s1-t3" name="CT03 - diretoria com letras minúsculas" line="17">
<kw name="Create API Session" owner="API">
<kw name="Create Dictionary" owner="BuiltIn">
<msg time="2024-05-11T17:44:15.933215" level="INFO">${headers} = {'accept': 'application/json', 'Content-Type': 'application/json'}</msg>
<var>${headers}</var>
<arg>accept=application/json</arg>
<arg>Content-Type=application/json</arg>
<doc>Creates and returns a dictionary based on the given ``items``.</doc>
<status status="PASS" start="2024-05-11T17:44:15.933073" elapsed="0.000161"/>
</kw>
<kw name="Create Session" owner="RequestsLibrary">
<msg time="2024-05-11T17:44:15.933453" level="INFO">Creating Session using : alias=APITheOriginals, url=https://the-originals.qacoders-academy.com.br, headers={'accept': 'application/json', 'Content-Type': 'application/json'},                     cookies={}, auth=None, timeout=None, proxies=None, verify=False,                     debug=0 </msg>
<arg>alias=APITheOriginals</arg>
<arg>url=https://the-originals.qacoders-academy.com.br</arg>
<arg>headers=${headers}</arg>
<doc>Create Session: create a HTTP session to a server</doc>
<status status="PASS" start="2024-05-11T17:44:15.933316" elapsed="0.000249"/>
</kw>
<status status="PASS" start="2024-05-11T17:44:15.932892" elapsed="0.000726"/>
</kw>
<kw name="Login de acesso" owner="API">
<kw name="Create Dictionary" owner="BuiltIn">
<msg time="2024-05-11T17:44:15.934094" level="INFO">${body} = {'mail': 'sysadmin@qacoders.com', 'password': '1234@Test'}</msg>
<var>${body}</var>
<arg>mail=${mail}</arg>
<arg>password=${password}</arg>
<doc>Creates and returns a dictionary based on the given ``items``.</doc>
<status status="PASS" start="2024-05-11T17:44:15.933920" elapsed="0.000193"/>
</kw>
<kw name="Log" owner="BuiltIn">
<msg time="2024-05-11T17:44:15.934272" level="INFO">{'mail': 'sysadmin@qacoders.com', 'password': '1234@Test'}</msg>
<arg>${body}</arg>
<doc>Logs the given message with the given level.</doc>
<status status="PASS" start="2024-05-11T17:44:15.934190" elapsed="0.000109"/>
</kw>
<kw name="Create API Session" owner="API">
<kw name="Create Dictionary" owner="BuiltIn">
<msg time="2024-05-11T17:44:15.934783" level="INFO">${headers} = {'accept': 'application/json', 'Content-Type': 'application/json'}</msg>
<var>${headers}</var>
<arg>accept=application/json</arg>
<arg>Content-Type=application/json</arg>
<doc>Creates and returns a dictionary based on the given ``items``.</doc>
<status status="PASS" start="2024-05-11T17:44:15.934522" elapsed="0.000285"/>
</kw>
<kw name="Create Session" owner="RequestsLibrary">
<msg time="2024-05-11T17:44:15.935027" level="INFO">Creating Session using : alias=APITheOriginals, url=https://the-originals.qacoders-academy.com.br, headers={'accept': 'application/json', 'Content-Type': 'application/json'},                     cookies={}, auth=None, timeout=None, proxies=None, verify=False,                     debug=0 </msg>
<arg>alias=APITheOriginals</arg>
<arg>url=https://the-originals.qacoders-academy.com.br</arg>
<arg>headers=${headers}</arg>
<doc>Create Session: create a HTTP session to a server</doc>
<status status="PASS" start="2024-05-11T17:44:15.934895" elapsed="0.000228"/>
</kw>
<status status="PASS" start="2024-05-11T17:44:15.934383" elapsed="0.000792"/>
</kw>
<kw name="POST On Session" owner="RequestsLibrary">
<msg time="2024-05-11T17:44:16.192891" level="INFO">POST Request : url=https://the-originals.qacoders-academy.com.br/api/login 
 path_url=/api/login 
 headers={'User-Agent': 'python-requests/2.31.0', 'Accept-Encoding': 'gzip, deflate, br', 'accept': 'application/json', 'Connection': 'keep-alive', 'Content-Type': 'application/json', 'Content-Length': '58'} 
 body=b'{"mail": "sysadmin@qacoders.com", "password": "1234@Test"}' 
 </msg>
<msg time="2024-05-11T17:44:16.193022" level="INFO">POST Response : url=https://the-originals.qacoders-academy.com.br/api/login 
 status=200, reason=OK 
 headers={'Server': 'nginx/1.18.0 (Ubuntu)', 'Date': 'Sat, 11 May 2024 20:44:36 GMT', 'Content-Type': 'application/json; charset=utf-8', 'Transfer-Encoding': 'chunked', 'Connection': 'keep-alive', 'X-Powered-By': 'Express', 'Access-Control-Allow-Origin': '*', 'Access-Control-Allow-Methods': 'GET, POST, OPTIONS, PUT, PATCH, DELETE', 'Access-Control-Allow-Headers': 'Origin, X-Requested-With, Content-Type, Accept, Authorization', 'ETag': 'W/"534-RHAB0l6VR5zCCFxsuIBrbuEHvkE"', 'Content-Encoding': 'gzip'} 
 body={"msg":"Olá Qa-Coders-SYSADMIN, autenticação autorizada com sucesso!","user":{"_id":"65330c1efb8f3dad13a6808b","fullName":"Qa-Coders-SYSADMIN","mail":"sysadmin@qacoders.com","password":"$2b$10$3kC10vu/EjMoRQUmqQq/H.7crWYIIBcBDT2g4RU0BQ4mrRi4JExOu","accessProfile":"SYSADMIN","cpf":"11111111111","status":true,"audit":[{"registeredBy":{"userId":"111111111111111111","userLogin":"sysadmin@qacoders.com"},"registrationDate":"sexta-feira, 20/10/2023, 20:24:14 BRT","registrationNumber":"01","companyId":"Qa.Coders","_id":"65330c1efb8f3dad13a6808c"}],"__v":0},"token":"eyJhbGciOiJIUzI1NiIsInR5cCI6IkpXVCJ9.eyJfaWQiOiI2NTMzMGMxZWZiOGYzZGFkMTNhNjgwOGIiLCJmdWxsTmFtZSI6IlFhLUNvZGVycy1TWVNBRE1JTiIsIm1haWwiOiJzeXNhZG1pbkBxYWNvZGVycy5jb20iLCJwYXNzd29yZCI6IiQyYiQxMCQza0MxMHZ1L0VqTW9SUVVtcVFxL0guN2NyV1lJSUJjQkRUMmc0UlUwQlE0bXJSaTRKRXhPdSIsImFjY2Vzc1Byb2ZpbGUiOiJTWVNBRE1JTiIsImNwZiI6IjExMTExMTExMTExIiwic3RhdHVzIjp0cnVlLCJhdWRpdCI6W3sicmVnaXN0ZXJlZEJ5Ijp7InVzZXJJZCI6IjExMTExMTExMTExMTExMTExMSIsInVzZXJMb2dpbiI6InN5c2FkbWluQHFhY29kZXJzLmNvbSJ9LCJyZWdpc3RyYXRpb25EYXRlIjoic2V4dGEtZmVpcmEsIDIwLzEwLzIwMjMsIDIwOjI0OjE0IEJSVCIsInJlZ2lzdHJhdGlvbk51bWJlciI6IjAxIiwiY29tcGFueUlkIjoiUWEuQ29kZXJzIiwiX2lkIjoiNjUzMzBjMWVmYjhmM2RhZDEzYTY4MDhjIn1dLCJfX3YiOjAsImlhdCI6MTcxNTQ2MDI3NiwiZXhwIjoxNzE1NTQ2Njc2fQ.I29ug2FxGlqhp64mMbgCwGJCYnQXOwogEBNN4LUBPLg"} 
 </msg>
<msg time="2024-05-11T17:44:16.193148" level="INFO">/usr/lib/python3.12/site-packages/urllib3/connectionpool.py:1061: InsecureRequestWarning: Unverified HTTPS request is being made to host 'the-originals.qacoders-academy.com.br'. Adding certificate verification is strongly advised. See: https://urllib3.readthedocs.io/en/1.26.x/advanced-usage.html#ssl-warnings
  warnings.warn(</msg>
<msg time="2024-05-11T17:44:16.193325" level="INFO">${response} = &lt;Response [200]&gt;</msg>
<var>${response}</var>
<arg>alias=APITheOriginals</arg>
<arg>url=/api/login</arg>
<arg>json=${body}</arg>
<doc>Sends a POST request on a previously created HTTP Session.</doc>
<status status="PASS" start="2024-05-11T17:44:15.935245" elapsed="0.258121"/>
</kw>
<kw name="Log" owner="BuiltIn">
<msg time="2024-05-11T17:44:16.194567" level="INFO">{'msg': 'Olá Qa-Coders-SYSADMIN, autenticação autorizada com sucesso!', 'user': {'_id': '65330c1efb8f3dad13a6808b', 'fullName': 'Qa-Coders-SYSADMIN', 'mail': 'sysadmin@qacoders.com', 'password': '$2b$10$3kC10vu/EjMoRQUmqQq/H.7crWYIIBcBDT2g4RU0BQ4mrRi4JExOu', 'accessProfile': 'SYSADMIN', 'cpf': '11111111111', 'status': True, 'audit': [{'registeredBy': {'userId': '111111111111111111', 'userLogin': 'sysadmin@qacoders.com'}, 'registrationDate': 'sexta-feira, 20/10/2023, 20:24:14 BRT', 'registrationNumber': '01', 'companyId': 'Qa.Coders', '_id': '65330c1efb8f3dad13a6808c'}], '__v': 0}, 'token': 'eyJhbGciOiJIUzI1NiIsInR5cCI6IkpXVCJ9.eyJfaWQiOiI2NTMzMGMxZWZiOGYzZGFkMTNhNjgwOGIiLCJmdWxsTmFtZSI6IlFhLUNvZGVycy1TWVNBRE1JTiIsIm1haWwiOiJzeXNhZG1pbkBxYWNvZGVycy5jb20iLCJwYXNzd29yZCI6IiQyYiQxMCQza0MxMHZ1L0VqTW9SUVVtcVFxL0guN2NyV1lJSUJjQkRUMmc0UlUwQlE0bXJSaTRKRXhPdSIsImFjY2Vzc1Byb2ZpbGUiOiJTWVNBRE1JTiIsImNwZiI6IjExMTExMTExMTExIiwic3RhdHVzIjp0cnVlLCJhdWRpdCI6W3sicmVnaXN0ZXJlZEJ5Ijp7InVzZXJJZCI6IjExMTExMTExMTExMTExMTExMSIsInVzZXJMb2dpbiI6InN5c2FkbWluQHFhY29kZXJzLmNvbSJ9LCJyZWdpc3RyYXRpb25EYXRlIjoic2V4dGEtZmVpcmEsIDIwLzEwLzIwMjMsIDIwOjI0OjE0IEJSVCIsInJlZ2lzdHJhdGlvbk51bWJlciI6IjAxIiwiY29tcGFueUlkIjoiUWEuQ29kZXJzIiwiX2lkIjoiNjUzMzBjMWVmYjhmM2RhZDEzYTY4MDhjIn1dLCJfX3YiOjAsImlhdCI6MTcxNTQ2MDI3NiwiZXhwIjoxNzE1NTQ2Njc2fQ.I29ug2FxGlqhp64mMbgCwGJCYnQXOwogEBNN4LUBPLg'}</msg>
<arg>${response.json()}</arg>
<doc>Logs the given message with the given level.</doc>
<status status="PASS" start="2024-05-11T17:44:16.193629" elapsed="0.001127"/>
</kw>
<kw name="Set Test Variable" owner="BuiltIn">
<msg time="2024-05-11T17:44:16.197338" level="INFO">${TOKEN} = eyJhbGciOiJIUzI1NiIsInR5cCI6IkpXVCJ9.eyJfaWQiOiI2NTMzMGMxZWZiOGYzZGFkMTNhNjgwOGIiLCJmdWxsTmFtZSI6IlFhLUNvZGVycy1TWVNBRE1JTiIsIm1haWwiOiJzeXNhZG1pbkBxYWNvZGVycy5jb20iLCJwYXNzd29yZCI6IiQyYiQxMCQza0MxMHZ...</msg>
<arg>${TOKEN}</arg>
<arg>${response.json()["token"]}</arg>
<doc>Makes a variable available everywhere within the scope of the current test.</doc>
<status status="PASS" start="2024-05-11T17:44:16.195067" elapsed="0.002383"/>
</kw>
<status status="PASS" start="2024-05-11T17:44:15.933752" elapsed="0.263854"/>
</kw>
<kw name="Criar um nome randomico departamento/board" owner="API">
<kw name="Generate Random String" owner="String">
<msg time="2024-05-11T17:44:16.199215" level="INFO">${nome_randomic} = DTzrgKEjoh</msg>
<var>${nome_randomic}</var>
<arg>10</arg>
<arg>chars=[LETTERS]</arg>
<doc>Generates a string with a desired ``length`` from the given ``chars``.</doc>
<status status="PASS" start="2024-05-11T17:44:16.198607" elapsed="0.000674"/>
</kw>
<kw name="Convert To Lower Case" owner="String">
<msg time="2024-05-11T17:44:16.199871" level="INFO">${nome_randomic} = dtzrgkejoh</msg>
<var>${nome_randomic}</var>
<arg>${nome_randomic}</arg>
<doc>Converts string to lower case.</doc>
<status status="PASS" start="2024-05-11T17:44:16.199556" elapsed="0.000362"/>
</kw>
<kw name="Set Test Variable" owner="BuiltIn">
<msg time="2024-05-11T17:44:16.201586" level="INFO">${nomedepartamento} = dtzrgkejohdepmen</msg>
<arg>${nomedepartamento}</arg>
<arg>${nome_randomic}depmen</arg>
<doc>Makes a variable available everywhere within the scope of the current test.</doc>
<status status="PASS" start="2024-05-11T17:44:16.200145" elapsed="0.001513"/>
</kw>
<kw name="Log" owner="BuiltIn">
<msg time="2024-05-11T17:44:16.202075" level="INFO">dtzrgkejohdepmen</msg>
<arg>${nomedepartamento}</arg>
<doc>Logs the given message with the given level.</doc>
<status status="PASS" start="2024-05-11T17:44:16.201841" elapsed="0.000304"/>
</kw>
<kw name="Generate Random String" owner="String">
<msg time="2024-05-11T17:44:16.202630" level="INFO">${nome_randomic} = OFfFTobUQ</msg>
<var>${nome_randomic}</var>
<arg>9</arg>
<arg>chars=[LETTERS]</arg>
<doc>Generates a string with a desired ``length`` from the given ``chars``.</doc>
<status status="PASS" start="2024-05-11T17:44:16.202316" elapsed="0.000352"/>
</kw>
<kw name="Convert To Lower Case" owner="String">
<msg time="2024-05-11T17:44:16.203108" level="INFO">${nome_randomic} = offftobuq</msg>
<var>${nome_randomic}</var>
<arg>${nome_randomic}</arg>
<doc>Converts string to lower case.</doc>
<status status="PASS" start="2024-05-11T17:44:16.202848" elapsed="0.000297"/>
</kw>
<kw name="Set Test Variable" owner="BuiltIn">
<msg time="2024-05-11T17:44:16.204716" level="INFO">${nomedepart&amp;} = offftobuq&amp;</msg>
<arg>${nomedepart&amp;}</arg>
<arg>${nome_randomic}&amp;</arg>
<doc>Makes a variable available everywhere within the scope of the current test.</doc>
<status status="PASS" start="2024-05-11T17:44:16.203318" elapsed="0.001472"/>
</kw>
<kw name="Log" owner="BuiltIn">
<msg time="2024-05-11T17:44:16.205124" level="INFO">offftobuq&amp;</msg>
<arg>${nomedepart&amp;}</arg>
<doc>Logs the given message with the given level.</doc>
<status status="PASS" start="2024-05-11T17:44:16.204952" elapsed="0.000242"/>
</kw>
<kw name="Generate Random String" owner="String">
<msg time="2024-05-11T17:44:16.205713" level="INFO">${nome_randomic} = AWBTDDuD</msg>
<var>${nome_randomic}</var>
<arg>8</arg>
<arg>chars=[LETTERS]</arg>
<doc>Generates a string with a desired ``length`` from the given ``chars``.</doc>
<status status="PASS" start="2024-05-11T17:44:16.205411" elapsed="0.000333"/>
</kw>
<kw name="Convert To Upper Case" owner="String">
<msg time="2024-05-11T17:44:16.206037" level="INFO">${nome_randomic} = AWBTDDUD</msg>
<var>${nome_randomic}</var>
<arg>${nome_randomic}</arg>
<doc>Converts string to upper case.</doc>
<status status="PASS" start="2024-05-11T17:44:16.205880" elapsed="0.000193"/>
</kw>
<kw name="Set Test Variable" owner="BuiltIn">
<msg time="2024-05-11T17:44:16.207191" level="INFO">${NOMEDEPAT} = AWBTDDUDDEP</msg>
<arg>${NOMEDEPAT}</arg>
<arg>${nome_randomic}DEP</arg>
<doc>Makes a variable available everywhere within the scope of the current test.</doc>
<status status="PASS" start="2024-05-11T17:44:16.206210" elapsed="0.001020"/>
</kw>
<kw name="Log" owner="BuiltIn">
<msg time="2024-05-11T17:44:16.207424" level="INFO">AWBTDDUDDEP</msg>
<arg>${NOMEDEPAT}</arg>
<doc>Logs the given message with the given level.</doc>
<status status="PASS" start="2024-05-11T17:44:16.207326" elapsed="0.000131"/>
</kw>
<kw name="Generate Random String" owner="String">
<msg time="2024-05-11T17:44:16.207717" level="INFO">${nome_randomic} = imuDJoIcn</msg>
<var>${nome_randomic}</var>
<arg>9</arg>
<arg>chars=[LETTERS]</arg>
<doc>Generates a string with a desired ``length`` from the given ``chars``.</doc>
<status status="PASS" start="2024-05-11T17:44:16.207548" elapsed="0.000189"/>
</kw>
<kw name="Convert To Lower Case" owner="String">
<msg time="2024-05-11T17:44:16.207940" level="INFO">${nome_randomic} = imudjoicn</msg>
<var>${nome_randomic}</var>
<arg>${nome_randomic}</arg>
<doc>Converts string to lower case.</doc>
<status status="PASS" start="2024-05-11T17:44:16.207829" elapsed="0.000129"/>
</kw>
<kw name="Set Test Variable" owner="BuiltIn">
<msg time="2024-05-11T17:44:16.208708" level="INFO">${nomedepartminus} = imudjoicndepar&amp;</msg>
<arg>${nomedepartminus}</arg>
<arg>${nome_randomic}depar&amp;</arg>
<doc>Makes a variable available everywhere within the scope of the current test.</doc>
<status status="PASS" start="2024-05-11T17:44:16.208050" elapsed="0.000696"/>
</kw>
<kw name="Log" owner="BuiltIn">
<msg time="2024-05-11T17:44:16.208942" level="INFO">imudjoicndepar&amp;</msg>
<arg>${nomedepartminus}</arg>
<doc>Logs the given message with the given level.</doc>
<status status="PASS" start="2024-05-11T17:44:16.208844" elapsed="0.000131"/>
</kw>
<kw name="Generate Random String" owner="String">
<msg time="2024-05-11T17:44:16.209270" level="INFO">${nome_randomic} = HIVIsMNOaqdOjBGjNVmhmgCJIwYsBrwKwuqbbEmDskfzyEJZiP</msg>
<var>${nome_randomic}</var>
<arg>50</arg>
<arg>chars=[LETTERS]</arg>
<doc>Generates a string with a desired ``length`` from the given ``chars``.</doc>
<status status="PASS" start="2024-05-11T17:44:16.209066" elapsed="0.000226"/>
</kw>
<kw name="Convert To Lower Case" owner="String">
<msg time="2024-05-11T17:44:16.209520" level="INFO">${nome_randomic} = hivismnoaqdojbgjnvmhmgcjiwysbrwkwuqbbemdskfzyejzip</msg>
<var>${nome_randomic}</var>
<arg>${nome_randomic}</arg>
<doc>Converts string to lower case.</doc>
<status status="PASS" start="2024-05-11T17:44:16.209385" elapsed="0.000154"/>
</kw>
<kw name="Set Test Variable" owner="BuiltIn">
<msg time="2024-05-11T17:44:16.210553" level="INFO">${nomecom50} = hivismnoaqdojbgjnvmhmgcjiwysbrwkwuqbbemdskfzyejzip</msg>
<arg>${nomecom50}</arg>
<arg>${nome_randomic}</arg>
<doc>Makes a variable available everywhere within the scope of the current test.</doc>
<status status="PASS" start="2024-05-11T17:44:16.209758" elapsed="0.000843"/>
</kw>
<kw name="Log" owner="BuiltIn">
<msg time="2024-05-11T17:44:16.210819" level="INFO">hivismnoaqdojbgjnvmhmgcjiwysbrwkwuqbbemdskfzyejzip</msg>
<arg>${nomecom50}</arg>
<doc>Logs the given message with the given level.</doc>
<status status="PASS" start="2024-05-11T17:44:16.210713" elapsed="0.000142"/>
</kw>
<kw name="Generate Random String" owner="String">
<msg time="2024-05-11T17:44:16.211331" level="INFO">${nome_randomic} = yZPEKvP</msg>
<var>${nome_randomic}</var>
<arg>7</arg>
<arg>chars=[LETTERS]</arg>
<doc>Generates a string with a desired ``length`` from the given ``chars``.</doc>
<status status="PASS" start="2024-05-11T17:44:16.210963" elapsed="0.000391"/>
</kw>
<kw name="Convert To Lower Case" owner="String">
<msg time="2024-05-11T17:44:16.211580" level="INFO">${nome_randomic} = yzpekvp</msg>
<var>${nome_randomic}</var>
<arg>${nome_randomic}</arg>
<doc>Converts string to lower case.</doc>
<status status="PASS" start="2024-05-11T17:44:16.211471" elapsed="0.000124"/>
</kw>
<kw name="Set Test Variable" owner="BuiltIn">
<msg time="2024-05-11T17:44:16.213011" level="INFO">${nameboard} = yzpekvp</msg>
<arg>${nameboard}</arg>
<arg>${nome_randomic}</arg>
<doc>Makes a variable available everywhere within the scope of the current test.</doc>
<status status="PASS" start="2024-05-11T17:44:16.211747" elapsed="0.001333"/>
</kw>
<kw name="Log" owner="BuiltIn">
<msg time="2024-05-11T17:44:16.213331" level="INFO">yzpekvp</msg>
<arg>${nameboard}</arg>
<doc>Logs the given message with the given level.</doc>
<status status="PASS" start="2024-05-11T17:44:16.213239" elapsed="0.000121"/>
</kw>
<status status="PASS" start="2024-05-11T17:44:16.198120" elapsed="0.015307"/>
</kw>
<kw name="diretoria com letras minúsculas" owner="API">
<kw name="Create Dictionary" owner="BuiltIn">
<msg time="2024-05-11T17:44:16.214019" level="INFO">${headers} = {'Authorization': 'eyJhbGciOiJIUzI1NiIsInR5cCI6IkpXVCJ9.eyJfaWQiOiI2NTMzMGMxZWZiOGYzZGFkMTNhNjgwOGIiLCJmdWxsTmFtZSI6IlFhLUNvZGVycy1TWVNBRE1JTiIsIm1haWwiOiJzeXNhZG1pbkBxYWNvZGVycy5jb20iLCJwYXNzd29yZCI6...</msg>
<var>${headers}</var>
<arg>Authorization=${token}</arg>
<doc>Creates and returns a dictionary based on the given ``items``.</doc>
<status status="PASS" start="2024-05-11T17:44:16.213855" elapsed="0.000186"/>
</kw>
<kw name="Create Dictionary" owner="BuiltIn">
<msg time="2024-05-11T17:44:16.214275" level="INFO">${body} = {'boardName': 'imudjoicndepar&amp;'}</msg>
<var>${body}</var>
<arg>boardName=${nomedepartminus}</arg>
<doc>Creates and returns a dictionary based on the given ``items``.</doc>
<status status="PASS" start="2024-05-11T17:44:16.214130" elapsed="0.000162"/>
</kw>
<kw name="Create API Session" owner="API">
<kw name="Create Dictionary" owner="BuiltIn">
<msg time="2024-05-11T17:44:16.214736" level="INFO">${headers} = {'accept': 'application/json', 'Content-Type': 'application/json'}</msg>
<var>${headers}</var>
<arg>accept=application/json</arg>
<arg>Content-Type=application/json</arg>
<doc>Creates and returns a dictionary based on the given ``items``.</doc>
<status status="PASS" start="2024-05-11T17:44:16.214613" elapsed="0.000140"/>
</kw>
<kw name="Create Session" owner="RequestsLibrary">
<msg time="2024-05-11T17:44:16.214968" level="INFO">Creating Session using : alias=APITheOriginals, url=https://the-originals.qacoders-academy.com.br, headers={'accept': 'application/json', 'Content-Type': 'application/json'},                     cookies={}, auth=None, timeout=None, proxies=None, verify=False,                     debug=0 </msg>
<arg>alias=APITheOriginals</arg>
<arg>url=https://the-originals.qacoders-academy.com.br</arg>
<arg>headers=${headers}</arg>
<doc>Create Session: create a HTTP session to a server</doc>
<status status="PASS" start="2024-05-11T17:44:16.214829" elapsed="0.000376"/>
</kw>
<status status="PASS" start="2024-05-11T17:44:16.214392" elapsed="0.000864"/>
</kw>
<kw name="POST On Session" owner="RequestsLibrary">
<msg time="2024-05-11T17:44:16.288927" level="INFO">POST Request : url=https://the-originals.qacoders-academy.com.br/api/board 
 path_url=/api/board 
 headers={'User-Agent': 'python-requests/2.31.0', 'Accept-Encoding': 'gzip, deflate, br', 'accept': 'application/json', 'Connection': 'keep-alive', 'Content-Type': 'application/json', 'Authorization': 'eyJhbGciOiJIUzI1NiIsInR5cCI6IkpXVCJ9.eyJfaWQiOiI2NTMzMGMxZWZiOGYzZGFkMTNhNjgwOGIiLCJmdWxsTmFtZSI6IlFhLUNvZGVycy1TWVNBRE1JTiIsIm1haWwiOiJzeXNhZG1pbkBxYWNvZGVycy5jb20iLCJwYXNzd29yZCI6IiQyYiQxMCQza0MxMHZ1L0VqTW9SUVVtcVFxL0guN2NyV1lJSUJjQkRUMmc0UlUwQlE0bXJSaTRKRXhPdSIsImFjY2Vzc1Byb2ZpbGUiOiJTWVNBRE1JTiIsImNwZiI6IjExMTExMTExMTExIiwic3RhdHVzIjp0cnVlLCJhdWRpdCI6W3sicmVnaXN0ZXJlZEJ5Ijp7InVzZXJJZCI6IjExMTExMTExMTExMTExMTExMSIsInVzZXJMb2dpbiI6InN5c2FkbWluQHFhY29kZXJzLmNvbSJ9LCJyZWdpc3RyYXRpb25EYXRlIjoic2V4dGEtZmVpcmEsIDIwLzEwLzIwMjMsIDIwOjI0OjE0IEJSVCIsInJlZ2lzdHJhdGlvbk51bWJlciI6IjAxIiwiY29tcGFueUlkIjoiUWEuQ29kZXJzIiwiX2lkIjoiNjUzMzBjMWVmYjhmM2RhZDEzYTY4MDhjIn1dLCJfX3YiOjAsImlhdCI6MTcxNTQ2MDI3NiwiZXhwIjoxNzE1NTQ2Njc2fQ.I29ug2FxGlqhp64mMbgCwGJCYnQXOwogEBNN4LUBPLg', 'Content-Length': '32'} 
 body=b'{"boardName": "imudjoicndepar&amp;"}' 
 </msg>
<msg time="2024-05-11T17:44:16.289011" level="INFO">POST Response : url=https://the-originals.qacoders-academy.com.br/api/board 
 status=201, reason=Created 
 headers={'Server': 'nginx/1.18.0 (Ubuntu)', 'Date': 'Sat, 11 May 2024 20:44:36 GMT', 'Content-Type': 'application/json; charset=utf-8', 'Content-Length': '346', 'Connection': 'keep-alive', 'X-Powered-By': 'Express', 'Access-Control-Allow-Origin': '*', 'Access-Control-Allow-Methods': 'GET, POST, OPTIONS, PUT, PATCH, DELETE', 'Access-Control-Allow-Headers': 'Origin, X-Requested-With, Content-Type, Accept, Authorization', 'ETag': 'W/"15a-gelf5dBgy+Ant3qnWn+IwSmfVoA"'} 
 body={"msg":"Cadastro realizado com sucesso!","newBoard":{"boardName":"imudjoicndepar&amp;","boardCode":"875","status":true,"audit":[{"registrationDate":"sábado, 11/05/2024, 17:44:36 BRT","registeredBy":{"userId":"65330c1efb8f3dad13a6808b","userLogin":"sysadmin@qacoders.com"},"_id":"663fd8b44ebd54fc6f3237db"}],"_id":"663fd8b44ebd54fc6f3237da","__v":0}} 
 </msg>
<msg time="2024-05-11T17:44:16.289068" level="INFO">/usr/lib/python3.12/site-packages/urllib3/connectionpool.py:1061: InsecureRequestWarning: Unverified HTTPS request is being made to host 'the-originals.qacoders-academy.com.br'. Adding certificate verification is strongly advised. See: https://urllib3.readthedocs.io/en/1.26.x/advanced-usage.html#ssl-warnings
  warnings.warn(</msg>
<msg time="2024-05-11T17:44:16.289166" level="INFO">${response} = &lt;Response [201]&gt;</msg>
<var>${response}</var>
<arg>alias=APITheOriginals</arg>
<arg>url=/api/board</arg>
<arg>json=${body}</arg>
<arg>headers=${headers}</arg>
<arg>expected_status=201</arg>
<doc>Sends a POST request on a previously created HTTP Session.</doc>
<status status="PASS" start="2024-05-11T17:44:16.215344" elapsed="0.073846"/>
</kw>
<kw name="Log" owner="BuiltIn">
<msg time="2024-05-11T17:44:16.289915" level="INFO">{'msg': 'Cadastro realizado com sucesso!', 'newBoard': {'boardName': 'imudjoicndepar&amp;', 'boardCode': '875', 'status': True, 'audit': [{'registrationDate': 'sábado, 11/05/2024, 17:44:36 BRT', 'registeredBy': {'userId': '65330c1efb8f3dad13a6808b', 'userLogin': 'sysadmin@qacoders.com'}, '_id': '663fd8b44ebd54fc6f3237db'}], '_id': '663fd8b44ebd54fc6f3237da', '__v': 0}}</msg>
<arg>${response.json()}</arg>
<doc>Logs the given message with the given level.</doc>
<status status="PASS" start="2024-05-11T17:44:16.289376" elapsed="0.000585"/>
</kw>
<kw name="Set Test Variable" owner="BuiltIn">
<msg time="2024-05-11T17:44:16.290983" level="INFO">${ID_DIRETORIA} = 663fd8b44ebd54fc6f3237da</msg>
<arg>${ID_DIRETORIA}</arg>
<arg>${response.json()['newBoard']['_id']}</arg>
<doc>Makes a variable available everywhere within the scope of the current test.</doc>
<status status="PASS" start="2024-05-11T17:44:16.290085" elapsed="0.000990"/>
</kw>
<kw name="Set Test Variable" owner="BuiltIn">
<msg time="2024-05-11T17:44:16.291594" level="INFO">${ID_DIRETORIA} = {'msg': 'Cadastro realizado com sucesso!', 'newBoard': {'boardName': 'imudjoicndepar&amp;', 'boardCode': '875', 'status': True, 'audit': [{'registrationDate': 'sábado, 11/05/2024, 17:44:36 BRT', 'register...</msg>
<arg>${ID_DIRETORIA}</arg>
<arg>${response.json()}</arg>
<doc>Makes a variable available everywhere within the scope of the current test.</doc>
<status status="PASS" start="2024-05-11T17:44:16.291170" elapsed="0.000457"/>
</kw>
<status status="PASS" start="2024-05-11T17:44:16.213620" elapsed="0.078060"/>
</kw>
<status status="PASS" start="2024-05-11T17:44:15.932629" elapsed="0.359151"/>
</test>
<test id="s1-t4" name="CT04 - diretoria com letras e caractere &amp;" line="23">
<kw name="Create API Session" owner="API">
<kw name="Create Dictionary" owner="BuiltIn">
<msg time="2024-05-11T17:44:16.292500" level="INFO">${headers} = {'accept': 'application/json', 'Content-Type': 'application/json'}</msg>
<var>${headers}</var>
<arg>accept=application/json</arg>
<arg>Content-Type=application/json</arg>
<doc>Creates and returns a dictionary based on the given ``items``.</doc>
<status status="PASS" start="2024-05-11T17:44:16.292371" elapsed="0.000149"/>
</kw>
<kw name="Create Session" owner="RequestsLibrary">
<msg time="2024-05-11T17:44:16.292758" level="INFO">Creating Session using : alias=APITheOriginals, url=https://the-originals.qacoders-academy.com.br, headers={'accept': 'application/json', 'Content-Type': 'application/json'},                     cookies={}, auth=None, timeout=None, proxies=None, verify=False,                     debug=0 </msg>
<arg>alias=APITheOriginals</arg>
<arg>url=https://the-originals.qacoders-academy.com.br</arg>
<arg>headers=${headers}</arg>
<doc>Create Session: create a HTTP session to a server</doc>
<status status="PASS" start="2024-05-11T17:44:16.292612" elapsed="0.000247"/>
</kw>
<status status="PASS" start="2024-05-11T17:44:16.292206" elapsed="0.000703"/>
</kw>
<kw name="Login de acesso" owner="API">
<kw name="Create Dictionary" owner="BuiltIn">
<msg time="2024-05-11T17:44:16.293347" level="INFO">${body} = {'mail': 'sysadmin@qacoders.com', 'password': '1234@Test'}</msg>
<var>${body}</var>
<arg>mail=${mail}</arg>
<arg>password=${password}</arg>
<doc>Creates and returns a dictionary based on the given ``items``.</doc>
<status status="PASS" start="2024-05-11T17:44:16.293196" elapsed="0.000167"/>
</kw>
<kw name="Log" owner="BuiltIn">
<msg time="2024-05-11T17:44:16.293515" level="INFO">{'mail': 'sysadmin@qacoders.com', 'password': '1234@Test'}</msg>
<arg>${body}</arg>
<doc>Logs the given message with the given level.</doc>
<status status="PASS" start="2024-05-11T17:44:16.293432" elapsed="0.000107"/>
</kw>
<kw name="Create API Session" owner="API">
<kw name="Create Dictionary" owner="BuiltIn">
<msg time="2024-05-11T17:44:16.293888" level="INFO">${headers} = {'accept': 'application/json', 'Content-Type': 'application/json'}</msg>
<var>${headers}</var>
<arg>accept=application/json</arg>
<arg>Content-Type=application/json</arg>
<doc>Creates and returns a dictionary based on the given ``items``.</doc>
<status status="PASS" start="2024-05-11T17:44:16.293779" elapsed="0.000124"/>
</kw>
<kw name="Create Session" owner="RequestsLibrary">
<msg time="2024-05-11T17:44:16.294096" level="INFO">Creating Session using : alias=APITheOriginals, url=https://the-originals.qacoders-academy.com.br, headers={'accept': 'application/json', 'Content-Type': 'application/json'},                     cookies={}, auth=None, timeout=None, proxies=None, verify=False,                     debug=0 </msg>
<arg>alias=APITheOriginals</arg>
<arg>url=https://the-originals.qacoders-academy.com.br</arg>
<arg>headers=${headers}</arg>
<doc>Create Session: create a HTTP session to a server</doc>
<status status="PASS" start="2024-05-11T17:44:16.293975" elapsed="0.000215"/>
</kw>
<status status="PASS" start="2024-05-11T17:44:16.293621" elapsed="0.000619"/>
</kw>
<kw name="POST On Session" owner="RequestsLibrary">
<msg time="2024-05-11T17:44:16.536435" level="INFO">POST Request : url=https://the-originals.qacoders-academy.com.br/api/login 
 path_url=/api/login 
 headers={'User-Agent': 'python-requests/2.31.0', 'Accept-Encoding': 'gzip, deflate, br', 'accept': 'application/json', 'Connection': 'keep-alive', 'Content-Type': 'application/json', 'Content-Length': '58'} 
 body=b'{"mail": "sysadmin@qacoders.com", "password": "1234@Test"}' 
 </msg>
<msg time="2024-05-11T17:44:16.536635" level="INFO">POST Response : url=https://the-originals.qacoders-academy.com.br/api/login 
 status=200, reason=OK 
 headers={'Server': 'nginx/1.18.0 (Ubuntu)', 'Date': 'Sat, 11 May 2024 20:44:36 GMT', 'Content-Type': 'application/json; charset=utf-8', 'Transfer-Encoding': 'chunked', 'Connection': 'keep-alive', 'X-Powered-By': 'Express', 'Access-Control-Allow-Origin': '*', 'Access-Control-Allow-Methods': 'GET, POST, OPTIONS, PUT, PATCH, DELETE', 'Access-Control-Allow-Headers': 'Origin, X-Requested-With, Content-Type, Accept, Authorization', 'ETag': 'W/"534-RHAB0l6VR5zCCFxsuIBrbuEHvkE"', 'Content-Encoding': 'gzip'} 
 body={"msg":"Olá Qa-Coders-SYSADMIN, autenticação autorizada com sucesso!","user":{"_id":"65330c1efb8f3dad13a6808b","fullName":"Qa-Coders-SYSADMIN","mail":"sysadmin@qacoders.com","password":"$2b$10$3kC10vu/EjMoRQUmqQq/H.7crWYIIBcBDT2g4RU0BQ4mrRi4JExOu","accessProfile":"SYSADMIN","cpf":"11111111111","status":true,"audit":[{"registeredBy":{"userId":"111111111111111111","userLogin":"sysadmin@qacoders.com"},"registrationDate":"sexta-feira, 20/10/2023, 20:24:14 BRT","registrationNumber":"01","companyId":"Qa.Coders","_id":"65330c1efb8f3dad13a6808c"}],"__v":0},"token":"eyJhbGciOiJIUzI1NiIsInR5cCI6IkpXVCJ9.eyJfaWQiOiI2NTMzMGMxZWZiOGYzZGFkMTNhNjgwOGIiLCJmdWxsTmFtZSI6IlFhLUNvZGVycy1TWVNBRE1JTiIsIm1haWwiOiJzeXNhZG1pbkBxYWNvZGVycy5jb20iLCJwYXNzd29yZCI6IiQyYiQxMCQza0MxMHZ1L0VqTW9SUVVtcVFxL0guN2NyV1lJSUJjQkRUMmc0UlUwQlE0bXJSaTRKRXhPdSIsImFjY2Vzc1Byb2ZpbGUiOiJTWVNBRE1JTiIsImNwZiI6IjExMTExMTExMTExIiwic3RhdHVzIjp0cnVlLCJhdWRpdCI6W3sicmVnaXN0ZXJlZEJ5Ijp7InVzZXJJZCI6IjExMTExMTExMTExMTExMTExMSIsInVzZXJMb2dpbiI6InN5c2FkbWluQHFhY29kZXJzLmNvbSJ9LCJyZWdpc3RyYXRpb25EYXRlIjoic2V4dGEtZmVpcmEsIDIwLzEwLzIwMjMsIDIwOjI0OjE0IEJSVCIsInJlZ2lzdHJhdGlvbk51bWJlciI6IjAxIiwiY29tcGFueUlkIjoiUWEuQ29kZXJzIiwiX2lkIjoiNjUzMzBjMWVmYjhmM2RhZDEzYTY4MDhjIn1dLCJfX3YiOjAsImlhdCI6MTcxNTQ2MDI3NiwiZXhwIjoxNzE1NTQ2Njc2fQ.I29ug2FxGlqhp64mMbgCwGJCYnQXOwogEBNN4LUBPLg"} 
 </msg>
<msg time="2024-05-11T17:44:16.536798" level="INFO">/usr/lib/python3.12/site-packages/urllib3/connectionpool.py:1061: InsecureRequestWarning: Unverified HTTPS request is being made to host 'the-originals.qacoders-academy.com.br'. Adding certificate verification is strongly advised. See: https://urllib3.readthedocs.io/en/1.26.x/advanced-usage.html#ssl-warnings
  warnings.warn(</msg>
<msg time="2024-05-11T17:44:16.537060" level="INFO">${response} = &lt;Response [200]&gt;</msg>
<var>${response}</var>
<arg>alias=APITheOriginals</arg>
<arg>url=/api/login</arg>
<arg>json=${body}</arg>
<doc>Sends a POST request on a previously created HTTP Session.</doc>
<status status="PASS" start="2024-05-11T17:44:16.294321" elapsed="0.242809"/>
</kw>
<kw name="Log" owner="BuiltIn">
[...]
'819', 'status': True, 'audit': [{'registeredBy': {'userId': '65330c1efb8f3dad13a6808b', 'userLogin': 'sysadmin@qacoders.com'}, 'registrationDate': 'quinta-feira, 09/05/2024, 18:46:33 BRT', '_id': '663d44394ebd54fc6f31c5ee'}], '__v': 0}, {'_id': '663d44394ebd54fc6f31c5f2', 'boardName': 'dwnukubmokmpzy', 'boardCode': '820', 'status': True, 'audit': [{'registeredBy': {'userId': '65330c1efb8f3dad13a6808b', 'userLogin': 'sysadmin@qacoders.com'}, 'registrationDate': 'quinta-feira, 09/05/2024, 18:46:33 BRT', '_id': '663d44394ebd54fc6f31c5f3'}], '__v': 0}, {'_id': '663d44394ebd54fc6f31c5f7', 'boardName': '&amp;zEQ&amp;pEQOAddtSvIfCEUArvExpE', 'boardCode': '821', 'status': True, 'audit': [{'registeredBy': {'userId': '65330c1efb8f3dad13a6808b', 'userLogin': 'sysadmin@qacoders.com'}, 'registrationDate': 'quinta-feira, 09/05/2024, 18:46:33 BRT', '_id': '663d44394ebd54fc6f31c5f8'}], '__v': 0}, {'_id': '663d45544ebd54fc6f31ca11', 'boardName': 'mmhmtdxUGObdEf', 'boardCode': '822', 'status': True, 'audit': [{'registeredBy': {'userId': '65330c1efb8f3dad13a6808b', 'userLogin': 'sysadmin@qacoders.com'}, 'registrationDate': 'quinta-feira, 09/05/2024, 18:51:16 BRT', '_id': '663d45544ebd54fc6f31ca12'}], '__v': 0}, {'_id': '663d45554ebd54fc6f31ca18', 'boardName': 'RICSGVWNSDFRVR', 'boardCode': '823', 'status': True, 'audit': [{'registeredBy': {'userId': '65330c1efb8f3dad13a6808b', 'userLogin': 'sysadmin@qacoders.com'}, 'registrationDate': 'quinta-feira, 09/05/2024, 18:51:17 BRT', '_id': '663d45554ebd54fc6f31ca19'}], '__v': 0}, {'_id': '663d45554ebd54fc6f31ca1d', 'boardName': 'pybjkmzsivafpg', 'boardCode': '824', 'status': True, 'audit': [{'registeredBy': {'userId': '65330c1efb8f3dad13a6808b', 'userLogin': 'sysadmin@qacoders.com'}, 'registrationDate': 'quinta-feira, 09/05/2024, 18:51:17 BRT', '_id': '663d45554ebd54fc6f31ca1e'}], '__v': 0}, {'_id': '663d45554ebd54fc6f31ca22', 'boardName': 'fbSAYdWm&amp;mCWGO&amp;EQCGvAAWCxCA', 'boardCode': '825', 'status': True, 'audit': [{'registeredBy': {'userId': '65330c1efb8f3dad13a6808b', 'userLogin': 'sysadmin@qacoders.com'}, 'registrationDate': 'quinta-feira, 09/05/2024, 18:51:17 BRT', '_id': '663d45554ebd54fc6f31ca23'}], '__v': 0}, {'_id': '663d45984ebd54fc6f31d23d', 'boardName': 'CUOthNAUrGfSGA', 'boardCode': '826', 'status': True, 'audit': [{'registeredBy': {'userId': '65330c1efb8f3dad13a6808b', 'userLogin': 'sysadmin@qacoders.com'}, 'registrationDate': 'quinta-feira, 09/05/2024, 18:52:24 BRT', '_id': '663d45984ebd54fc6f31d23e'}], '__v': 0}, {'_id': '663d45984ebd54fc6f31d244', 'boardName': 'UBLWDBOGWDHEZN', 'boardCode': '827', 'status': True, 'audit': [{'registeredBy': {'userId': '65330c1efb8f3dad13a6808b', 'userLogin': 'sysadmin@qacoders.com'}, 'registrationDate': 'quinta-feira, 09/05/2024, 18:52:24 BRT', '_id': '663d45984ebd54fc6f31d245'}], '__v': 0}, {'_id': '663d45984ebd54fc6f31d249', 'boardName': 'xyajvhoaiftupf', 'boardCode': '828', 'status': True, 'audit': [{'registeredBy': {'userId': '65330c1efb8f3dad13a6808b', 'userLogin': 'sysadmin@qacoders.com'}, 'registrationDate': 'quinta-feira, 09/05/2024, 18:52:24 BRT', '_id': '663d45984ebd54fc6f31d24a'}], '__v': 0}, {'_id': '663d45984ebd54fc6f31d24e', 'boardName': 'OSpmQW&amp;v&amp;OxzxCSUAfYvShIYff&amp;', 'boardCode': '829', 'status': True, 'audit': [{'registeredBy': {'userId': '65330c1efb8f3dad13a6808b', 'userLogin': 'sysadmin@qacoders.com'}, 'registrationDate': 'quinta-feira, 09/05/2024, 18:52:24 BRT', '_id': '663d45984ebd54fc6f31d24f'}], '__v': 0}, {'_id': '663d45fe4ebd54fc6f31dad3', 'boardName': 'GxhApdmzQppzvb', 'boardCode': '830', 'status': True, 'audit': [{'registeredBy': {'userId': '65330c1efb8f3dad13a6808b', 'userLogin': 'sysadmin@qacoders.com'}, 'registrationDate': 'quinta-feira, 09/05/2024, 18:54:06 BRT', '_id': '663d45fe4ebd54fc6f31dad4'}], '__v': 0}, {'_id': '663d45ff4ebd54fc6f31dae1', 'boardName': 'BQSHYAVXOFITQB', 'boardCode': '831', 'status': True, 'audit': [{'registeredBy': {'userId': '65330c1efb8f3dad13a6808b', 'userLogin': 'sysadmin@qacoders.com'}, 'registrationDate': 'quinta-feira, 09/05/2024, 18:54:07 BRT', '_id': '663d45ff4ebd54fc6f31dae2'}], '__v': 0}, {'_id': '663d45ff4ebd54fc6f31dae6', 'boardName': 'towqfsmhyzvbqs', 'boardCode': '832', 'status': True, 'audit': [{'registeredBy': {'userId': '65330c1efb8f3dad13a6808b', 'userLogin': 'sysadmin@qacoders.com'}, 'registrationDate': 'quinta-feira, 09/05/2024, 18:54:07 BRT', '_id': '663d45ff4ebd54fc6f31dae7'}], '__v': 0}, {'_id': '663d45ff4ebd54fc6f31daeb', 'boardName': 'YCWtYWQhUzh&amp;&amp;CIUNrrNxU&amp;Cddb', 'boardCode': '833', 'status': True, 'audit': [{'registeredBy': {'userId': '65330c1efb8f3dad13a6808b', 'userLogin': 'sysadmin@qacoders.com'}, 'registrationDate': 'quinta-feira, 09/05/2024, 18:54:07 BRT', '_id': '663d45ff4ebd54fc6f31daec'}], '__v': 0}, {'_id': '663d466b4ebd54fc6f31e34a', 'boardName': 'bYCQAvxGxthrOS', 'boardCode': '834', 'status': True, 'audit': [{'registeredBy': {'userId': '65330c1efb8f3dad13a6808b', 'userLogin': 'sysadmin@qacoders.com'}, 'registrationDate': 'quinta-feira, 09/05/2024, 18:55:55 BRT', '_id': '663d466b4ebd54fc6f31e34b'}], '__v': 0}, {'_id': '663d466b4ebd54fc6f31e351', 'boardName': 'DPUOVQFHUYJVIT', 'boardCode': '835', 'status': True, 'audit': [{'registeredBy': {'userId': '65330c1efb8f3dad13a6808b', 'userLogin': 'sysadmin@qacoders.com'}, 'registrationDate': 'quinta-feira, 09/05/2024, 18:55:55 BRT', '_id': '663d466b4ebd54fc6f31e352'}], '__v': 0}, {'_id': '663d466c4ebd54fc6f31e35d', 'boardName': 'vqvcvnmmovzgwu', 'boardCode': '836', 'status': True, 'audit': [{'registeredBy': {'userId': '65330c1efb8f3dad13a6808b', 'userLogin': 'sysadmin@qacoders.com'}, 'registrationDate': 'quinta-feira, 09/05/2024, 18:55:56 BRT', '_id': '663d466c4ebd54fc6f31e35e'}], '__v': 0}, {'_id': '663d466c4ebd54fc6f31e365', 'boardName': 'E&amp;UYU&amp;UdOxvUIUmtIEmrhStQQzQ', 'boardCode': '837', 'status': True, 'audit': [{'registeredBy': {'userId': '65330c1efb8f3dad13a6808b', 'userLogin': 'sysadmin@qacoders.com'}, 'registrationDate': 'quinta-feira, 09/05/2024, 18:55:56 BRT', '_id': '663d466c4ebd54fc6f31e366'}], '__v': 0}, {'_id': '663d46ec4ebd54fc6f31e6f9', 'boardName': 'SEIvUWUCfYAUvb', 'boardCode': '838', 'status': True, 'audit': [{'registeredBy': {'userId': '65330c1efb8f3dad13a6808b', 'userLogin': 'sysadmin@qacoders.com'}, 'registrationDate': 'quinta-feira, 09/05/2024, 18:58:04 BRT', '_id': '663d46ec4ebd54fc6f31e6fa'}], '__v': 0}, {'_id': '663d46ec4ebd54fc6f31e708', 'boardName': 'CQKWVWVZOMOZIR', 'boardCode': '839', 'status': True, 'audit': [{'registeredBy': {'userId': '65330c1efb8f3dad13a6808b', 'userLogin': 'sysadmin@qacoders.com'}, 'registrationDate': 'quinta-feira, 09/05/2024, 18:58:04 BRT', '_id': '663d46ec4ebd54fc6f31e709'}], '__v': 0}, {'_id': '663d46ed4ebd54fc6f31e70f', 'boardName': 'wqkdlyjtgipzor', 'boardCode': '840', 'status': True, 'audit': [{'registeredBy': {'userId': '65330c1efb8f3dad13a6808b', 'userLogin': 'sysadmin@qacoders.com'}, 'registrationDate': 'quinta-feira, 09/05/2024, 18:58:05 BRT', '_id': '663d46ed4ebd54fc6f31e710'}], '__v': 0}, {'_id': '663d46ed4ebd54fc6f31e714', 'boardName': 'NhGr&amp;ISUdbNxItIhNx&amp;WrfYAESt', 'boardCode': '841', 'status': True, 'audit': [{'registeredBy': {'userId': '65330c1efb8f3dad13a6808b', 'userLogin': 'sysadmin@qacoders.com'}, 'registrationDate': 'quinta-feira, 09/05/2024, 18:58:05 BRT', '_id': '663d46ed4ebd54fc6f31e715'}], '__v': 0}, {'_id': '663d476b4ebd54fc6f31ef7c', 'boardName': 'GEIIrYEQrtNYrC', 'boardCode': '842', 'status': True, 'audit': [{'registeredBy': {'userId': '65330c1efb8f3dad13a6808b', 'userLogin': 'sysadmin@qacoders.com'}, 'registrationDate': 'quinta-feira, 09/05/2024, 19:00:11 BRT', '_id': '663d476b4ebd54fc6f31ef7d'}], '__v': 0}, {'_id': '663d476c4ebd54fc6f31ef83', 'boardName': 'NQGPLWOPIZNAQI', 'boardCode': '843', 'status': True, 'audit': [{'registeredBy': {'userId': '65330c1efb8f3dad13a6808b', 'userLogin': 'sysadmin@qacoders.com'}, 'registrationDate': 'quinta-feira, 09/05/2024, 19:00:12 BRT', '_id': '663d476c4ebd54fc6f31ef84'}], '__v': 0}, {'_id': '663d476c4ebd54fc6f31ef88', 'boardName': 'djziiaeslpfdjv', 'boardCode': '844', 'status': True, 'audit': [{'registeredBy': {'userId': '65330c1efb8f3dad13a6808b', 'userLogin': 'sysadmin@qacoders.com'}, 'registrationDate': 'quinta-feira, 09/05/2024, 19:00:12 BRT', '_id': '663d476c4ebd54fc6f31ef89'}], '__v': 0}, {'_id': '663d476c4ebd54fc6f31ef8d', 'boardName': 'AbvNGmOrUAzUftdhGmIWf&amp;UU&amp;EI', 'boardCode': '845', 'status': True, 'audit': [{'registeredBy': {'userId': '65330c1efb8f3dad13a6808b', 'userLogin': 'sysadmin@qacoders.com'}, 'registrationDate': 'quinta-feira, 09/05/2024, 19:00:12 BRT', '_id': '663d476c4ebd54fc6f31ef8e'}], '__v': 0}, {'_id': '663d48e64ebd54fc6f31f808', 'boardName': 'hCdUSImQvvtxSz', 'boardCode': '846', 'status': True, 'audit': [{'registeredBy': {'userId': '65330c1efb8f3dad13a6808b', 'userLogin': 'sysadmin@qacoders.com'}, 'registrationDate': 'quinta-feira, 09/05/2024, 19:06:30 BRT', '_id': '663d48e64ebd54fc6f31f809'}], '__v': 0}, {'_id': '663d48e74ebd54fc6f31f80f', 'boardName': 'HWZEYBVCRVWEWN', 'boardCode': '847', 'status': True, 'audit': [{'registeredBy': {'userId': '65330c1efb8f3dad13a6808b', 'userLogin': 'sysadmin@qacoders.com'}, 'registrationDate': 'quinta-feira, 09/05/2024, 19:06:31 BRT', '_id': '663d48e74ebd54fc6f31f810'}], '__v': 0}, {'_id': '663d48e74ebd54fc6f31f814', 'boardName': 'uyhswqgltkjtqg', 'boardCode': '848', 'status': True, 'audit': [{'registeredBy': {'userId': '65330c1efb8f3dad13a6808b', 'userLogin': 'sysadmin@qacoders.com'}, 'registrationDate': 'quinta-feira, 09/05/2024, 19:06:31 BRT', '_id': '663d48e74ebd54fc6f31f815'}], '__v': 0}, {'_id': '663d48e74ebd54fc6f31f819', 'boardName': 'dxWNISYmbxfI&amp;mWNAx&amp;hCf&amp;EmSm', 'boardCode': '849', 'status': True, 'audit': [{'registeredBy': {'userId': '65330c1efb8f3dad13a6808b', 'userLogin': 'sysadmin@qacoders.com'}, 'registrationDate': 'quinta-feira, 09/05/2024, 19:06:31 BRT', '_id': '663d48e74ebd54fc6f31f81a'}], '__v': 0}, {'_id': '663d4b154ebd54fc6f3200d5', 'boardName': 'tmUhtIbOIIhQId', 'boardCode': '850', 'status': True, 'audit': [{'registeredBy': {'userId': '65330c1efb8f3dad13a6808b', 'userLogin': 'sysadmin@qacoders.com'}, 'registrationDate': 'quinta-feira, 09/05/2024, 19:15:49 BRT', '_id': '663d4b154ebd54fc6f3200d6'}], '__v': 0}, {'_id': '663d4b154ebd54fc6f3200ee', 'boardName': 'REQMLGABVURQOS', 'boardCode': '851', 'status': True, 'audit': [{'registeredBy': {'userId': '65330c1efb8f3dad13a6808b', 'userLogin': 'sysadmin@qacoders.com'}, 'registrationDate': 'quinta-feira, 09/05/2024, 19:15:49 BRT', '_id': '663d4b154ebd54fc6f3200ef'}], '__v': 0}, {'_id': '663d4b164ebd54fc6f3200fb', 'boardName': 'ojattinkidazdk', 'boardCode': '852', 'status': True, 'audit': [{'registeredBy': {'userId': '65330c1efb8f3dad13a6808b', 'userLogin': 'sysadmin@qacoders.com'}, 'registrationDate': 'quinta-feira, 09/05/2024, 19:15:50 BRT', '_id': '663d4b164ebd54fc6f3200fc'}], '__v': 0}, {'_id': '663d4b164ebd54fc6f320108', 'boardName': 'IrGxWISOfAtpAtxY&amp;bWGhdzpWOb', 'boardCode': '853', 'status': True, 'audit': [{'registeredBy': {'userId': '65330c1efb8f3dad13a6808b', 'userLogin': 'sysadmin@qacoders.com'}, 'registrationDate': 'quinta-feira, 09/05/2024, 19:15:50 BRT', '_id': '663d4b164ebd54fc6f320109'}], '__v': 0}, {'_id': '663d4be74ebd54fc6f320975', 'boardName': 'ANEQbUGCIdfOUY', 'boardCode': '854', 'status': True, 'audit': [{'registeredBy': {'userId': '65330c1efb8f3dad13a6808b', 'userLogin': 'sysadmin@qacoders.com'}, 'registrationDate': 'quinta-feira, 09/05/2024, 19:19:19 BRT', '_id': '663d4be74ebd54fc6f320976'}], '__v': 0}, {'_id': '663d4be74ebd54fc6f32097c', 'boardName': 'TTYINSEPXSPQHV', 'boardCode': '855', 'status': True, 'audit': [{'registeredBy': {'userId': '65330c1efb8f3dad13a6808b', 'userLogin': 'sysadmin@qacoders.com'}, 'registrationDate': 'quinta-feira, 09/05/2024, 19:19:19 BRT', '_id': '663d4be74ebd54fc6f32097d'}], '__v': 0}, {'_id': '663d4be84ebd54fc6f320981', 'boardName': 'xqhdinbshxzsyk', 'boardCode': '856', 'status': True, 'audit': [{'registeredBy': {'userId': '65330c1efb8f3dad13a6808b', 'userLogin': 'sysadmin@qacoders.com'}, 'registrationDate': 'quinta-feira, 09/05/2024, 19:19:20 BRT', '_id': '663d4be84ebd54fc6f320982'}], '__v': 0}, {'_id': '663d4be84ebd54fc6f320986', 'boardName': 'mNNSYAbGzOrUGUYvAbpbvhd&amp;GNU', 'boardCode': '857', 'status': True, 'audit': [{'registeredBy': {'userId': '65330c1efb8f3dad13a6808b', 'userLogin': 'sysadmin@qacoders.com'}, 'registrationDate': 'quinta-feira, 09/05/2024, 19:19:20 BRT', '_id': '663d4be84ebd54fc6f320987'}], '__v': 0}, {'_id': '663d4c6e4ebd54fc6f3211d6', 'boardName': 'UpvNmIIvShNSSG', 'boardCode': '858', 'status': True, 'audit': [{'registeredBy': {'userId': '65330c1efb8f3dad13a6808b', 'userLogin': 'sysadmin@qacoders.com'}, 'registrationDate': 'quinta-feira, 09/05/2024, 19:21:34 BRT', '_id': '663d4c6e4ebd54fc6f3211d7'}], '__v': 0}, {'_id': '663d4c6e4ebd54fc6f3211dd', 'boardName': 'OOLBTBRWFNABFR', 'boardCode': '859', 'status': True, 'audit': [{'registeredBy': {'userId': '65330c1efb8f3dad13a6808b', 'userLogin': 'sysadmin@qacoders.com'}, 'registrationDate': 'quinta-feira, 09/05/2024, 19:21:34 BRT', '_id': '663d4c6e4ebd54fc6f3211de'}], '__v': 0}, {'_id': '663d4c6f4ebd54fc6f3211e2', 'boardName': 'mkyojnseoppcpp', 'boardCode': '860', 'status': True, 'audit': [{'registeredBy': {'userId': '65330c1efb8f3dad13a6808b', 'userLogin': 'sysadmin@qacoders.com'}, 'registrationDate': 'quinta-feira, 09/05/2024, 19:21:35 BRT', '_id': '663d4c6f4ebd54fc6f3211e3'}], '__v': 0}, {'_id': '663d4c6f4ebd54fc6f3211e7', 'boardName': 'mz&amp;OxQbCYUtrUdzrIOIIYbrIhtm', 'boardCode': '861', 'status': True, 'audit': [{'registeredBy': {'userId': '65330c1efb8f3dad13a6808b', 'userLogin': 'sysadmin@qacoders.com'}, 'registrationDate': 'quinta-feira, 09/05/2024, 19:21:35 BRT', '_id': '663d4c6f4ebd54fc6f3211e8'}], '__v': 0}, {'_id': '663e66734ebd54fc6f321a7c', 'boardName': 'WdWWhSWxmxNbbG', 'boardCode': '862', 'status': True, 'audit': [{'registeredBy': {'userId': '65330c1efb8f3dad13a6808b', 'userLogin': 'sysadmin@qacoders.com'}, 'registrationDate': 'sexta-feira, 10/05/2024, 15:24:51 BRT', '_id': '663e66734ebd54fc6f321a7d'}], '__v': 0}, {'_id': '663fcb094ebd54fc6f3223c3', 'boardName': 'lgmmuix', 'boardCode': '863', 'status': True, 'audit': [{'registeredBy': {'userId': '65330c1efb8f3dad13a6808b', 'userLogin': 'sysadmin@qacoders.com'}, 'registrationDate': 'sábado, 11/05/2024, 16:46:17 BRT', '_id': '663fcb094ebd54fc6f3223c4'}], '__v': 0}, {'_id': '663fcb0a4ebd54fc6f3223ca', 'boardName': 'PAXCIMLQDEP', 'boardCode': '864', 'status': True, 'audit': [{'registeredBy': {'userId': '65330c1efb8f3dad13a6808b', 'userLogin': 'sysadmin@qacoders.com'}, 'registrationDate': 'sábado, 11/05/2024, 16:46:18 BRT', '_id': '663fcb0a4ebd54fc6f3223cb'}], '__v': 0}, {'_id': '663fcb0a4ebd54fc6f3223d1', 'boardName': 'bkjkytgggdepar&amp;', 'boardCode': '865', 'status': True, 'audit': [{'registeredBy': {'userId': '65330c1efb8f3dad13a6808b', 'userLogin': 'sysadmin@qacoders.com'}, 'registrationDate': 'sábado, 11/05/2024, 16:46:18 BRT', '_id': '663fcb0a4ebd54fc6f3223d2'}], '__v': 0}, {'_id': '663fcb0a4ebd54fc6f3223d8', 'boardName': 'ogrsukwvk&amp;', 'boardCode': '866', 'status': True, 'audit': [{'registeredBy': {'userId': '65330c1efb8f3dad13a6808b', 'userLogin': 'sysadmin@qacoders.com'}, 'registrationDate': 'sábado, 11/05/2024, 16:46:18 BRT', '_id': '663fcb0a4ebd54fc6f3223d9'}], '__v': 0}, {'_id': '663fcb0c4ebd54fc6f3223e5', 'boardName': 'jqigqqf', 'boardCode': '867', 'status': True, 'audit': [{'registeredBy': {'userId': '65330c1efb8f3dad13a6808b', 'userLogin': 'sysadmin@qacoders.com'}, 'registrationDate': 'sábado, 11/05/2024, 16:46:20 BRT', '_id': '663fcb0c4ebd54fc6f3223e6'}], '__v': 0}, {'_id': '663fcb354ebd54fc6f3227ed', 'boardName': 'fvqejdr', 'boardCode': '868', 'status': True, 'audit': [{'registeredBy': {'userId': '65330c1efb8f3dad13a6808b', 'userLogin': 'sysadmin@qacoders.com'}, 'registrationDate': 'sábado, 11/05/2024, 16:47:01 BRT', '_id': '663fcb354ebd54fc6f3227ee'}], '__v': 0}, {'_id': '663fcb364ebd54fc6f3227fe', 'boardName': 'VAXVMSJKDEP', 'boardCode': '869', 'status': True, 'audit': [{'registeredBy': {'userId': '65330c1efb8f3dad13a6808b', 'userLogin': 'sysadmin@qacoders.com'}, 'registrationDate': 'sábado, 11/05/2024, 16:47:02 BRT', '_id': '663fcb364ebd54fc6f3227ff'}], '__v': 0}, {'_id': '663fcb384ebd54fc6f322811', 'boardName': 'cmeyiespwdepar&amp;', 'boardCode': '870', 'status': True, 'audit': [{'registeredBy': {'userId': '65330c1efb8f3dad13a6808b', 'userLogin': 'sysadmin@qacoders.com'}, 'registrationDate': 'sábado, 11/05/2024, 16:47:04 BRT', '_id': '663fcb384ebd54fc6f322812'}], '__v': 0}, {'_id': '663fcb394ebd54fc6f32282c', 'boardName': 'zqdhgyqoi&amp;', 'boardCode': '871', 'status': True, 'audit': [{'registeredBy': {'userId': '65330c1efb8f3dad13a6808b', 'userLogin': 'sysadmin@qacoders.com'}, 'registrationDate': 'sábado, 11/05/2024, 16:47:05 BRT', '_id': '663fcb394ebd54fc6f32282d'}], '__v': 0}, {'_id': '663fcb3e4ebd54fc6f32284f', 'boardName': 'btgypin', 'boardCode': '872', 'status': True, 'audit': [{'registeredBy': {'userId': '65330c1efb8f3dad13a6808b', 'userLogin': 'sysadmin@qacoders.com'}, 'registrationDate': 'sábado, 11/05/2024, 16:47:10 BRT', '_id': '663fcb3e4ebd54fc6f322850'}], '__v': 0}, {'_id': '663fd8b34ebd54fc6f3237cc', 'boardName': 'xmcbvpj', 'boardCode': '873', 'status': True, 'audit': [{'registeredBy': {'userId': '65330c1efb8f3dad13a6808b', 'userLogin': 'sysadmin@qacoders.com'}, 'registrationDate': 'sábado, 11/05/2024, 17:44:35 BRT', '_id': '663fd8b34ebd54fc6f3237cd'}], '__v': 0}, {'_id': '663fd8b34ebd54fc6f3237d3', 'boardName': 'HPHNNCBRDEP', 'boardCode': '874', 'status': True, 'audit': [{'registeredBy': {'userId': '65330c1efb8f3dad13a6808b', 'userLogin': 'sysadmin@qacoders.com'}, 'registrationDate': 'sábado, 11/05/2024, 17:44:35 BRT', '_id': '663fd8b34ebd54fc6f3237d4'}], '__v': 0}, {'_id': '663fd8b44ebd54fc6f3237da', 'boardName': 'imudjoicndepar&amp;', 'boardCode': '875', 'status': True, 'audit': [{'registeredBy': {'userId': '65330c1efb8f3dad13a6808b', 'userLogin': 'sysadmin@qacoders.com'}, 'registrationDate': 'sábado, 11/05/2024, 17:44:36 BRT', '_id': '663fd8b44ebd54fc6f3237db'}], '__v': 0}, {'_id': '663fd8b44ebd54fc6f3237e1', 'boardName': 'cbssfzyyr&amp;', 'boardCode': '876', 'status': True, 'audit': [{'registeredBy': {'userId': '65330c1efb8f3dad13a6808b', 'userLogin': 'sysadmin@qacoders.com'}, 'registrationDate': 'sábado, 11/05/2024, 17:44:36 BRT', '_id': '663fd8b44ebd54fc6f3237e2'}], '__v': 0}, {'_id': '663fd8b64ebd54fc6f3237ee', 'boardName': 'ayhomvg', 'boardCode': '877', 'status': True, 'audit': [{'registeredBy': {'userId': '65330c1efb8f3dad13a6808b', 'userLogin': 'sysadmin@qacoders.com'}, 'registrationDate': 'sábado, 11/05/2024, 17:44:38 BRT', '_id': '663fd8b64ebd54fc6f3237ef'}], '__v': 0}]</msg>
<arg>${response.json()}</arg>
<doc>Logs the given message with the given level.</doc>
<status status="PASS" start="2024-05-11T17:44:18.909203" elapsed="0.020382"/>
</kw>
<kw name="Set Test Variable" owner="BuiltIn">
<msg time="2024-05-11T17:44:18.947172" level="INFO">${ID_DIRETORIA} = [{'_id': '656e4c8796d67959d0cc685a', 'boardName': 'Operações', 'boardCode': '01', 'status': True, 'audit': [{'registeredBy': {'userId': '65330c1efb8f3dad13a6808b', 'userLogin': 'sysadmin@qacoders.com'...</msg>
<arg>${ID_DIRETORIA}</arg>
<arg>${response.json()}</arg>
<doc>Makes a variable available everywhere within the scope of the current test.</doc>
<status status="PASS" start="2024-05-11T17:44:18.930805" elapsed="0.016736"/>
</kw>
<status status="PASS" start="2024-05-11T17:44:18.694710" elapsed="0.253213"/>
</kw>
<status status="PASS" start="2024-05-11T17:44:18.438199" elapsed="0.510593"/>
</test>
<status status="PASS" start="2024-05-11T17:44:15.046077" elapsed="3.904293"/>
</suite>
<statistics>
<total>
<stat pass="9" fail="0" skip="0">All Tests</stat>
</total>
<tag>
</tag>
<suite>
<stat pass="9" fail="0" skip="0" id="s1" name="Diretoria">Diretoria</stat>
</suite>
</statistics>
<errors>
</errors>
</robot>
