<?xml version="1.0" encoding="UTF-8"?>
<robot generator="Robot 7.0 (Python 3.12.3 on linux)" generated="2024-05-11T17:45:14.295659" rpa="false" schemaversion="5">
<suite id="s1" name="Usuario" source="/home/sami/academy/APIacademy/tests/usuario.robot">
<test id="s1-t1" name="TC01 - Cadastrar um novo usuário com sucesso" line="5">
<kw name="Create API Session" owner="API">
<kw name="Create Dictionary" owner="BuiltIn">
<msg time="2024-05-11T17:45:14.419987" level="INFO">${headers} = {'accept': 'application/json', 'Content-Type': 'application/json'}</msg>
<var>${headers}</var>
<arg>accept=application/json</arg>
<arg>Content-Type=application/json</arg>
<doc>Creates and returns a dictionary based on the given ``items``.</doc>
<status status="PASS" start="2024-05-11T17:45:14.419757" elapsed="0.000260"/>
</kw>
<kw name="Create Session" owner="RequestsLibrary">
<msg time="2024-05-11T17:45:14.420301" level="INFO">Creating Session using : alias=APITheOriginals, url=https://the-originals.qacoders-academy.com.br, headers={'accept': 'application/json', 'Content-Type': 'application/json'},                     cookies={}, auth=None, timeout=None, proxies=None, verify=False,                     debug=0 </msg>
<arg>alias=APITheOriginals</arg>
<arg>url=https://the-originals.qacoders-academy.com.br</arg>
<arg>headers=${headers}</arg>
<doc>Create Session: create a HTTP session to a server</doc>
<status status="PASS" start="2024-05-11T17:45:14.420130" elapsed="0.000296"/>
</kw>
<status status="PASS" start="2024-05-11T17:45:14.419092" elapsed="0.001396"/>
</kw>
<kw name="Login de acesso" owner="API">
<kw name="Create Dictionary" owner="BuiltIn">
<msg time="2024-05-11T17:45:14.421054" level="INFO">${body} = {'mail': 'sysadmin@qacoders.com', 'password': '1234@Test'}</msg>
<var>${body}</var>
<arg>mail=${mail}</arg>
<arg>password=${password}</arg>
<doc>Creates and returns a dictionary based on the given ``items``.</doc>
<status status="PASS" start="2024-05-11T17:45:14.420844" elapsed="0.000228"/>
</kw>
<kw name="Log" owner="BuiltIn">
<msg time="2024-05-11T17:45:14.421229" level="INFO">{'mail': 'sysadmin@qacoders.com', 'password': '1234@Test'}</msg>
<arg>${body}</arg>
<doc>Logs the given message with the given level.</doc>
<status status="PASS" start="2024-05-11T17:45:14.421146" elapsed="0.000109"/>
</kw>
<kw name="Create API Session" owner="API">
<kw name="Create Dictionary" owner="BuiltIn">
<msg time="2024-05-11T17:45:14.421558" level="INFO">${headers} = {'accept': 'application/json', 'Content-Type': 'application/json'}</msg>
<var>${headers}</var>
<arg>accept=application/json</arg>
<arg>Content-Type=application/json</arg>
<doc>Creates and returns a dictionary based on the given ``items``.</doc>
<status status="PASS" start="2024-05-11T17:45:14.421460" elapsed="0.000115"/>
</kw>
<kw name="Create Session" owner="RequestsLibrary">
<msg time="2024-05-11T17:45:14.421763" level="INFO">Creating Session using : alias=APITheOriginals, url=https://the-originals.qacoders-academy.com.br, headers={'accept': 'application/json', 'Content-Type': 'application/json'},                     cookies={}, auth=None, timeout=None, proxies=None, verify=False,                     debug=0 </msg>
<arg>alias=APITheOriginals</arg>
<arg>url=https://the-originals.qacoders-academy.com.br</arg>
<arg>headers=${headers}</arg>
<doc>Create Session: create a HTTP session to a server</doc>
<status status="PASS" start="2024-05-11T17:45:14.421650" elapsed="0.000203"/>
</kw>
<status status="PASS" start="2024-05-11T17:45:14.421336" elapsed="0.000563"/>
</kw>
<kw name="POST On Session" owner="RequestsLibrary">
<msg time="2024-05-11T17:45:14.701235" level="INFO">POST Request : url=https://the-originals.qacoders-academy.com.br/api/login 
 path_url=/api/login 
 headers={'User-Agent': 'python-requests/2.31.0', 'Accept-Encoding': 'gzip, deflate, br', 'accept': 'application/json', 'Connection': 'keep-alive', 'Content-Type': 'application/json', 'Content-Length': '58'} 
 body=b'{"mail": "sysadmin@qacoders.com", "password": "1234@Test"}' 
 </msg>
<msg time="2024-05-11T17:45:14.701517" level="INFO">POST Response : url=https://the-originals.qacoders-academy.com.br/api/login 
 status=200, reason=OK 
 headers={'Server': 'nginx/1.18.0 (Ubuntu)', 'Date': 'Sat, 11 May 2024 20:45:34 GMT', 'Content-Type': 'application/json; charset=utf-8', 'Transfer-Encoding': 'chunked', 'Connection': 'keep-alive', 'X-Powered-By': 'Express', 'Access-Control-Allow-Origin': '*', 'Access-Control-Allow-Methods': 'GET, POST, OPTIONS, PUT, PATCH, DELETE', 'Access-Control-Allow-Headers': 'Origin, X-Requested-With, Content-Type, Accept, Authorization', 'ETag': 'W/"534-oEeebGlTFbU4SJIUoTwEwX6g43Y"', 'Content-Encoding': 'gzip'} 
 body={"msg":"Olá Qa-Coders-SYSADMIN, autenticação autorizada com sucesso!","user":{"_id":"65330c1efb8f3dad13a6808b","fullName":"Qa-Coders-SYSADMIN","mail":"sysadmin@qacoders.com","password":"$2b$10$3kC10vu/EjMoRQUmqQq/H.7crWYIIBcBDT2g4RU0BQ4mrRi4JExOu","accessProfile":"SYSADMIN","cpf":"11111111111","status":true,"audit":[{"registeredBy":{"userId":"111111111111111111","userLogin":"sysadmin@qacoders.com"},"registrationDate":"sexta-feira, 20/10/2023, 20:24:14 BRT","registrationNumber":"01","companyId":"Qa.Coders","_id":"65330c1efb8f3dad13a6808c"}],"__v":0},"token":"eyJhbGciOiJIUzI1NiIsInR5cCI6IkpXVCJ9.eyJfaWQiOiI2NTMzMGMxZWZiOGYzZGFkMTNhNjgwOGIiLCJmdWxsTmFtZSI6IlFhLUNvZGVycy1TWVNBRE1JTiIsIm1haWwiOiJzeXNhZG1pbkBxYWNvZGVycy5jb20iLCJwYXNzd29yZCI6IiQyYiQxMCQza0MxMHZ1L0VqTW9SUVVtcVFxL0guN2NyV1lJSUJjQkRUMmc0UlUwQlE0bXJSaTRKRXhPdSIsImFjY2Vzc1Byb2ZpbGUiOiJTWVNBRE1JTiIsImNwZiI6IjExMTExMTExMTExIiwic3RhdHVzIjp0cnVlLCJhdWRpdCI6W3sicmVnaXN0ZXJlZEJ5Ijp7InVzZXJJZCI6IjExMTExMTExMTExMTExMTExMSIsInVzZXJMb2dpbiI6InN5c2FkbWluQHFhY29kZXJzLmNvbSJ9LCJyZWdpc3RyYXRpb25EYXRlIjoic2V4dGEtZmVpcmEsIDIwLzEwLzIwMjMsIDIwOjI0OjE0IEJSVCIsInJlZ2lzdHJhdGlvbk51bWJlciI6IjAxIiwiY29tcGFueUlkIjoiUWEuQ29kZXJzIiwiX2lkIjoiNjUzMzBjMWVmYjhmM2RhZDEzYTY4MDhjIn1dLCJfX3YiOjAsImlhdCI6MTcxNTQ2MDMzNCwiZXhwIjoxNzE1NTQ2NzM0fQ.0C-Wo7RhT8AFEuOaFkB-62XvuhXK-QSuxgLGF61E4q4"} 
 </msg>
<msg time="2024-05-11T17:45:14.701704" level="INFO">/usr/lib/python3.12/site-packages/urllib3/connectionpool.py:1061: InsecureRequestWarning: Unverified HTTPS request is being made to host 'the-originals.qacoders-academy.com.br'. Adding certificate verification is strongly advised. See: https://urllib3.readthedocs.io/en/1.26.x/advanced-usage.html#ssl-warnings
  warnings.warn(</msg>
<msg time="2024-05-11T17:45:14.701971" level="INFO">${response} = &lt;Response [200]&gt;</msg>
<var>${response}</var>
<arg>alias=APITheOriginals</arg>
<arg>url=/api/login</arg>
<arg>json=${body}</arg>
<doc>Sends a POST request on a previously created HTTP Session.</doc>
<status status="PASS" start="2024-05-11T17:45:14.421964" elapsed="0.280091"/>
</kw>
<kw name="Log" owner="BuiltIn">
<msg time="2024-05-11T17:45:14.703928" level="INFO">{'msg': 'Olá Qa-Coders-SYSADMIN, autenticação autorizada com sucesso!', 'user': {'_id': '65330c1efb8f3dad13a6808b', 'fullName': 'Qa-Coders-SYSADMIN', 'mail': 'sysadmin@qacoders.com', 'password': '$2b$10$3kC10vu/EjMoRQUmqQq/H.7crWYIIBcBDT2g4RU0BQ4mrRi4JExOu', 'accessProfile': 'SYSADMIN', 'cpf': '11111111111', 'status': True, 'audit': [{'registeredBy': {'userId': '111111111111111111', 'userLogin': 'sysadmin@qacoders.com'}, 'registrationDate': 'sexta-feira, 20/10/2023, 20:24:14 BRT', 'registrationNumber': '01', 'companyId': 'Qa.Coders', '_id': '65330c1efb8f3dad13a6808c'}], '__v': 0}, 'token': 'eyJhbGciOiJIUzI1NiIsInR5cCI6IkpXVCJ9.eyJfaWQiOiI2NTMzMGMxZWZiOGYzZGFkMTNhNjgwOGIiLCJmdWxsTmFtZSI6IlFhLUNvZGVycy1TWVNBRE1JTiIsIm1haWwiOiJzeXNhZG1pbkBxYWNvZGVycy5jb20iLCJwYXNzd29yZCI6IiQyYiQxMCQza0MxMHZ1L0VqTW9SUVVtcVFxL0guN2NyV1lJSUJjQkRUMmc0UlUwQlE0bXJSaTRKRXhPdSIsImFjY2Vzc1Byb2ZpbGUiOiJTWVNBRE1JTiIsImNwZiI6IjExMTExMTExMTExIiwic3RhdHVzIjp0cnVlLCJhdWRpdCI6W3sicmVnaXN0ZXJlZEJ5Ijp7InVzZXJJZCI6IjExMTExMTExMTExMTExMTExMSIsInVzZXJMb2dpbiI6InN5c2FkbWluQHFhY29kZXJzLmNvbSJ9LCJyZWdpc3RyYXRpb25EYXRlIjoic2V4dGEtZmVpcmEsIDIwLzEwLzIwMjMsIDIwOjI0OjE0IEJSVCIsInJlZ2lzdHJhdGlvbk51bWJlciI6IjAxIiwiY29tcGFueUlkIjoiUWEuQ29kZXJzIiwiX2lkIjoiNjUzMzBjMWVmYjhmM2RhZDEzYTY4MDhjIn1dLCJfX3YiOjAsImlhdCI6MTcxNTQ2MDMzNCwiZXhwIjoxNzE1NTQ2NzM0fQ.0C-Wo7RhT8AFEuOaFkB-62XvuhXK-QSuxgLGF61E4q4'}</msg>
<arg>${response.json()}</arg>
<doc>Logs the given message with the given level.</doc>
<status status="PASS" start="2024-05-11T17:45:14.702440" elapsed="0.001774"/>
</kw>
<kw name="Set Test Variable" owner="BuiltIn">
<msg time="2024-05-11T17:45:14.707138" level="INFO">${TOKEN} = eyJhbGciOiJIUzI1NiIsInR5cCI6IkpXVCJ9.eyJfaWQiOiI2NTMzMGMxZWZiOGYzZGFkMTNhNjgwOGIiLCJmdWxsTmFtZSI6IlFhLUNvZGVycy1TWVNBRE1JTiIsIm1haWwiOiJzeXNhZG1pbkBxYWNvZGVycy5jb20iLCJwYXNzd29yZCI6IiQyYiQxMCQza0MxMHZ...</msg>
<arg>${TOKEN}</arg>
<arg>${response.json()["token"]}</arg>
<doc>Makes a variable available everywhere within the scope of the current test.</doc>
<status status="PASS" start="2024-05-11T17:45:14.704605" elapsed="0.002651"/>
</kw>
<status status="PASS" start="2024-05-11T17:45:14.420629" elapsed="0.286809"/>
</kw>
<kw name="Criar um novo usuário" owner="API">
<kw name="Generate Random String" owner="String">
<msg time="2024-05-11T17:45:14.709034" level="INFO">${palavra_randomica} = NuFwCjFw</msg>
<var>${palavra_randomica}</var>
<arg>8</arg>
<arg>chars=[LETTERS]</arg>
<doc>Generates a string with a desired ``length`` from the given ``chars``.</doc>
<status status="PASS" start="2024-05-11T17:45:14.708442" elapsed="0.000661"/>
</kw>
<kw name="Convert To Lower Case" owner="String">
<msg time="2024-05-11T17:45:14.709785" level="INFO">${palavra_randomica} = nufwcjfw</msg>
<var>${palavra_randomica}</var>
<arg>${palavra_randomica}</arg>
<doc>Converts string to lower case.</doc>
<status status="PASS" start="2024-05-11T17:45:14.709434" elapsed="0.000409"/>
</kw>
<kw name="Generate Random String" owner="String">
<msg time="2024-05-11T17:45:14.710565" level="INFO">${cpf_randomico} = 96229086674</msg>
<var>${cpf_randomico}</var>
<arg>11</arg>
<arg>chars=[NUMBERS]</arg>
<doc>Generates a string with a desired ``length`` from the given ``chars``.</doc>
<status status="PASS" start="2024-05-11T17:45:14.710105" elapsed="0.000512"/>
</kw>
<kw name="Set Test Variable" owner="BuiltIn">
<msg time="2024-05-11T17:45:14.712705" level="INFO">${CPF} = 96229086674</msg>
<arg>${CPF}</arg>
<arg>${cpf_randomico}</arg>
<doc>Makes a variable available everywhere within the scope of the current test.</doc>
<status status="PASS" start="2024-05-11T17:45:14.710860" elapsed="0.001956"/>
</kw>
<kw name="Set Test Variable" owner="BuiltIn">
<msg time="2024-05-11T17:45:14.713803" level="INFO">${EMAIL_TEST} = nufwcjfw@hotmail.com</msg>
<arg>${EMAIL_TEST}</arg>
<arg>${palavra_randomica}@hotmail.com</arg>
<doc>Makes a variable available everywhere within the scope of the current test.</doc>
<status status="PASS" start="2024-05-11T17:45:14.713092" elapsed="0.000747"/>
</kw>
<status status="PASS" start="2024-05-11T17:45:14.707934" elapsed="0.005963"/>
</kw>
<kw name="Cadastrar um usuario" owner="API">
<kw name="Create Dictionary" owner="BuiltIn">
<msg time="2024-05-11T17:45:14.714574" level="INFO">${headers} = {'Authorization': 'eyJhbGciOiJIUzI1NiIsInR5cCI6IkpXVCJ9.eyJfaWQiOiI2NTMzMGMxZWZiOGYzZGFkMTNhNjgwOGIiLCJmdWxsTmFtZSI6IlFhLUNvZGVycy1TWVNBRE1JTiIsIm1haWwiOiJzeXNhZG1pbkBxYWNvZGVycy5jb20iLCJwYXNzd29yZCI6...</msg>
<var>${headers}</var>
<arg>Authorization=${TOKEN}</arg>
<doc>Creates and returns a dictionary based on the given ``items``.</doc>
<status status="PASS" start="2024-05-11T17:45:14.714374" elapsed="0.000220"/>
</kw>
<kw name="Create Dictionary" owner="BuiltIn">
<msg time="2024-05-11T17:45:14.714907" level="INFO">${body} = {'fullName': 'Fulano da Silva Santos', 'mail': 'nufwcjfw@hotmail.com', 'password': '1234@Test', 'confirmPassword': '1234@Test', 'accessProfile': 'ADMIN', 'cpf': '96229086674'}</msg>
<var>${body}</var>
<arg>fullName=${fullName}</arg>
<arg>mail=${EMAIL_TEST}</arg>
<arg>password=${password}</arg>
<arg>confirmPassword=${password}</arg>
<arg>accessProfile=${accessProfile}</arg>
<arg>cpf=${CPF}</arg>
<doc>Creates and returns a dictionary based on the given ``items``.</doc>
<status status="PASS" start="2024-05-11T17:45:14.714683" elapsed="0.000241"/>
</kw>
<kw name="Log" owner="BuiltIn">
<msg time="2024-05-11T17:45:14.715094" level="INFO">{'fullName': 'Fulano da Silva Santos', 'mail': 'nufwcjfw@hotmail.com', 'password': '1234@Test', 'confirmPassword': '1234@Test', 'accessProfile': 'ADMIN', 'cpf': '96229086674'}</msg>
<arg>${body}</arg>
<doc>Logs the given message with the given level.</doc>
<status status="PASS" start="2024-05-11T17:45:14.715004" elapsed="0.000119"/>
</kw>
<kw name="Create API Session" owner="API">
<kw name="Create Dictionary" owner="BuiltIn">
<msg time="2024-05-11T17:45:14.715511" level="INFO">${headers} = {'accept': 'application/json', 'Content-Type': 'application/json'}</msg>
<var>${headers}</var>
<arg>accept=application/json</arg>
<arg>Content-Type=application/json</arg>
<doc>Creates and returns a dictionary based on the given ``items``.</doc>
<status status="PASS" start="2024-05-11T17:45:14.715404" elapsed="0.000122"/>
</kw>
<kw name="Create Session" owner="RequestsLibrary">
<msg time="2024-05-11T17:45:14.715714" level="INFO">Creating Session using : alias=APITheOriginals, url=https://the-originals.qacoders-academy.com.br, headers={'accept': 'application/json', 'Content-Type': 'application/json'},                     cookies={}, auth=None, timeout=None, proxies=None, verify=False,                     debug=0 </msg>
<arg>alias=APITheOriginals</arg>
<arg>url=https://the-originals.qacoders-academy.com.br</arg>
<arg>headers=${headers}</arg>
<doc>Create Session: create a HTTP session to a server</doc>
<status status="PASS" start="2024-05-11T17:45:14.715599" elapsed="0.000237"/>
</kw>
<status status="PASS" start="2024-05-11T17:45:14.715223" elapsed="0.000665"/>
</kw>
<kw name="POST On Session" owner="RequestsLibrary">
<msg time="2024-05-11T17:45:15.007117" level="INFO">POST Request : url=https://the-originals.qacoders-academy.com.br/api/user 
 path_url=/api/user 
 headers={'User-Agent': 'python-requests/2.31.0', 'Accept-Encoding': 'gzip, deflate, br', 'accept': 'application/json', 'Connection': 'keep-alive', 'Content-Type': 'application/json', 'Authorization': 'eyJhbGciOiJIUzI1NiIsInR5cCI6IkpXVCJ9.eyJfaWQiOiI2NTMzMGMxZWZiOGYzZGFkMTNhNjgwOGIiLCJmdWxsTmFtZSI6IlFhLUNvZGVycy1TWVNBRE1JTiIsIm1haWwiOiJzeXNhZG1pbkBxYWNvZGVycy5jb20iLCJwYXNzd29yZCI6IiQyYiQxMCQza0MxMHZ1L0VqTW9SUVVtcVFxL0guN2NyV1lJSUJjQkRUMmc0UlUwQlE0bXJSaTRKRXhPdSIsImFjY2Vzc1Byb2ZpbGUiOiJTWVNBRE1JTiIsImNwZiI6IjExMTExMTExMTExIiwic3RhdHVzIjp0cnVlLCJhdWRpdCI6W3sicmVnaXN0ZXJlZEJ5Ijp7InVzZXJJZCI6IjExMTExMTExMTExMTExMTExMSIsInVzZXJMb2dpbiI6InN5c2FkbWluQHFhY29kZXJzLmNvbSJ9LCJyZWdpc3RyYXRpb25EYXRlIjoic2V4dGEtZmVpcmEsIDIwLzEwLzIwMjMsIDIwOjI0OjE0IEJSVCIsInJlZ2lzdHJhdGlvbk51bWJlciI6IjAxIiwiY29tcGFueUlkIjoiUWEuQ29kZXJzIiwiX2lkIjoiNjUzMzBjMWVmYjhmM2RhZDEzYTY4MDhjIn1dLCJfX3YiOjAsImlhdCI6MTcxNTQ2MDMzNCwiZXhwIjoxNzE1NTQ2NzM0fQ.0C-Wo7RhT8AFEuOaFkB-62XvuhXK-QSuxgLGF61E4q4', 'Content-Length': '175'} 
 body=b'{"fullName": "Fulano da Silva Santos", "mail": "nufwcjfw@hotmail.com", "password": "1234@Test", "confirmPassword": "1234@Test", "accessProfile": "ADMIN", "cpf": "96229086674"}' 
 </msg>
<msg time="2024-05-11T17:45:15.007325" level="INFO">POST Response : url=https://the-originals.qacoders-academy.com.br/api/user 
 status=201, reason=Created 
 headers={'Server': 'nginx/1.18.0 (Ubuntu)', 'Date': 'Sat, 11 May 2024 20:45:34 GMT', 'Content-Type': 'application/json; charset=utf-8', 'Content-Length': '470', 'Connection': 'keep-alive', 'X-Powered-By': 'Express', 'Access-Control-Allow-Origin': '*', 'Access-Control-Allow-Methods': 'GET, POST, OPTIONS, PUT, PATCH, DELETE', 'Access-Control-Allow-Headers': 'Origin, X-Requested-With, Content-Type, Accept, Authorization', 'ETag': 'W/"1d6-Otgmj1NJQ6xsCB/PXicnWaAdXgQ"'} 
 body={"msg":"Olá Fulano da Silva Santos, cadastro realizado com sucesso.","user":{"_id":"663fd8ee4ebd54fc6f323b99","fullName":"Fulano da Silva Santos","mail":"nufwcjfw@hotmail.com","accessProfile":"ADMIN","cpf":"96229086674","status":true,"audit":[{"registeredBy":{"userId":"65330c1efb8f3dad13a6808b","userLogin":"sysadmin@qacoders.com"},"registrationDate":"sábado, 11/05/2024, 17:45:34 BRT","registrationNumber":"QaCoders-1277","_id":"663fd8ee4ebd54fc6f323b9a"}],"__v":0}} 
 </msg>
<msg time="2024-05-11T17:45:15.007441" level="INFO">/usr/lib/python3.12/site-packages/urllib3/connectionpool.py:1061: InsecureRequestWarning: Unverified HTTPS request is being made to host 'the-originals.qacoders-academy.com.br'. Adding certificate verification is strongly advised. See: https://urllib3.readthedocs.io/en/1.26.x/advanced-usage.html#ssl-warnings
  warnings.warn(</msg>
<msg time="2024-05-11T17:45:15.007590" level="INFO">${response} = &lt;Response [201]&gt;</msg>
<var>${response}</var>
<arg>alias=APITheOriginals</arg>
<arg>url=/api/user</arg>
<arg>json=${body}</arg>
<arg>headers=${headers}</arg>
<arg>expected_status=201</arg>
<doc>Sends a POST request on a previously created HTTP Session.</doc>
<status status="PASS" start="2024-05-11T17:45:14.715949" elapsed="0.291674"/>
</kw>
<kw name="Log" owner="BuiltIn">
<msg time="2024-05-11T17:45:15.008719" level="INFO">{'msg': 'Olá Fulano da Silva Santos, cadastro realizado com sucesso.', 'user': {'_id': '663fd8ee4ebd54fc6f323b99', 'fullName': 'Fulano da Silva Santos', 'mail': 'nufwcjfw@hotmail.com', 'accessProfile': 'ADMIN', 'cpf': '96229086674', 'status': True, 'audit': [{'registeredBy': {'userId': '65330c1efb8f3dad13a6808b', 'userLogin': 'sysadmin@qacoders.com'}, 'registrationDate': 'sábado, 11/05/2024, 17:45:34 BRT', 'registrationNumber': 'QaCoders-1277', '_id': '663fd8ee4ebd54fc6f323b9a'}], '__v': 0}}</msg>
<arg>${response.json()}</arg>
<doc>Logs the given message with the given level.</doc>
<status status="PASS" start="2024-05-11T17:45:15.007871" elapsed="0.000922"/>
</kw>
<kw name="Set Test Variable" owner="BuiltIn">
<msg time="2024-05-11T17:45:15.010388" level="INFO">${ID_USUARIO} = 663fd8ee4ebd54fc6f323b99</msg>
<arg>${ID_USUARIO}</arg>
<arg>${response.json()['user']['_id']}</arg>
<doc>Makes a variable available everywhere within the scope of the current test.</doc>
<status status="PASS" start="2024-05-11T17:45:15.008980" elapsed="0.001474"/>
</kw>
<kw name="Set Test Variable" owner="BuiltIn">
<msg time="2024-05-11T17:45:15.011382" level="INFO">${ID_USUARIO} = {'msg': 'Olá Fulano da Silva Santos, cadastro realizado com sucesso.', 'user': {'_id': '663fd8ee4ebd54fc6f323b99', 'fullName': 'Fulano da Silva Santos', 'mail': 'nufwcjfw@hotmail.com', 'accessProfile'...</msg>
<arg>${ID_USUARIO}</arg>
<arg>${response.json()}</arg>
<doc>Makes a variable available everywhere within the scope of the current test.</doc>
<status status="PASS" start="2024-05-11T17:45:15.010621" elapsed="0.000839"/>
</kw>
<status status="PASS" start="2024-05-11T17:45:14.714077" elapsed="0.297510"/>
</kw>
<status status="PASS" start="2024-05-11T17:45:14.418548" elapsed="0.593282"/>
</test>
<test id="s1-t2" name="TC02 - usuário com fullName em branco" line="11">
<kw name="Create API Session" owner="API">
<kw name="Create Dictionary" owner="BuiltIn">
<msg time="2024-05-11T17:45:15.014060" level="INFO">${headers} = {'accept': 'application/json', 'Content-Type': 'application/json'}</msg>
<var>${headers}</var>
<arg>accept=application/json</arg>
<arg>Content-Type=application/json</arg>
<doc>Creates and returns a dictionary based on the given ``items``.</doc>
<status status="PASS" start="2024-05-11T17:45:15.013560" elapsed="0.000578"/>
</kw>
<kw name="Create Session" owner="RequestsLibrary">
<msg time="2024-05-11T17:45:15.014881" level="INFO">Creating Session using : alias=APITheOriginals, url=https://the-originals.qacoders-academy.com.br, headers={'accept': 'application/json', 'Content-Type': 'application/json'},                     cookies={}, auth=None, timeout=None, proxies=None, verify=False,                     debug=0 </msg>
<arg>alias=APITheOriginals</arg>
<arg>url=https://the-originals.qacoders-academy.com.br</arg>
<arg>headers=${headers}</arg>
<doc>Create Session: create a HTTP session to a server</doc>
<status status="PASS" start="2024-05-11T17:45:15.014453" elapsed="0.000748"/>
</kw>
<status status="PASS" start="2024-05-11T17:45:15.012943" elapsed="0.002441"/>
</kw>
<kw name="Login de acesso" owner="API">
<kw name="Create Dictionary" owner="BuiltIn">
<msg time="2024-05-11T17:45:15.016780" level="INFO">${body} = {'mail': 'sysadmin@qacoders.com', 'password': '1234@Test'}</msg>
<var>${body}</var>
<arg>mail=${mail}</arg>
<arg>password=${password}</arg>
<doc>Creates and returns a dictionary based on the given ``items``.</doc>
<status status="PASS" start="2024-05-11T17:45:15.016278" elapsed="0.000568"/>
</kw>
<kw name="Log" owner="BuiltIn">
<msg time="2024-05-11T17:45:15.017382" level="INFO">{'mail': 'sysadmin@qacoders.com', 'password': '1234@Test'}</msg>
<arg>${body}</arg>
<doc>Logs the given message with the given level.</doc>
<status status="PASS" start="2024-05-11T17:45:15.017113" elapsed="0.000338"/>
</kw>
<kw name="Create API Session" owner="API">
<kw name="Create Dictionary" owner="BuiltIn">
<msg time="2024-05-11T17:45:15.018615" level="INFO">${headers} = {'accept': 'application/json', 'Content-Type': 'application/json'}</msg>
<var>${headers}</var>
<arg>accept=application/json</arg>
<arg>Content-Type=application/json</arg>
<doc>Creates and returns a dictionary based on the given ``items``.</doc>
<status status="PASS" start="2024-05-11T17:45:15.018315" elapsed="0.000356"/>
</kw>
<kw name="Create Session" owner="RequestsLibrary">
<msg time="2024-05-11T17:45:15.019175" level="INFO">Creating Session using : alias=APITheOriginals, url=https://the-originals.qacoders-academy.com.br, headers={'accept': 'application/json', 'Content-Type': 'application/json'},                     cookies={}, auth=None, timeout=None, proxies=None, verify=False,                     debug=0 </msg>
<arg>alias=APITheOriginals</arg>
<arg>url=https://the-originals.qacoders-academy.com.br</arg>
<arg>headers=${headers}</arg>
<doc>Create Session: create a HTTP session to a server</doc>
<status status="PASS" start="2024-05-11T17:45:15.018871" elapsed="0.000525"/>
</kw>
<status status="PASS" start="2024-05-11T17:45:15.017683" elapsed="0.001927"/>
</kw>
<kw name="POST On Session" owner="RequestsLibrary">
<msg time="2024-05-11T17:45:15.314747" level="INFO">POST Request : url=https://the-originals.qacoders-academy.com.br/api/login 
 path_url=/api/login 
 headers={'User-Agent': 'python-requests/2.31.0', 'Accept-Encoding': 'gzip, deflate, br', 'accept': 'application/json', 'Connection': 'keep-alive', 'Content-Type': 'application/json', 'Content-Length': '58'} 
 body=b'{"mail": "sysadmin@qacoders.com", "password": "1234@Test"}' 
 </msg>
<msg time="2024-05-11T17:45:15.314946" level="INFO">POST Response : url=https://the-originals.qacoders-academy.com.br/api/login 
 status=200, reason=OK 
 headers={'Server': 'nginx/1.18.0 (Ubuntu)', 'Date': 'Sat, 11 May 2024 20:45:35 GMT', 'Content-Type': 'application/json; charset=utf-8', 'Transfer-Encoding': 'chunked', 'Connection': 'keep-alive', 'X-Powered-By': 'Express', 'Access-Control-Allow-Origin': '*', 'Access-Control-Allow-Methods': 'GET, POST, OPTIONS, PUT, PATCH, DELETE', 'Access-Control-Allow-Headers': 'Origin, X-Requested-With, Content-Type, Accept, Authorization', 'ETag': 'W/"534-47u+GvKrPDgSoj5O1O/1BIgPC0A"', 'Content-Encoding': 'gzip'} 
 body={"msg":"Olá Qa-Coders-SYSADMIN, autenticação autorizada com sucesso!","user":{"_id":"65330c1efb8f3dad13a6808b","fullName":"Qa-Coders-SYSADMIN","mail":"sysadmin@qacoders.com","password":"$2b$10$3kC10vu/EjMoRQUmqQq/H.7crWYIIBcBDT2g4RU0BQ4mrRi4JExOu","accessProfile":"SYSADMIN","cpf":"11111111111","status":true,"audit":[{"registeredBy":{"userId":"111111111111111111","userLogin":"sysadmin@qacoders.com"},"registrationDate":"sexta-feira, 20/10/2023, 20:24:14 BRT","registrationNumber":"01","companyId":"Qa.Coders","_id":"65330c1efb8f3dad13a6808c"}],"__v":0},"token":"eyJhbGciOiJIUzI1NiIsInR5cCI6IkpXVCJ9.eyJfaWQiOiI2NTMzMGMxZWZiOGYzZGFkMTNhNjgwOGIiLCJmdWxsTmFtZSI6IlFhLUNvZGVycy1TWVNBRE1JTiIsIm1haWwiOiJzeXNhZG1pbkBxYWNvZGVycy5jb20iLCJwYXNzd29yZCI6IiQyYiQxMCQza0MxMHZ1L0VqTW9SUVVtcVFxL0guN2NyV1lJSUJjQkRUMmc0UlUwQlE0bXJSaTRKRXhPdSIsImFjY2Vzc1Byb2ZpbGUiOiJTWVNBRE1JTiIsImNwZiI6IjExMTExMTExMTExIiwic3RhdHVzIjp0cnVlLCJhdWRpdCI6W3sicmVnaXN0ZXJlZEJ5Ijp7InVzZXJJZCI6IjExMTExMTExMTExMTExMTExMSIsInVzZXJMb2dpbiI6InN5c2FkbWluQHFhY29kZXJzLmNvbSJ9LCJyZWdpc3RyYXRpb25EYXRlIjoic2V4dGEtZmVpcmEsIDIwLzEwLzIwMjMsIDIwOjI0OjE0IEJSVCIsInJlZ2lzdHJhdGlvbk51bWJlciI6IjAxIiwiY29tcGFueUlkIjoiUWEuQ29kZXJzIiwiX2lkIjoiNjUzMzBjMWVmYjhmM2RhZDEzYTY4MDhjIn1dLCJfX3YiOjAsImlhdCI6MTcxNTQ2MDMzNSwiZXhwIjoxNzE1NTQ2NzM1fQ.Zd8RIAmVGBpt3C91zj5K2pVpEdk54M_9N51AN6_JAdk"} 
 </msg>
<msg time="2024-05-11T17:45:15.315128" level="INFO">/usr/lib/python3.12/site-packages/urllib3/connectionpool.py:1061: InsecureRequestWarning: Unverified HTTPS request is being made to host 'the-originals.qacoders-academy.com.br'. Adding certificate verification is strongly advised. See: https://urllib3.readthedocs.io/en/1.26.x/advanced-usage.html#ssl-warnings
  warnings.warn(</msg>
<msg time="2024-05-11T17:45:15.315406" level="INFO">${response} = &lt;Response [200]&gt;</msg>
<var>${response}</var>
<arg>alias=APITheOriginals</arg>
<arg>url=/api/login</arg>
<arg>json=${body}</arg>
<doc>Sends a POST request on a previously created HTTP Session.</doc>
<status status="PASS" start="2024-05-11T17:45:15.019781" elapsed="0.295690"/>
</kw>
<kw name="Log" owner="BuiltIn">
<msg time="2024-05-11T17:45:15.317234" level="INFO">{'msg': 'Olá Qa-Coders-SYSADMIN, autenticação autorizada com sucesso!', 'user': {'_id': '65330c1efb8f3dad13a6808b', 'fullName': 'Qa-Coders-SYSADMIN', 'mail': 'sysadmin@qacoders.com', 'password': '$2b$10$3kC10vu/EjMoRQUmqQq/H.7crWYIIBcBDT2g4RU0BQ4mrRi4JExOu', 'accessProfile': 'SYSADMIN', 'cpf': '11111111111', 'status': True, 'audit': [{'registeredBy': {'userId': '111111111111111111', 'userLogin': 'sysadmin@qacoders.com'}, 'registrationDate': 'sexta-feira, 20/10/2023, 20:24:14 BRT', 'registrationNumber': '01', 'companyId': 'Qa.Coders', '_id': '65330c1efb8f3dad13a6808c'}], '__v': 0}, 'token': 'eyJhbGciOiJIUzI1NiIsInR5cCI6IkpXVCJ9.eyJfaWQiOiI2NTMzMGMxZWZiOGYzZGFkMTNhNjgwOGIiLCJmdWxsTmFtZSI6IlFhLUNvZGVycy1TWVNBRE1JTiIsIm1haWwiOiJzeXNhZG1pbkBxYWNvZGVycy5jb20iLCJwYXNzd29yZCI6IiQyYiQxMCQza0MxMHZ1L0VqTW9SUVVtcVFxL0guN2NyV1lJSUJjQkRUMmc0UlUwQlE0bXJSaTRKRXhPdSIsImFjY2Vzc1Byb2ZpbGUiOiJTWVNBRE1JTiIsImNwZiI6IjExMTExMTExMTExIiwic3RhdHVzIjp0cnVlLCJhdWRpdCI6W3sicmVnaXN0ZXJlZEJ5Ijp7InVzZXJJZCI6IjExMTExMTExMTExMTExMTExMSIsInVzZXJMb2dpbiI6InN5c2FkbWluQHFhY29kZXJzLmNvbSJ9LCJyZWdpc3RyYXRpb25EYXRlIjoic2V4dGEtZmVpcmEsIDIwLzEwLzIwMjMsIDIwOjI0OjE0IEJSVCIsInJlZ2lzdHJhdGlvbk51bWJlciI6IjAxIiwiY29tcGFueUlkIjoiUWEuQ29kZXJzIiwiX2lkIjoiNjUzMzBjMWVmYjhmM2RhZDEzYTY4MDhjIn1dLCJfX3YiOjAsImlhdCI6MTcxNTQ2MDMzNSwiZXhwIjoxNzE1NTQ2NzM1fQ.Zd8RIAmVGBpt3C91zj5K2pVpEdk54M_9N51AN6_JAdk'}</msg>
<arg>${response.json()}</arg>
<doc>Logs the given message with the given level.</doc>
<status status="PASS" start="2024-05-11T17:45:15.315894" elapsed="0.001484"/>
</kw>
<kw name="Set Test Variable" owner="BuiltIn">
<msg time="2024-05-11T17:45:15.320245" level="INFO">${TOKEN} = eyJhbGciOiJIUzI1NiIsInR5cCI6IkpXVCJ9.eyJfaWQiOiI2NTMzMGMxZWZiOGYzZGFkMTNhNjgwOGIiLCJmdWxsTmFtZSI6IlFhLUNvZGVycy1TWVNBRE1JTiIsIm1haWwiOiJzeXNhZG1pbkBxYWNvZGVycy5jb20iLCJwYXNzd29yZCI6IiQyYiQxMCQza0MxMHZ...</msg>
<arg>${TOKEN}</arg>
<arg>${response.json()["token"]}</arg>
<doc>Makes a variable available everywhere within the scope of the current test.</doc>
<status status="PASS" start="2024-05-11T17:45:15.317725" elapsed="0.002629"/>
</kw>
<status status="PASS" start="2024-05-11T17:45:15.015801" elapsed="0.304716"/>
</kw>
<kw name="Criar um novo usuário" owner="API">
<kw name="Generate Random String" owner="String">
<msg time="2024-05-11T17:45:15.322701" level="INFO">${palavra_randomica} = rSMdqJgq</msg>
<var>${palavra_randomica}</var>
<arg>8</arg>
<arg>chars=[LETTERS]</arg>
<doc>Generates a string with a desired ``length`` from the given ``chars``.</doc>
<status status="PASS" start="2024-05-11T17:45:15.321960" elapsed="0.000834"/>
</kw>
<kw name="Convert To Lower Case" owner="String">
<msg time="2024-05-11T17:45:15.323726" level="INFO">${palavra_randomica} = rsmdqjgq</msg>
<var>${palavra_randomica}</var>
<arg>${palavra_randomica}</arg>
<doc>Converts string to lower case.</doc>
<status status="PASS" start="2024-05-11T17:45:15.323213" elapsed="0.000585"/>
</kw>
<kw name="Generate Random String" owner="String">
<msg time="2024-05-11T17:45:15.324827" level="INFO">${cpf_randomico} = 72506131846</msg>
<var>${cpf_randomico}</var>
<arg>11</arg>
<arg>chars=[NUMBERS]</arg>
<doc>Generates a string with a desired ``length`` from the given ``chars``.</doc>
<status status="PASS" start="2024-05-11T17:45:15.324196" elapsed="0.000709"/>
</kw>
<kw name="Set Test Variable" owner="BuiltIn">
<msg time="2024-05-11T17:45:15.327637" level="INFO">${CPF} = 72506131846</msg>
<arg>${CPF}</arg>
<arg>${cpf_randomico}</arg>
<doc>Makes a variable available everywhere within the scope of the current test.</doc>
<status status="PASS" start="2024-05-11T17:45:15.325271" elapsed="0.002500"/>
</kw>
<kw name="Set Test Variable" owner="BuiltIn">
<msg time="2024-05-11T17:45:15.330157" level="INFO">${EMAIL_TEST} = rsmdqjgq@hotmail.com</msg>
<arg>${EMAIL_TEST}</arg>
<arg>${palavra_randomica}@hotmail.com</arg>
<doc>Makes a variable available everywhere within the scope of the current test.</doc>
<status status="PASS" start="2024-05-11T17:45:15.328097" elapsed="0.002155"/>
</kw>
<status status="PASS" start="2024-05-11T17:45:15.321133" elapsed="0.009258"/>
</kw>
<kw name="usuário com fullName em branco" owner="API">
<kw name="Create Dictionary" owner="BuiltIn">
<msg time="2024-05-11T17:45:15.331628" level="INFO">${headers} = {'Authorization': 'eyJhbGciOiJIUzI1NiIsInR5cCI6IkpXVCJ9.eyJfaWQiOiI2NTMzMGMxZWZiOGYzZGFkMTNhNjgwOGIiLCJmdWxsTmFtZSI6IlFhLUNvZGVycy1TWVNBRE1JTiIsIm1haWwiOiJzeXNhZG1pbkBxYWNvZGVycy5jb20iLCJwYXNzd29yZCI6...</msg>
<var>${headers}</var>
<arg>Authorization=${TOKEN}</arg>
<doc>Creates and returns a dictionary based on the given ``items``.</doc>
<status status="PASS" start="2024-05-11T17:45:15.331257" elapsed="0.000418"/>
</kw>
<kw name="Create Dictionary" owner="BuiltIn">
<msg time="2024-05-11T17:45:15.332422" level="INFO">${body} = {'mail': 'rsmdqjgq@hotmail.com', 'password': '1234@Test', 'confirmPassword': '1234@Test', 'accessProfile': 'ADMIN', 'cpf': '72506131846'}</msg>
<var>${body}</var>
<arg>mail=${EMAIL_TEST}</arg>
<arg>password=${password}</arg>
<arg>confirmPassword=${password}</arg>
<arg>accessProfile=${accessProfile}</arg>
<arg>cpf=${CPF}</arg>
<doc>Creates and returns a dictionary based on the given ``items``.</doc>
<status status="PASS" start="2024-05-11T17:45:15.331917" elapsed="0.000538"/>
</kw>
<kw name="Log" owner="BuiltIn">
<msg time="2024-05-11T17:45:15.332783" level="INFO">{'mail': 'rsmdqjgq@hotmail.com', 'password': '1234@Test', 'confirmPassword': '1234@Test', 'accessProfile': 'ADMIN', 'cpf': '72506131846'}</msg>
<arg>${body}</arg>
<doc>Logs the given message with the given level.</doc>
<status status="PASS" start="2024-05-11T17:45:15.332622" elapsed="0.000217"/>
</kw>
<kw name="Create API Session" owner="API">
<kw name="Create Dictionary" owner="BuiltIn">
<msg time="2024-05-11T17:45:15.333524" level="INFO">${headers} = {'accept': 'application/json', 'Content-Type': 'application/json'}</msg>
<var>${headers}</var>
<arg>accept=application/json</arg>
<arg>Content-Type=application/json</arg>
<doc>Creates and returns a dictionary based on the given ``items``.</doc>
<status status="PASS" start="2024-05-11T17:45:15.333323" elapsed="0.000235"/>
</kw>
<kw name="Create Session" owner="RequestsLibrary">
<msg time="2024-05-11T17:45:15.333924" level="INFO">Creating Session using : alias=APITheOriginals, url=https://the-originals.qacoders-academy.com.br, headers={'accept': 'application/json', 'Content-Type': 'application/json'},                     cookies={}, auth=None, timeout=None, proxies=None, verify=False,                     debug=0 </msg>
<arg>alias=APITheOriginals</arg>
<arg>url=https://the-originals.qacoders-academy.com.br</arg>
<arg>headers=${headers}</arg>
<doc>Create Session: create a HTTP session to a server</doc>
<status status="PASS" start="2024-05-11T17:45:15.333699" elapsed="0.000391"/>
</kw>
<status status="PASS" start="2024-05-11T17:45:15.333021" elapsed="0.001155"/>
</kw>
<kw name="POST On Session" owner="RequestsLibrary">
<msg time="2024-05-11T17:45:15.413273" level="INFO">POST Request : url=https://the-originals.qacoders-academy.com.br/api/user 
 path_url=/api/user 
 headers={'User-Agent': 'python-requests/2.31.0', 'Accept-Encoding': 'gzip, deflate, br', 'accept': 'application/json', 'Connection': 'keep-alive', 'Content-Type': 'application/json', 'Authorization': 'eyJhbGciOiJIUzI1NiIsInR5cCI6IkpXVCJ9.eyJfaWQiOiI2NTMzMGMxZWZiOGYzZGFkMTNhNjgwOGIiLCJmdWxsTmFtZSI6IlFhLUNvZGVycy1TWVNBRE1JTiIsIm1haWwiOiJzeXNhZG1pbkBxYWNvZGVycy5jb20iLCJwYXNzd29yZCI6IiQyYiQxMCQza0MxMHZ1L0VqTW9SUVVtcVFxL0guN2NyV1lJSUJjQkRUMmc0UlUwQlE0bXJSaTRKRXhPdSIsImFjY2Vzc1Byb2ZpbGUiOiJTWVNBRE1JTiIsImNwZiI6IjExMTExMTExMTExIiwic3RhdHVzIjp0cnVlLCJhdWRpdCI6W3sicmVnaXN0ZXJlZEJ5Ijp7InVzZXJJZCI6IjExMTExMTExMTExMTExMTExMSIsInVzZXJMb2dpbiI6InN5c2FkbWluQHFhY29kZXJzLmNvbSJ9LCJyZWdpc3RyYXRpb25EYXRlIjoic2V4dGEtZmVpcmEsIDIwLzEwLzIwMjMsIDIwOjI0OjE0IEJSVCIsInJlZ2lzdHJhdGlvbk51bWJlciI6IjAxIiwiY29tcGFueUlkIjoiUWEuQ29kZXJzIiwiX2lkIjoiNjUzMzBjMWVmYjhmM2RhZDEzYTY4MDhjIn1dLCJfX3YiOjAsImlhdCI6MTcxNTQ2MDMzNSwiZXhwIjoxNzE1NTQ2NzM1fQ.Zd8RIAmVGBpt3C91zj5K2pVpEdk54M_9N51AN6_JAdk', 'Content-Length': '137'} 
 body=b'{"mail": "rsmdqjgq@hotmail.com", "password": "1234@Test", "confirmPassword": "1234@Test", "accessProfile": "ADMIN", "cpf": "72506131846"}' 
 </msg>
<msg time="2024-05-11T17:45:15.413357" level="INFO">POST Response : url=https://the-originals.qacoders-academy.com.br/api/user 
 status=400, reason=Bad Request 
 headers={'Server': 'nginx/1.18.0 (Ubuntu)', 'Date': 'Sat, 11 May 2024 20:45:35 GMT', 'Content-Type': 'application/json; charset=utf-8', 'Content-Length': '52', 'Connection': 'keep-alive', 'X-Powered-By': 'Express', 'Access-Control-Allow-Origin': '*', 'Access-Control-Allow-Methods': 'GET, POST, OPTIONS, PUT, PATCH, DELETE', 'Access-Control-Allow-Headers': 'Origin, X-Requested-With, Content-Type, Accept, Authorization', 'ETag': 'W/"34-myDYOZwqMF6eLse0RCalf+L0Ws4"'} 
 body={"error":["O campo nome completo é obrigatório."]} 
 </msg>
<msg time="2024-05-11T17:45:15.413410" level="INFO">/usr/lib/python3.12/site-packages/urllib3/connectionpool.py:1061: InsecureRequestWarning: Unverified HTTPS request is being made to host 'the-originals.qacoders-academy.com.br'. Adding certificate verification is strongly advised. See: https://urllib3.readthedocs.io/en/1.26.x/advanced-usage.html#ssl-warnings
  warnings.warn(</msg>
<msg time="2024-05-11T17:45:15.413521" level="INFO">${response} = &lt;Response [400]&gt;</msg>
<var>${response}</var>
<arg>alias=APITheOriginals</arg>
<arg>url=/api/user</arg>
<arg>json=${body}</arg>
<arg>headers=${headers}</arg>
<arg>expected_status=400</arg>
<doc>Sends a POST request on a previously created HTTP Session.</doc>
<status status="PASS" start="2024-05-11T17:45:15.334295" elapsed="0.079261"/>
</kw>
<kw name="Log" owner="BuiltIn">
<msg time="2024-05-11T17:45:15.414181" level="INFO">{'error': ['O campo nome completo é obrigatório.']}</msg>
<arg>${response.json()}</arg>
<doc>Logs the given message with the given level.</doc>
<status status="PASS" start="2024-05-11T17:45:15.413722" elapsed="0.000495"/>
</kw>
<kw name="Dictionary Should Contain Key" owner="Collections">
<msg time="2024-05-11T17:45:15.414696" level="INFO">False</msg>
<arg>${response.json()}</arg>
<arg>error</arg>
<doc>Fails if ``key`` is not found from ``dictionary``.</doc>
<status status="PASS" start="2024-05-11T17:45:15.414321" elapsed="0.000404"/>
</kw>
<kw name="List Should Contain Value" owner="Collections">
<msg time="2024-05-11T17:45:15.415152" level="INFO">False</msg>
<arg>${response.json()}[error]</arg>
<arg>O campo nome completo é obrigatório.</arg>
<doc>Fails if the ``value`` is not found from ``list``.</doc>
<status status="PASS" start="2024-05-11T17:45:15.414808" elapsed="0.000372"/>
</kw>
<status status="PASS" start="2024-05-11T17:45:15.330766" elapsed="0.084469"/>
</kw>
<status status="PASS" start="2024-05-11T17:45:15.012262" elapsed="0.403097"/>
</test>
<test id="s1-t3" name="CT03 - usuário com fullName com numeros" line="17">
<kw name="Create API Session" owner="API">
<kw name="Create Dictionary" owner="BuiltIn">
<msg time="2024-05-11T17:45:15.416053" level="INFO">${headers} = {'accept': 'application/json', 'Content-Type': 'application/json'}</msg>
<var>${headers}</var>
<arg>accept=application/json</arg>
<arg>Content-Type=application/json</arg>
<doc>Creates and returns a dictionary based on the given ``items``.</doc>
<status status="PASS" start="2024-05-11T17:45:15.415930" elapsed="0.000141"/>
</kw>
<kw name="Create Session" owner="RequestsLibrary">
<msg time="2024-05-11T17:45:15.416260" level="INFO">Creating Session using : alias=APITheOriginals, url=https://the-originals.qacoders-academy.com.br, headers={'accept': 'application/json', 'Content-Type': 'application/json'},                     cookies={}, auth=None, timeout=None, proxies=None, verify=False,                     debug=0 </msg>
<arg>alias=APITheOriginals</arg>
<arg>url=https://the-originals.qacoders-academy.com.br</arg>
<arg>headers=${headers}</arg>
<doc>Create Session: create a HTTP session to a server</doc>
<status status="PASS" start="2024-05-11T17:45:15.416141" elapsed="0.000216"/>
</kw>
<status status="PASS" start="2024-05-11T17:45:15.415769" elapsed="0.000633"/>
</kw>
<kw name="Login de acesso" owner="API">
<kw name="Create Dictionary" owner="BuiltIn">
<msg time="2024-05-11T17:45:15.416975" level="INFO">${body} = {'mail': 'sysadmin@qacoders.com', 'password': '1234@Test'}</msg>
<var>${body}</var>
<arg>mail=${mail}</arg>
<arg>password=${password}</arg>
<doc>Creates and returns a dictionary based on the given ``items``.</doc>
<status status="PASS" start="2024-05-11T17:45:15.416691" elapsed="0.000302"/>
</kw>
<kw name="Log" owner="BuiltIn">
<msg time="2024-05-11T17:45:15.417147" level="INFO">{'mail': 'sysadmin@qacoders.com', 'password': '1234@Test'}</msg>
<arg>${body}</arg>
<doc>Logs the given message with the given level.</doc>
<status status="PASS" start="2024-05-11T17:45:15.417070" elapsed="0.000102"/>
</kw>
<kw name="Create API Session" owner="API">
<kw name="Create Dictionary" owner="BuiltIn">
<msg time="2024-05-11T17:45:15.417567" level="INFO">${headers} = {'accept': 'application/json', 'Content-Type': 'application/json'}</msg>
<var>${headers}</var>
<arg>accept=application/json</arg>
<arg>Content-Type=application/json</arg>
<doc>Creates and returns a dictionary based on the given ``items``.</doc>
<status status="PASS" start="2024-05-11T17:45:15.417459" elapsed="0.000124"/>
</kw>
<kw name="Create Session" owner="RequestsLibrary">
<msg time="2024-05-11T17:45:15.417772" level="INFO">Creating Session using : alias=APITheOriginals, url=https://the-originals.qacoders-academy.com.br, headers={'accept': 'application/json', 'Content-Type': 'application/json'},                     cookies={}, auth=None, timeout=None, proxies=None, verify=False,                     debug=0 </msg>
<arg>alias=APITheOriginals</arg>
<arg>url=https://the-originals.qacoders-academy.com.br</arg>
<arg>headers=${headers}</arg>
<doc>Create Session: create a HTTP session to a server</doc>
<status status="PASS" start="2024-05-11T17:45:15.417655" elapsed="0.000201"/>
</kw>
<status status="PASS" start="2024-05-11T17:45:15.417314" elapsed="0.000587"/>
</kw>
<kw name="POST On Session" owner="RequestsLibrary">
<msg time="2024-05-11T17:45:15.724800" level="INFO">POST Request : url=https://the-originals.qacoders-academy.com.br/api/login 
 path_url=/api/login 
 headers={'User-Agent': 'python-requests/2.31.0', 'Accept-Encoding': 'gzip, deflate, br', 'accept': 'application/json', 'Connection': 'keep-alive', 'Content-Type': 'application/json', 'Content-Length': '58'} 
 body=b'{"mail": "sysadmin@qacoders.com", "password": "1234@Test"}' 
 </msg>
<msg time="2024-05-11T17:45:15.725010" level="INFO">POST Response : url=https://the-originals.qacoders-academy.com.br/api/login 
 status=200, reason=OK 
 headers={'Server': 'nginx/1.18.0 (Ubuntu)', 'Date': 'Sat, 11 May 2024 20:45:35 GMT', 'Content-Type': 'application/json; charset=utf-8', 'Transfer-Encoding': 'chunked', 'Connection': 'keep-alive', 'X-Powered-By': 'Express', 'Access-Control-Allow-Origin': '*', 'Access-Control-Allow-Methods': 'GET, POST, OPTIONS, PUT, PATCH, DELETE', 'Access-Control-Allow-Headers': 'Origin, X-Requested-With, Content-Type, Accept, Authorization', 'ETag': 'W/"534-47u+GvKrPDgSoj5O1O/1BIgPC0A"', 'Content-Encoding': 'gzip'} 
 body={"msg":"Olá Qa-Coders-SYSADMIN, autenticação autorizada com sucesso!","user":{"_id":"65330c1efb8f3dad13a6808b","fullName":"Qa-Coders-SYSADMIN","mail":"sysadmin@qacoders.com","password":"$2b$10$3kC10vu/EjMoRQUmqQq/H.7crWYIIBcBDT2g4RU0BQ4mrRi4JExOu","accessProfile":"SYSADMIN","cpf":"11111111111","status":true,"audit":[{"registeredBy":{"userId":"111111111111111111","userLogin":"sysadmin@qacoders.com"},"registrationDate":"sexta-feira, 20/10/2023, 20:24:14 BRT","registrationNumber":"01","companyId":"Qa.Coders","_id":"65330c1efb8f3dad13a6808c"}],"__v":0},"token":"eyJhbGciOiJIUzI1NiIsInR5cCI6IkpXVCJ9.eyJfaWQiOiI2NTMzMGMxZWZiOGYzZGFkMTNhNjgwOGIiLCJmdWxsTmFtZSI6IlFhLUNvZGVycy1TWVNBRE1JTiIsIm1haWwiOiJzeXNhZG1pbkBxYWNvZGVycy5jb20iLCJwYXNzd29yZCI6IiQyYiQxMCQza0MxMHZ1L0VqTW9SUVVtcVFxL0guN2NyV1lJSUJjQkRUMmc0UlUwQlE0bXJSaTRKRXhPdSIsImFjY2Vzc1Byb2ZpbGUiOiJTWVNBRE1JTiIsImNwZiI6IjExMTExMTExMTExIiwic3RhdHVzIjp0cnVlLCJhdWRpdCI6W3sicmVnaXN0ZXJlZEJ5Ijp7InVzZXJJZCI6IjExMTExMTExMTExMTExMTExMSIsInVzZXJMb2dpbiI6InN5c2FkbWluQHFhY29kZXJzLmNvbSJ9LCJyZWdpc3RyYXRpb25EYXRlIjoic2V4dGEtZmVpcmEsIDIwLzEwLzIwMjMsIDIwOjI0OjE0IEJSVCIsInJlZ2lzdHJhdGlvbk51bWJlciI6IjAxIiwiY29tcGFueUlkIjoiUWEuQ29kZXJzIiwiX2lkIjoiNjUzMzBjMWVmYjhmM2RhZDEzYTY4MDhjIn1dLCJfX3YiOjAsImlhdCI6MTcxNTQ2MDMzNSwiZXhwIjoxNzE1NTQ2NzM1fQ.Zd8RIAmVGBpt3C91zj5K2pVpEdk54M_9N51AN6_JAdk"} 
 </msg>
<msg time="2024-05-11T17:45:15.725208" level="INFO">/usr/lib/python3.12/site-packages/urllib3/connectionpool.py:1061: InsecureRequestWarning: Unverified HTTPS request is being made to host 'the-originals.qacoders-academy.com.br'. Adding certificate verification is strongly advised. See: https://urllib3.readthedocs.io/en/1.26.x/advanced-usage.html#ssl-warnings
  warnings.warn(</msg>
<msg time="2024-05-11T17:45:15.725493" level="INFO">${response} = &lt;Response [200]&gt;</msg>
<var>${response}</var>
<arg>alias=APITheOriginals</arg>
<arg>url=/api/login</arg>
<arg>json=${body}</arg>
<doc>Sends a POST request on a previously created HTTP Session.</doc>
<status status="PASS" start="2024-05-11T17:45:15.417965" elapsed="0.307588"/>
</kw>
<kw name="Log" owner="BuiltIn">
<msg time="2024-05-11T17:45:15.727306" level="INFO">{'msg': 'Olá Qa-Coders-SYSADMIN, autenticação autorizada com sucesso!', 'user': {'_id': '65330c1efb8f3dad13a6808b', 'fullName': 'Qa-Coders-SYSADMIN', 'mail': 'sysadmin@qacoders.com', 'password': '$2b$10$3kC10vu/EjMoRQUmqQq/H.7crWYIIBcBDT2g4RU0BQ4mrRi4JExOu', 'accessProfile': 'SYSADMIN', 'cpf': '11111111111', 'status': True, 'audit': [{'registeredBy': {'userId': '111111111111111111', 'userLogin': 'sysadmin@qacoders.com'}, 'registrationDate': 'sexta-feira, 20/10/2023, 20:24:14 BRT', 'registrationNumber': '01', 'companyId': 'Qa.Coders', '_id': '65330c1efb8f3dad13a6808c'}], '__v': 0}, 'token': 'eyJhbGciOiJIUzI1NiIsInR5cCI6IkpXVCJ9.eyJfaWQiOiI2NTMzMGMxZWZiOGYzZGFkMTNhNjgwOGIiLCJmdWxsTmFtZSI6IlFhLUNvZGVycy1TWVNBRE1JTiIsIm1haWwiOiJzeXNhZG1pbkBxYWNvZGVycy5jb20iLCJwYXNzd29yZCI6IiQyYiQxMCQza0MxMHZ1L0VqTW9SUVVtcVFxL0guN2NyV1lJSUJjQkRUMmc0UlUwQlE0bXJSaTRKRXhPdSIsImFjY2Vzc1Byb2ZpbGUiOiJTWVNBRE1JTiIsImNwZiI6IjExMTExMTExMTExIiwic3RhdHVzIjp0cnVlLCJhdWRpdCI6W3sicmVnaXN0ZXJlZEJ5Ijp7InVzZXJJZCI6IjExMTExMTExMTExMTExMTExMSIsInVzZXJMb2dpbiI6InN5c2FkbWluQHFhY29kZXJzLmNvbSJ9LCJyZWdpc3RyYXRpb25EYXRlIjoic2V4dGEtZmVpcmEsIDIwLzEwLzIwMjMsIDIwOjI0OjE0IEJSVCIsInJlZ2lzdHJhdGlvbk51bWJlciI6IjAxIiwiY29tcGFueUlkIjoiUWEuQ29kZXJzIiwiX2lkIjoiNjUzMzBjMWVmYjhmM2RhZDEzYTY4MDhjIn1dLCJfX3YiOjAsImlhdCI6MTcxNTQ2MDMzNSwiZXhwIjoxNzE1NTQ2NzM1fQ.Zd8RIAmVGBpt3C91zj5K2pVpEdk54M_9N51AN6_JAdk'}</msg>
<arg>${response.json()}</arg>
<doc>Logs the given message with the given level.</doc>
<status status="PASS" start="2024-05-11T17:45:15.725923" elapsed="0.001520"/>
</kw>
<kw name="Set Test Variable" owner="BuiltIn">
<msg time="2024-05-11T17:45:15.730323" level="INFO">${TOKEN} = eyJhbGciOiJIUzI1NiIsInR5cCI6IkpXVCJ9.eyJfaWQiOiI2NTMzMGMxZWZiOGYzZGFkMTNhNjgwOGIiLCJmdWxsTmFtZSI6IlFhLUNvZGVycy1TWVNBRE1JTiIsIm1haWwiOiJzeXNhZG1pbkBxYWNvZGVycy5jb20iLCJwYXNzd29yZCI6IiQyYiQxMCQza0MxMHZ...</msg>
<arg>${TOKEN}</arg>
<arg>${response.json()["token"]}</arg>
<doc>Makes a variable available everywhere within the scope of the current test.</doc>
<status status="PASS" start="2024-05-11T17:45:15.727738" elapsed="0.002699"/>
</kw>
<status status="PASS" start="2024-05-11T17:45:15.416541" elapsed="0.314064"/>
</kw>
<kw name="Criar um novo usuário" owner="API">
<kw name="Generate Random String" owner="String">
<msg time="2024-05-11T17:45:15.732180" level="INFO">${palavra_randomica} = LavFQPFM</msg>
<var>${palavra_randomica}</var>
<arg>8</arg>
<arg>chars=[LETTERS]</arg>
<doc>Generates a string with a desired ``length`` from the given ``chars``.</doc>
<status status="PASS" start="2024-05-11T17:45:15.731564" elapsed="0.000682"/>
</kw>
<kw name="Convert To Lower Case" owner="String">
<msg time="2024-05-11T17:45:15.733021" level="INFO">${palavra_randomica} = lavfqpfm</msg>
<var>${palavra_randomica}</var>
<arg>${palavra_randomica}</arg>
<doc>Converts string to lower case.</doc>
<status status="PASS" start="2024-05-11T17:45:15.732583" elapsed="0.000500"/>
</kw>
<kw name="Generate Random String" owner="String">
<msg time="2024-05-11T17:45:15.733821" level="INFO">${cpf_randomico} = 33595723757</msg>
<var>${cpf_randomico}</var>
<arg>11</arg>
<arg>chars=[NUMBERS]</arg>
<doc>Generates a string with a desired ``length`` from the given ``chars``.</doc>
<status status="PASS" start="2024-05-11T17:45:15.733358" elapsed="0.000520"/>
</kw>
<kw name="Set Test Variable" owner="BuiltIn">
<msg time="2024-05-11T17:45:15.735990" level="INFO">${CPF} = 33595723757</msg>
<arg>${CPF}</arg>
<arg>${cpf_randomico}</arg>
<doc>Makes a variable available everywhere within the scope of the current test.</doc>
<status status="PASS" start="2024-05-11T17:45:15.734140" elapsed="0.001954"/>
</kw>
<kw name="Set Test Variable" owner="BuiltIn">
<msg time="2024-05-11T17:45:15.738524" level="INFO">${EMAIL_TEST} = lavfqpfm@hotmail.com</msg>
<arg>${EMAIL_TEST}</arg>
<arg>${palavra_randomica}@hotmail.com</arg>
<doc>Makes a variable available everywhere within the scope of the current test.</doc>
<status status="PASS" start="2024-05-11T17:45:15.736495" elapsed="0.002152"/>
</kw>
<status status="PASS" start="2024-05-11T17:45:15.731031" elapsed="0.007827"/>
</kw>
<kw name="usuário com fullName com numeros" owner="API">
<kw name="Create Dictionary" owner="BuiltIn">
<msg time="2024-05-11T17:45:15.740347" level="INFO">${headers} = {'Authorization': 'eyJhbGciOiJIUzI1NiIsInR5cCI6IkpXVCJ9.eyJfaWQiOiI2NTMzMGMxZWZiOGYzZGFkMTNhNjgwOGIiLCJmdWxsTmFtZSI6IlFhLUNvZGVycy1TWVNBRE1JTiIsIm1haWwiOiJzeXNhZG1pbkBxYWNvZGVycy5jb20iLCJwYXNzd29yZCI6...</msg>
<var>${headers}</var>
<arg>Authorization=${TOKEN}</arg>
<doc>Creates and returns a dictionary based on the given ``items``.</doc>
<status status="PASS" start="2024-05-11T17:45:15.739895" elapsed="0.000498"/>
</kw>
<kw name="Create Dictionary" owner="BuiltIn">
<msg time="2024-05-11T17:45:15.741070" level="INFO">${body} = {'fullName': 'Fulano da Silva Santos34', 'mail': 'lavfqpfm@hotmail.com', 'password': '1234@Test', 'confirmPassword': '1234@Test', 'accessProfile': 'ADMIN', 'cpf': '33595723757'}</msg>
<var>${body}</var>
<arg>fullName=${fullName23}</arg>
<arg>mail=${EMAIL_TEST}</arg>
<arg>password=${password}</arg>
<arg>confirmPassword=${password}</arg>
<arg>accessProfile=${accessProfile}</arg>
<arg>cpf=${CPF}</arg>
<doc>Creates and returns a dictionary based on the given ``items``.</doc>
<status status="PASS" start="2024-05-11T17:45:15.740568" elapsed="0.000543"/>
</kw>
<kw name="Log" owner="BuiltIn">
<msg time="2024-05-11T17:45:15.741475" level="INFO">{'fullName': 'Fulano da Silva Santos34', 'mail': 'lavfqpfm@hotmail.com', 'password': '1234@Test', 'confirmPassword': '1234@Test', 'accessProfile': 'ADMIN', 'cpf': '33595723757'}</msg>
<arg>${body}</arg>
<doc>Logs the given message with the given level.</doc>
<status status="PASS" start="2024-05-11T17:45:15.741292" elapsed="0.000245"/>
</kw>
<kw name="Create API Session" owner="API">
<kw name="Create Dictionary" owner="BuiltIn">
<msg time="2024-05-11T17:45:15.742470" level="INFO">${headers} = {'accept': 'application/json', 'Content-Type': 'application/json'}</msg>
<var>${headers}</var>
<arg>accept=application/json</arg>
<arg>Content-Type=application/json</arg>
<doc>Creates and returns a dictionary based on the given ``items``.</doc>
<status status="PASS" start="2024-05-11T17:45:15.742177" elapsed="0.000333"/>
</kw>
<kw name="Create Session" owner="RequestsLibrary">
<msg time="2024-05-11T17:45:15.743045" level="INFO">Creating Session using : alias=APITheOriginals, url=https://the-originals.qacoders-academy.com.br, headers={'accept': 'application/json', 'Content-Type': 'application/json'},                     cookies={}, auth=None, timeout=None, proxies=None, verify=False,                     debug=0 </msg>
<arg>alias=APITheOriginals</arg>
<arg>url=https://the-originals.qacoders-academy.com.br</arg>
<arg>headers=${headers}</arg>
<doc>Create Session: create a HTTP session to a server</doc>
<status status="PASS" start="2024-05-11T17:45:15.742694" elapsed="0.000593"/>
</kw>
<status status="PASS" start="2024-05-11T17:45:15.741746" elapsed="0.001691"/>
</kw>
<kw name="POST On Session" owner="RequestsLibrary">
<msg time="2024-05-11T17:45:15.801639" level="INFO">POST Request : url=https://the-originals.qacoders-academy.com.br/api/user 
 path_url=/api/user 
 headers={'User-Agent': 'python-requests/2.31.0', 'Accept-Encoding': 'gzip, deflate, br', 'accept': 'application/json', 'Connection': 'keep-alive', 'Content-Type': 'application/json', 'Authorization': 'eyJhbGciOiJIUzI1NiIsInR5cCI6IkpXVCJ9.eyJfaWQiOiI2NTMzMGMxZWZiOGYzZGFkMTNhNjgwOGIiLCJmdWxsTmFtZSI6IlFhLUNvZGVycy1TWVNBRE1JTiIsIm1haWwiOiJzeXNhZG1pbkBxYWNvZGVycy5jb20iLCJwYXNzd29yZCI6IiQyYiQxMCQza0MxMHZ1L0VqTW9SUVVtcVFxL0guN2NyV1lJSUJjQkRUMmc0UlUwQlE0bXJSaTRKRXhPdSIsImFjY2Vzc1Byb2ZpbGUiOiJTWVNBRE1JTiIsImNwZiI6IjExMTExMTExMTExIiwic3RhdHVzIjp0cnVlLCJhdWRpdCI6W3sicmVnaXN0ZXJlZEJ5Ijp7InVzZXJJZCI6IjExMTExMTExMTExMTExMTExMSIsInVzZXJMb2dpbiI6InN5c2FkbWluQHFhY29kZXJzLmNvbSJ9LCJyZWdpc3RyYXRpb25EYXRlIjoic2V4dGEtZmVpcmEsIDIwLzEwLzIwMjMsIDIwOjI0OjE0IEJSVCIsInJlZ2lzdHJhdGlvbk51bWJlciI6IjAxIiwiY29tcGFueUlkIjoiUWEuQ29kZXJzIiwiX2lkIjoiNjUzMzBjMWVmYjhmM2RhZDEzYTY4MDhjIn1dLCJfX3YiOjAsImlhdCI6MTcxNTQ2MDMzNSwiZXhwIjoxNzE1NTQ2NzM1fQ.Zd8RIAmVGBpt3C91zj5K2pVpEdk54M_9N51AN6_JAdk', 'Content-Length': '177'} 
 body=b'{"fullName": "Fulano da Silva Santos34", "mail": "lavfqpfm@hotmail.com", "password": "1234@Test", "confirmPassword": "1234@Test", "accessProfile": "ADMIN", "cpf": "33595723757"}' 
 </msg>
<msg time="2024-05-11T17:45:15.802077" level="INFO">POST Response : url=https://the-originals.qacoders-academy.com.br/api/user 
 status=400, reason=Bad Request 
 headers={'Server': 'nginx/1.18.0 (Ubuntu)', 'Date': 'Sat, 11 May 2024 20:45:35 GMT', 'Content-Type': 'application/json; charset=utf-8', 'Content-Length': '61', 'Connection': 'keep-alive', 'X-Powered-By': 'Express', 'Access-Control-Allow-Origin': '*', 'Access-Control-Allow-Methods': 'GET, POST, OPTIONS, PUT, PATCH, DELETE', 'Access-Control-Allow-Headers': 'Origin, X-Requested-With, Content-Type, Accept, Authorization', 'ETag': 'W/"3d-IOvVVrGKj7ICmt1v14pvpPWGzaE"'} 
 body={"error":["O campo nome completo não deve conter números"]} 
 </msg>
<msg time="2024-05-11T17:45:15.802379" level="INFO">/usr/lib/python3.12/site-packages/urllib3/connectionpool.py:1061: InsecureRequestWarning: Unverified HTTPS request is being made to host 'the-originals.qacoders-academy.com.br'. Adding certificate verification is strongly advised. See: https://urllib3.readthedocs.io/en/1.26.x/advanced-usage.html#ssl-warnings
  warnings.warn(</msg>
<msg time="2024-05-11T17:45:15.802513" level="INFO">${response} = &lt;Response [400]&gt;</msg>
<var>${response}</var>
<arg>alias=APITheOriginals</arg>
<arg>url=/api/user</arg>
<arg>json=${body}</arg>
<arg>headers=${headers}</arg>
<arg>expected_status=400</arg>
<doc>Sends a POST request on a previously created HTTP Session.</doc>
<status status="PASS" start="2024-05-11T17:45:15.743640" elapsed="0.058895"/>
</kw>
<kw name="Log" owner="BuiltIn">
<msg time="2024-05-11T17:45:15.805775" level="INFO">{'error': ['O campo nome completo não deve conter números']}</msg>
<arg>${response.json()}</arg>
<doc>Logs the given message with the given level.</doc>
<status status="PASS" start="2024-05-11T17:45:15.803349" elapsed="0.002568"/>
</kw>
<kw name="Dictionary Should Contain Key" owner="Collections">
<msg time="2024-05-11T17:45:15.806646" level="INFO">False</msg>
<arg>${response.json()}</arg>
<arg>error</arg>
<doc>Fails if ``key`` is not found from ``dictionary``.</doc>
<status status="PASS" start="2024-05-11T17:45:15.806118" elapsed="0.000557"/>
</kw>
<kw name="List Should Contain Value" owner="Collections">
<msg time="2024-05-11T17:45:15.807100" level="INFO">False</msg>
<arg>${response.json()}[error]</arg>
<arg>O campo nome completo não deve conter números</arg>
<doc>Fails if the ``value`` is not found from ``list``.</doc>
<status status="PASS" start="2024-05-11T17:45:15.806755" elapsed="0.000373"/>
</kw>
<status status="PASS" start="2024-05-11T17:45:15.739327" elapsed="0.067854"/>
</kw>
<status status="PASS" start="2024-05-11T17:45:15.415518" elapsed="0.391779"/>
</test>
<test id="s1-t4" name="CT04 - usuário com caracteres" line="24">
<kw name="Create API Session" owner="API">
<kw name="Create Dictionary" owner="BuiltIn">
<msg time="2024-05-11T17:45:15.808065" level="INFO">${headers} = {'accept': 'application/json', 'Content-Type': 'application/json'}</msg>
<var>${headers}</var>
<arg>accept=application/json</arg>
<arg>Content-Type=application/json</arg>
<doc>Creates and returns a dictionary based on the given ``items``.</doc>
<status status="PASS" start="2024-05-11T17:45:15.807930" elapsed="0.000155"/>
</kw>
<kw name="Create Session" owner="RequestsLibrary">
<msg time="2024-05-11T17:45:15.808399" level="INFO">Creating Session using : alias=APITheOriginals, url=https://the-originals.qacoders-academy.com.br, headers={'accept': 'application/json', 'Content-Type': 'application/json'},                     cookies={}, auth=None, timeout=None, proxies=None, verify=False,                     debug=0 </msg>
<arg>alias=APITheOriginals</arg>
<arg>url=https://the-originals.qacoders-academy.com.br</arg>
<arg>headers=${headers}</arg>
<doc>Create Session: create a HTTP session to a server</doc>
<status status="PASS" start="2024-05-11T17:45:15.808171" elapsed="0.000545"/>
</kw>
<status status="PASS" start="2024-05-11T17:45:15.807747" elapsed="0.001041"/>
</kw>
<kw name="Login de acesso" owner="API">
<kw name="Create Dictionary" owner="BuiltIn">
<msg time="2024-05-11T17:45:15.809284" level="INFO">${body} = {'mail': 'sysadmin@qacoders.com', 'password': '1234@Test'}</msg>
<var>${body}</var>
<arg>mail=${mail}</arg>
<arg>password=${password}</arg>
<doc>Creates and returns a dictionary based on the given ``items``.</doc>
<status status="PASS" start="2024-05-11T17:45:15.809117" elapsed="0.000184"/>
</kw>
<kw name="Log" owner="BuiltIn">
<msg time="2024-05-11T17:45:15.809448" level="INFO">{'mail': 'sysadmin@qacoders.com', 'password': '1234@Test'}</msg>
<arg>${body}</arg>
<doc>Logs the given message with the given level.</doc>
<status status="PASS" start="2024-05-11T17:45:15.809373" elapsed="0.000101"/>
</kw>
<kw name="Create API Session" owner="API">
<kw name="Create Dictionary" owner="BuiltIn">
<msg time="2024-05-11T17:45:15.809779" level="INFO">${headers} = {'accept': 'application/json', 'Content-Type': 'application/json'}</msg>
<var>${headers}</var>
<arg>accept=application/json</arg>
<arg>Content-Type=application/json</arg>
<doc>Creates and returns a dictionary based on the given ``items``.</doc>
<status status="PASS" start="2024-05-11T17:45:15.809682" elapsed="0.000112"/>
</kw>
<kw name="Create Session" owner="RequestsLibrary">
<msg time="2024-05-11T17:45:15.809974" level="INFO">Creating Session using : alias=APITheOriginals, url=https://the-originals.qacoders-academy.com.br, headers={'accept': 'application/json', 'Content-Type': 'application/json'},                     cookies={}, auth=None, timeout=None, proxies=None, verify=False,                     debug=0 </msg>
<arg>alias=APITheOriginals</arg>
<arg>url=https://the-originals.qacoders-academy.com.br</arg>
<arg>headers=${headers}</arg>
<doc>Create Session: create a HTTP session to a server</doc>
<status status="PASS" start="2024-05-11T17:45:15.809863" elapsed="0.000197"/>
</kw>
<status status="PASS" start="2024-05-11T17:45:15.809556" elapsed="0.000548"/>
</kw>
<kw name="POST On Session" owner="RequestsLibrary">
<msg time="2024-05-11T17:45:16.034207" level="INFO">POST Request : url=https://the-originals.qacoders-academy.com.br/api/login 
 path_url=/api/login 
 headers={'User-Agent': 'python-requests/2.31.0', 'Accept-Encoding': 'gzip, deflate, br', 'accept': 'application/json', 'Connection': 'keep-alive', 'Content-Type': 'application/json', 'Content-Length': '58'} 
 body=b'{"mail": "sysadmin@qacoders.com", "password": "1234@Test"}' 
 </msg>
<msg time="2024-05-11T17:45:16.034668" level="INFO">POST Response : url=https://the-originals.qacoders-academy.com.br/api/login 
 status=200, reason=OK 
 headers={'Server': 'nginx/1.18.0 (Ubuntu)', 'Date': 'Sat, 11 May 2024 20:45:35 GMT', 'Content-Type': 'application/json; charset=utf-8', 'Transfer-Encoding': 'chunked', 'Connection': 'keep-alive', 'X-Powered-By': 'Express', 'Access-Control-Allow-Origin': '*', 'Access-Control-Allow-Methods': 'GET, POST, OPTIONS, PUT, PATCH, DELETE', 'Access-Control-Allow-Headers': 'Origin, X-Requested-With, Content-Type, Accept, Authorization', 'ETag': 'W/"534-47u+GvKrPDgSoj5O1O/1BIgPC0A"', 'Content-Encoding': 'gzip'} 
 body={"msg":"Olá Qa-Coders-SYSADMIN, autenticação autorizada com sucesso!","user":{"_id":"65330c1efb8f3dad13a6808b","fullName":"Qa-Coders-SYSADMIN","mail":"sysadmin@qacoders.com","password":"$2b$10$3kC10vu/EjMoRQUmqQq/H.7crWYIIBcBDT2g4RU0BQ4mrRi4JExOu","accessProfile":"SYSADMIN","cpf":"11111111111","status":true,"audit":[{"registeredBy":{"userId":"111111111111111111","userLogin":"sysadmin@qacoders.com"},"registrationDate":"sexta-feira, 20/10/2023, 20:24:14 BRT","registrationNumber":"01","companyId":"Qa.Coders","_id":"65330c1efb8f3dad13a6808c"}],"__v":0},"token":"eyJhbGciOiJIUzI1NiIsInR5cCI6IkpXVCJ9.eyJfaWQiOiI2NTMzMGMxZWZiOGYzZGFkMTNhNjgwOGIiLCJmdWxsTmFtZSI6IlFhLUNvZGVycy1TWVNBRE1JTiIsIm1haWwiOiJzeXNhZG1pbkBxYWNvZGVycy5jb20iLCJwYXNzd29yZCI6IiQyYiQxMCQza0MxMHZ1L0VqTW9SUVVtcVFxL0guN2NyV1lJSUJjQkRUMmc0UlUwQlE0bXJSaTRKRXhPdSIsImFjY2Vzc1Byb2ZpbGUiOiJTWVNBRE1JTiIsImNwZiI6IjExMTExMTExMTExIiwic3RhdHVzIjp0cnVlLCJhdWRpdCI6W3sicmVnaXN0ZXJlZEJ5Ijp7InVzZXJJZCI6IjExMTExMTExMTExMTExMTExMSIsInVzZXJMb2dpbiI6InN5c2FkbWluQHFhY29kZXJzLmNvbSJ9LCJyZWdpc3RyYXRpb25EYXRlIjoic2V4dGEtZmVpcmEsIDIwLzEwLzIwMjMsIDIwOjI0OjE0IEJSVCIsInJlZ2lzdHJhdGlvbk51bWJlciI6IjAxIiwiY29tcGFueUlkIjoiUWEuQ29kZXJzIiwiX2lkIjoiNjUzMzBjMWVmYjhmM2RhZDEzYTY4MDhjIn1dLCJfX3YiOjAsImlhdCI6MTcxNTQ2MDMzNSwiZXhwIjoxNzE1NTQ2NzM1fQ.Zd8RIAmVGBpt3C91zj5K2pVpEdk54M_9N51AN6_JAdk"} 
 </msg>
<msg time="2024-05-11T17:45:16.035513" level="INFO">/usr/lib/python3.12/site-packages/urllib3/connectionpool.py:1061: InsecureRequestWarning: Unverified HTTPS request is being made to host 'the-originals.qacoders-academy.com.br'. Adding certificate verification is strongly advised. See: https://urllib3.readthedocs.io/en/1.26.x/advanced-usage.html#ssl-warnings
  warnings.warn(</msg>
<msg time="2024-05-11T17:45:16.036231" level="INFO">${response} = &lt;Response [200]&gt;</msg>
<var>${response}</var>
<arg>alias=APITheOriginals</arg>
<arg>url=/api/login</arg>
<arg>json=${body}</arg>
<doc>Sends a POST request on a previously created HTTP Session.</doc>
<status status="PASS" start="2024-05-11T17:45:15.810169" elapsed="0.226117"/>
</kw>
<kw name="Log" owner="BuiltIn">
<msg time="2024-05-11T17:45:16.040237" level="INFO">{'msg': 'Olá Qa-Coders-SYSADMIN, autenticação autorizada com sucesso!', 'user': {'_id': '65330c1efb8f3dad13a6808b', 'fullName': 'Qa-Coders-SYSADMIN', 'mail': 'sysadmin@qacoders.com', 'password': '$2b$10$3kC10vu/EjMoRQUmqQq/H.7crWYIIBcBDT2g4RU0BQ4mrRi4JExOu', 'accessProfile': 'SYSADMIN', 'cpf': '11111111111', 'status': True, 'audit': [{'registeredBy': {'userId': '111111111111111111', 'userLogin': 'sysadmin@qacoders.com'}, 'registrationDate': 'sexta-feira, 20/10/2023, 20:24:14 BRT', 'registrationNumber': '01', 'companyId': 'Qa.Coders', '_id': '65330c1efb8f3dad13a6808c'}], '__v': 0}, 'token': 'eyJhbGciOiJIUzI1NiIsInR5cCI6IkpXVCJ9.eyJfaWQiOiI2NTMzMGMxZWZiOGYzZGFkMTNhNjgwOGIiLCJmdWxsTmFtZSI6IlFhLUNvZGVycy1TWVNBRE1JTiIsIm1haWwiOiJzeXNhZG1pbkBxYWNvZGVycy5jb20iLCJwYXNzd29yZCI6IiQyYiQxMCQza0MxMHZ1L0VqTW9SUVVtcVFxL0guN2NyV1lJSUJjQkRUMmc0UlUwQlE0bXJSaTRKRXhPdSIsImFjY2Vzc1Byb2ZpbGUiOiJTWVNBRE1JTiIsImNwZiI6IjExMTExMTExMTExIiwic3RhdHVzIjp0cnVlLCJhdWRpdCI6W3sicmVnaXN0ZXJlZEJ5Ijp7InVzZXJJZCI6IjExMTExMTExMTExMTExMTExMSIsInVzZXJMb2dpbiI6InN5c2FkbWluQHFhY29kZXJzLmNvbSJ9LCJyZWdpc3RyYXRpb25EYXRlIjoic2V4dGEtZmVpcmEsIDIwLzEwLzIwMjMsIDIwOjI0OjE0IEJSVCIsInJlZ2lzdHJhdGlvbk51bWJlciI6IjAxIiwiY29tcGFueUlkIjoiUWEuQ29kZXJzIiwiX2lkIjoiNjUzMzBjMWVmYjhmM2RhZDEzYTY4MDhjIn1dLCJfX3YiOjAsImlhdCI6MTcxNTQ2MDMzNSwiZXhwIjoxNzE1NTQ2NzM1fQ.Zd8RIAmVGBpt3C91zj5K2pVpEdk54M_9N51AN6_JAdk'}</msg>
<arg>${response.json()}</arg>
<doc>Logs the given message with the given level.</doc>
<status status="PASS" start="2024-05-11T17:45:16.037586" elapsed="0.002810"/>
</kw>
<kw name="Set Test Variable" owner="BuiltIn">
<msg time="2024-05-11T17:45:16.043169" level="INFO">${TOKEN} = eyJhbGciOiJIUzI1NiIsInR5cCI6IkpXVCJ9.eyJfaWQiOiI2NTMzMGMxZWZiOGYzZGFkMTNhNjgwOGIiLCJmdWxsTmFtZSI6IlFhLUNvZGVycy1TWVNBRE1JTiIsIm1haWwiOiJzeXNhZG1pbkBxYWNvZGVycy5jb20iLCJwYXNzd29yZCI6IiQyYiQxMCQza0MxMHZ...</msg>
<arg>${TOKEN}</arg>
<arg>${response.json()["token"]}</arg>
<doc>Makes a variable available everywhere within the scope of the current test.</doc>
<status status="PASS" start="2024-05-11T17:45:16.041240" elapsed="0.002100"/>
</kw>
<status status="PASS" start="2024-05-11T17:45:15.808941" elapsed="0.234550"/>
</kw>
<kw name="Criar um novo usuário" owner="API">
<kw name="Generate Random String" owner="String">
<msg time="2024-05-11T17:45:16.045726" level="INFO">${palavra_randomica} = kBnqFfbq</msg>
<var>${palavra_randomica}</var>
<arg>8</arg>
<arg>chars=[LETTERS]</arg>
<doc>Generates a string with a desired ``length`` from the given ``chars``.</doc>
<status status="PASS" start="2024-05-11T17:45:16.045162" elapsed="0.000639"/>
</kw>
<kw name="Convert To Lower Case" owner="String">
<msg time="2024-05-11T17:45:16.046645" level="INFO">${palavra_randomica} = kbnqffbq</msg>
<var>${palavra_randomica}</var>
<arg>${palavra_randomica}</arg>
<doc>Converts string to lower case.</doc>
<status status="PASS" start="2024-05-11T17:45:16.046270" elapsed="0.000427"/>
</kw>
<kw name="Generate Random String" owner="String">
<msg time="2024-05-11T17:45:16.047345" level="INFO">${cpf_randomico} = 79830290894</msg>
<var>${cpf_randomico}</var>
<arg>11</arg>
<arg>chars=[NUMBERS]</arg>
<doc>Generates a string with a desired ``length`` from the given ``chars``.</doc>
<status status="PASS" start="2024-05-11T17:45:16.046915" elapsed="0.000471"/>
</kw>
<kw name="Set Test Variable" owner="BuiltIn">
<msg time="2024-05-11T17:45:16.049370" level="INFO">${CPF} = 79830290894</msg>
<arg>${CPF}</arg>
<arg>${cpf_randomico}</arg>
<doc>Makes a variable available everywhere within the scope of the current test.</doc>
<status status="PASS" start="2024-05-11T17:45:16.047790" elapsed="0.001671"/>
</kw>
<kw name="Set Test Variable" owner="BuiltIn">
<msg time="2024-05-11T17:45:16.051879" level="INFO">${EMAIL_TEST} = kbnqffbq@hotmail.com</msg>
<arg>${EMAIL_TEST}</arg>
<arg>${palavra_randomica}@hotmail.com</arg>
<doc>Makes a variable available everywhere within the scope of the current test.</doc>
<status status="PASS" start="2024-05-11T17:45:16.050054" elapsed="0.002057"/>
</kw>
<status status="PASS" start="2024-05-11T17:45:16.044453" elapsed="0.007768"/>
</kw>
<kw name="usuário com fullName com caracteres" owner="API">
<kw name="Create Dictionary" owner="BuiltIn">
<msg time="2024-05-11T17:45:16.054855" level="INFO">${headers} = {'Authorization': 'eyJhbGciOiJIUzI1NiIsInR5cCI6IkpXVCJ9.eyJfaWQiOiI2NTMzMGMxZWZiOGYzZGFkMTNhNjgwOGIiLCJmdWxsTmFtZSI6IlFhLUNvZGVycy1TWVNBRE1JTiIsIm1haWwiOiJzeXNhZG1pbkBxYWNvZGVycy5jb20iLCJwYXNzd29yZCI6...</msg>
<var>${headers}</var>
<arg>Authorization=${TOKEN}</arg>
<doc>Creates and returns a dictionary based on the given ``items``.</doc>
<status status="PASS" start="2024-05-11T17:45:16.054100" elapsed="0.000839"/>
</kw>
<kw name="Create Dictionary" owner="BuiltIn">
<msg time="2024-05-11T17:45:16.055620" level="INFO">${body} = {'fullName': 'Fulano da Silva Santos#@', 'mail': 'kbnqffbq@hotmail.com', 'password': '1234@Test', 'confirmPassword': '1234@Test', 'accessProfile': 'ADMIN', 'cpf': '79830290894'}</msg>
<var>${body}</var>
<arg>fullName=${fullName##}</arg>
<arg>mail=${EMAIL_TEST}</arg>
<arg>password=${password}</arg>
<arg>confirmPassword=${password}</arg>
<arg>accessProfile=${accessProfile}</arg>
<arg>cpf=${CPF}</arg>
<doc>Creates and returns a dictionary based on the given ``items``.</doc>
<status status="PASS" start="2024-05-11T17:45:16.055234" elapsed="0.000413"/>
</kw>
<kw name="Log" owner="BuiltIn">
<msg time="2024-05-11T17:45:16.056081" level="INFO">{'fullName': 'Fulano da Silva Santos#@', 'mail': 'kbnqffbq@hotmail.com', 'password': '1234@Test', 'confirmPassword': '1234@Test', 'accessProfile': 'ADMIN', 'cpf': '79830290894'}</msg>
<arg>${body}</arg>
<doc>Logs the given message with the given level.</doc>
<status status="PASS" start="2024-05-11T17:45:16.055831" elapsed="0.000323"/>
</kw>
<kw name="Create API Session" owner="API">
<kw name="Create Dictionary" owner="BuiltIn">
<msg time="2024-05-11T17:45:16.057254" level="INFO">${headers} = {'accept': 'application/json', 'Content-Type': 'application/json'}</msg>
<var>${headers}</var>
<arg>accept=application/json</arg>
<arg>Content-Type=application/json</arg>
<doc>Creates and returns a dictionary based on the given ``items``.</doc>
<status status="PASS" start="2024-05-11T17:45:16.057031" elapsed="0.000247"/>
</kw>
<kw name="Create Session" owner="RequestsLibrary">
<msg time="2024-05-11T17:45:16.057851" level="INFO">Creating Session using : alias=APITheOriginals, url=https://the-originals.qacoders-academy.com.br, headers={'accept': 'application/json', 'Content-Type': 'application/json'},                     cookies={}, auth=None, timeout=None, proxies=None, verify=False,                     debug=0 </msg>
<arg>alias=APITheOriginals</arg>
<arg>url=https://the-originals.qacoders-academy.com.br</arg>
<arg>headers=${headers}</arg>
<doc>Create Session: create a HTTP session to a server</doc>
<status status="PASS" start="2024-05-11T17:45:16.057453" elapsed="0.000953"/>
</kw>
<status status="PASS" start="2024-05-11T17:45:16.056566" elapsed="0.002001"/>
</kw>
<kw name="POST On Session" owner="RequestsLibrary">
<msg time="2024-05-11T17:45:16.118458" level="INFO">POST Request : url=https://the-originals.qacoders-academy.com.br/api/user 
 path_url=/api/user 
 headers={'User-Agent': 'python-requests/2.31.0', 'Accept-Encoding': 'gzip, deflate, br', 'accept': 'application/json', 'Connection': 'keep-alive', 'Content-Type': 'application/json', 'Authorization': 'eyJhbGciOiJIUzI1NiIsInR5cCI6IkpXVCJ9.eyJfaWQiOiI2NTMzMGMxZWZiOGYzZGFkMTNhNjgwOGIiLCJmdWxsTmFtZSI6IlFhLUNvZGVycy1TWVNBRE1JTiIsIm1haWwiOiJzeXNhZG1pbkBxYWNvZGVycy5jb20iLCJwYXNzd29yZCI6IiQyYiQxMCQza0MxMHZ1L0VqTW9SUVVtcVFxL0guN2NyV1lJSUJjQkRUMmc0UlUwQlE0bXJSaTRKRXhPdSIsImFjY2Vzc1Byb2ZpbGUiOiJTWVNBRE1JTiIsImNwZiI6IjExMTExMTExMTExIiwic3RhdHVzIjp0cnVlLCJhdWRpdCI6W3sicmVnaXN0ZXJlZEJ5Ijp7InVzZXJJZCI6IjExMTExMTExMTExMTExMTExMSIsInVzZXJMb2dpbiI6InN5c2FkbWluQHFhY29kZXJzLmNvbSJ9LCJyZWdpc3RyYXRpb25EYXRlIjoic2V4dGEtZmVpcmEsIDIwLzEwLzIwMjMsIDIwOjI0OjE0IEJSVCIsInJlZ2lzdHJhdGlvbk51bWJlciI6IjAxIiwiY29tcGFueUlkIjoiUWEuQ29kZXJzIiwiX2lkIjoiNjUzMzBjMWVmYjhmM2RhZDEzYTY4MDhjIn1dLCJfX3YiOjAsImlhdCI6MTcxNTQ2MDMzNSwiZXhwIjoxNzE1NTQ2NzM1fQ.Zd8RIAmVGBpt3C91zj5K2pVpEdk54M_9N51AN6_JAdk', 'Content-Length': '177'} 
 body=b'{"fullName": "Fulano da Silva Santos#@", "mail": "kbnqffbq@hotmail.com", "password": "1234@Test", "confirmPassword": "1234@Test", "accessProfile": "ADMIN", "cpf": "79830290894"}' 
 </msg>
<msg time="2024-05-11T17:45:16.119007" level="INFO">POST Response : url=https://the-originals.qacoders-academy.com.br/api/user 
 status=400, reason=Bad Request 
 headers={'Server': 'nginx/1.18.0 (Ubuntu)', 'Date': 'Sat, 11 May 2024 20:45:36 GMT', 'Content-Type': 'application/json; charset=utf-8', 'Content-Length': '104', 'Connection': 'keep-alive', 'X-Powered-By': 'Express', 'Access-Control-Allow-Origin': '*', 'Access-Control-Allow-Methods': 'GET, POST, OPTIONS, PUT, PATCH, DELETE', 'Access-Control-Allow-Headers': 'Origin, X-Requested-With, Content-Type, Accept, Authorization', 'ETag': 'W/"68-62tjmR+cdaS8nsROhhkcNZWhwyU"'} 
 body={"error":["Informe o nome e sobrenome com as iniciais em letra maiúscula e sem caracteres especiais."]} 
 </msg>
<msg time="2024-05-11T17:45:16.119312" level="INFO">/usr/lib/python3.12/site-packages/urllib3/connectionpool.py:1061: InsecureRequestWarning: Unverified HTTPS request is being made to host 'the-originals.qacoders-academy.com.br'. Adding certificate verification is strongly advised. See: https://urllib3.readthedocs.io/en/1.26.x/advanced-usage.html#ssl-warnings
  warnings.warn(</msg>
<msg time="2024-05-11T17:45:16.119976" level="INFO">${response} = &lt;Response [400]&gt;</msg>
<var>${response}</var>
<arg>alias=APITheOriginals</arg>
<arg>url=/api/user</arg>
<arg>json=${body}</arg>
<arg>headers=${headers}</arg>
<arg>expected_status=400</arg>
<doc>Sends a POST request on a previously created HTTP Session.</doc>
<status status="PASS" start="2024-05-11T17:45:16.058901" elapsed="0.061152"/>
</kw>
<kw name="Log" owner="BuiltIn">
<msg time="2024-05-11T17:45:16.122780" level="INFO">{'error': ['Informe o nome e sobrenome com as iniciais em letra maiúscula e sem caracteres especiais.']}</msg>
<arg>${response.json()}</arg>
<doc>Logs the given message with the given level.</doc>
<status status="PASS" start="2024-05-11T17:45:16.120716" elapsed="0.002276"/>
</kw>
<kw name="Dictionary Should Contain Key" owner="Collections">
<msg time="2024-05-11T17:45:16.125278" level="INFO">False</msg>
<arg>${response.json()}</arg>
<arg>error</arg>
<doc>Fails if ``key`` is not found from ``dictionary``.</doc>
<status status="PASS" start="2024-05-11T17:45:16.123883" elapsed="0.001635"/>
</kw>
<kw name="List Should Contain Value" owner="Collections">
<msg time="2024-05-11T17:45:16.127764" level="INFO">False</msg>
<arg>${response.json()}[error]</arg>
<arg>Informe o nome e sobrenome com as iniciais em letra maiúscula e sem caracteres especiais.</arg>
<doc>Fails if the ``value`` is not found from ``list``.</doc>
<status status="PASS" start="2024-05-11T17:45:16.125915" elapsed="0.002006"/>
</kw>
<status status="PASS" start="2024-05-11T17:45:16.053066" elapsed="0.075128"/>
</kw>
<status status="PASS" start="2024-05-11T17:45:15.807470" elapsed="0.321632"/>
</test>
<test id="s1-t5" name="CT05 - usuário com iniciais minúscula" line="30">
<kw name="Create API Session" owner="API">
<kw name="Create Dictionary" owner="BuiltIn">
<msg time="2024-05-11T17:45:16.132432" level="INFO">${headers} = {'accept': 'application/json', 'Content-Type': 'application/json'}</msg>
<var>${headers}</var>
<arg>accept=application/json</arg>
<arg>Content-Type=application/json</arg>
<doc>Creates and returns a dictionary based on the given ``items``.</doc>
<status status="PASS" start="2024-05-11T17:45:16.132196" elapsed="0.000269"/>
</kw>
<kw name="Create Session" owner="RequestsLibrary">
<msg time="2024-05-11T17:45:16.132816" level="INFO">Creating Session using : alias=APITheOriginals, url=https://the-originals.qacoders-academy.com.br, headers={'accept': 'application/json', 'Content-Type': 'application/json'},                     cookies={}, auth=None, timeout=None, proxies=None, verify=False,                     debug=0 </msg>
<arg>alias=APITheOriginals</arg>
<arg>url=https://the-originals.qacoders-academy.com.br</arg>
<arg>headers=${headers}</arg>
<doc>Create Session: create a HTTP session to a server</doc>
<status status="PASS" start="2024-05-11T17:45:16.132605" elapsed="0.000375"/>
</kw>
<status status="PASS" start="2024-05-11T17:45:16.131777" elapsed="0.001287"/>
</kw>
<kw name="Login de acesso" owner="API">
<kw name="Create Dictionary" owner="BuiltIn">
<msg time="2024-05-11T17:45:16.133545" level="INFO">${body} = {'mail': 'sysadmin@qacoders.com', 'password': '1234@Test'}</msg>
<var>${body}</var>
<arg>mail=${mail}</arg>
<arg>password=${password}</arg>
<doc>Creates and returns a dictionary based on the given ``items``.</doc>
<status status="PASS" start="2024-05-11T17:45:16.133388" elapsed="0.000175"/>
</kw>
<kw name="Log" owner="BuiltIn">
<msg time="2024-05-11T17:45:16.133729" level="INFO">{'mail': 'sysadmin@qacoders.com', 'password': '1234@Test'}</msg>
<arg>${body}</arg>
<doc>Logs the given message with the given level.</doc>
<status status="PASS" start="2024-05-11T17:45:16.133645" elapsed="0.000112"/>
</kw>
<kw name="Create API Session" owner="API">
<kw name="Create Dictionary" owner="BuiltIn">
<msg time="2024-05-11T17:45:16.134094" level="INFO">${headers} = {'accept': 'application/json', 'Content-Type': 'application/json'}</msg>
<var>${headers}</var>
<arg>accept=application/json</arg>
<arg>Content-Type=application/json</arg>
<doc>Creates and returns a dictionary based on the given ``items``.</doc>
<status status="PASS" start="2024-05-11T17:45:16.133991" elapsed="0.000119"/>
</kw>
<kw name="Create Session" owner="RequestsLibrary">
<msg time="2024-05-11T17:45:16.134315" level="INFO">Creating Session using : alias=APITheOriginals, url=https://the-originals.qacoders-academy.com.br, headers={'accept': 'application/json', 'Content-Type': 'application/json'},                     cookies={}, auth=None, timeout=None, proxies=None, verify=False,                     debug=0 </msg>
<arg>alias=APITheOriginals</arg>
<arg>url=https://the-originals.qacoders-academy.com.br</arg>
<arg>headers=${headers}</arg>
<doc>Create Session: create a HTTP session to a server</doc>
<status status="PASS" start="2024-05-11T17:45:16.134178" elapsed="0.000245"/>
</kw>
<status status="PASS" start="2024-05-11T17:45:16.133849" elapsed="0.000624"/>
</kw>
<kw name="POST On Session" owner="RequestsLibrary">
<msg time="2024-05-11T17:45:16.337103" level="INFO">POST Request : url=https://the-originals.qacoders-academy.com.br/api/login 
 path_url=/api/login 
 headers={'User-Agent': 'python-requests/2.31.0', 'Accept-Encoding': 'gzip, deflate, br', 'accept': 'application/json', 'Connection': 'keep-alive', 'Content-Type': 'application/json', 'Content-Length': '58'} 
 body=b'{"mail": "sysadmin@qacoders.com", "password": "1234@Test"}' 
 </msg>
<msg time="2024-05-11T17:45:16.337314" level="INFO">POST Response : url=https://the-originals.qacoders-academy.com.br/api/login 
 status=200, reason=OK 
 headers={'Server': 'nginx/1.18.0 (Ubuntu)', 'Date': 'Sat, 11 May 2024 20:45:36 GMT', 'Content-Type': 'application/json; charset=utf-8', 'Transfer-Encoding': 'chunked', 'Connection': 'keep-alive', 'X-Powered-By': 'Express', 'Access-Control-Allow-Origin': '*', 'Access-Control-Allow-Methods': 'GET, POST, OPTIONS, PUT, PATCH, DELETE', 'Access-Control-Allow-Headers': 'Origin, X-Requested-With, Content-Type, Accept, Authorization', 'ETag': 'W/"534-onU/1zoyuwIucRfeGDdaoi2iCt4"', 'Content-Encoding': 'gzip'} 
 body={"msg":"Olá Qa-Coders-SYSADMIN, autenticação autorizada com sucesso!","user":{"_id":"65330c1efb8f3dad13a6808b","fullName":"Qa-Coders-SYSADMIN","mail":"sysadmin@qacoders.com","password":"$2b$10$3kC10vu/EjMoRQUmqQq/H.7crWYIIBcBDT2g4RU0BQ4mrRi4JExOu","accessProfile":"SYSADMIN","cpf":"11111111111","status":true,"audit":[{"registeredBy":{"userId":"111111111111111111","userLogin":"sysadmin@qacoders.com"},"registrationDate":"sexta-feira, 20/10/2023, 20:24:14 BRT","registrationNumber":"01","companyId":"Qa.Coders","_id":"65330c1efb8f3dad13a6808c"}],"__v":0},"token":"eyJhbGciOiJIUzI1NiIsInR5cCI6IkpXVCJ9.eyJfaWQiOiI2NTMzMGMxZWZiOGYzZGFkMTNhNjgwOGIiLCJmdWxsTmFtZSI6IlFhLUNvZGVycy1TWVNBRE1JTiIsIm1haWwiOiJzeXNhZG1pbkBxYWNvZGVycy5jb20iLCJwYXNzd29yZCI6IiQyYiQxMCQza0MxMHZ1L0VqTW9SUVVtcVFxL0guN2NyV1lJSUJjQkRUMmc0UlUwQlE0bXJSaTRKRXhPdSIsImFjY2Vzc1Byb2ZpbGUiOiJTWVNBRE1JTiIsImNwZiI6IjExMTExMTExMTExIiwic3RhdHVzIjp0cnVlLCJhdWRpdCI6W3sicmVnaXN0ZXJlZEJ5Ijp7InVzZXJJZCI6IjExMTExMTExMTExMTExMTExMSIsInVzZXJMb2dpbiI6InN5c2FkbWluQHFhY29kZXJzLmNvbSJ9LCJyZWdpc3RyYXRpb25EYXRlIjoic2V4dGEtZmVpcmEsIDIwLzEwLzIwMjMsIDIwOjI0OjE0IEJSVCIsInJlZ2lzdHJhdGlvbk51bWJlciI6IjAxIiwiY29tcGFueUlkIjoiUWEuQ29kZXJzIiwiX2lkIjoiNjUzMzBjMWVmYjhmM2RhZDEzYTY4MDhjIn1dLCJfX3YiOjAsImlhdCI6MTcxNTQ2MDMzNiwiZXhwIjoxNzE1NTQ2NzM2fQ.bJTqUwHUm-qJU4o2TfqidgCxBZNXeuUpxR_Vs1F1ZWo"} 
 </msg>
<msg time="2024-05-11T17:45:16.337480" level="INFO">/usr/lib/python3.12/site-packages/urllib3/connectionpool.py:1061: InsecureRequestWarning: Unverified HTTPS request is being made to host 'the-originals.qacoders-academy.com.br'. Adding certificate verification is strongly advised. See: https://urllib3.readthedocs.io/en/1.26.x/advanced-usage.html#ssl-warnings
  warnings.warn(</msg>
<msg time="2024-05-11T17:45:16.337732" level="INFO">${response} = &lt;Response [200]&gt;</msg>
<var>${response}</var>
<arg>alias=APITheOriginals</arg>
<arg>url=/api/login</arg>
<arg>json=${body}</arg>
<doc>Sends a POST request on a previously created HTTP Session.</doc>
<status status="PASS" start="2024-05-11T17:45:16.134542" elapsed="0.203250"/>
</kw>
<kw name="Log" owner="BuiltIn">
[...]
 </msg>
<msg time="2024-05-11T17:45:23.500671" level="INFO">/usr/lib/python3.12/site-packages/urllib3/connectionpool.py:1061: InsecureRequestWarning: Unverified HTTPS request is being made to host 'the-originals.qacoders-academy.com.br'. Adding certificate verification is strongly advised. See: https://urllib3.readthedocs.io/en/1.26.x/advanced-usage.html#ssl-warnings
  warnings.warn(</msg>
<msg time="2024-05-11T17:45:23.500928" level="INFO">${response} = &lt;Response [400]&gt;</msg>
<var>${response}</var>
<arg>alias=APITheOriginals</arg>
<arg>url=/api/user</arg>
<arg>json=${body}</arg>
<arg>headers=${headers}</arg>
<arg>expected_status=400</arg>
<doc>Sends a POST request on a previously created HTTP Session.</doc>
<status status="PASS" start="2024-05-11T17:45:23.421805" elapsed="0.079184"/>
</kw>
<kw name="Log" owner="BuiltIn">
<msg time="2024-05-11T17:45:23.502816" level="INFO">{'error': ['Deve preencher o CPF com 11 dígitos']}</msg>
<arg>${response.json()}</arg>
<doc>Logs the given message with the given level.</doc>
<status status="PASS" start="2024-05-11T17:45:23.501382" elapsed="0.001541"/>
</kw>
<kw name="Dictionary Should Contain Key" owner="Collections">
<msg time="2024-05-11T17:45:23.504303" level="INFO">False</msg>
<arg>${response.json()}</arg>
<arg>error</arg>
<doc>Fails if ``key`` is not found from ``dictionary``.</doc>
<status status="PASS" start="2024-05-11T17:45:23.503195" elapsed="0.001192"/>
</kw>
<kw name="List Should Contain Value" owner="Collections">
<msg time="2024-05-11T17:45:23.505779" level="INFO">False</msg>
<arg>${response.json()}[error]</arg>
<arg>Deve preencher o CPF com 11 dígitos</arg>
<doc>Fails if the ``value`` is not found from ``list``.</doc>
<status status="PASS" start="2024-05-11T17:45:23.504638" elapsed="0.001239"/>
</kw>
<status status="PASS" start="2024-05-11T17:45:23.416963" elapsed="0.089084"/>
</kw>
<status status="PASS" start="2024-05-11T17:45:23.166612" elapsed="0.339726"/>
</test>
<test id="s1-t21" name="CT21 - usuário com cpf com 12 números" line="126">
<kw name="Create API Session" owner="API">
<kw name="Create Dictionary" owner="BuiltIn">
<msg time="2024-05-11T17:45:23.508450" level="INFO">${headers} = {'accept': 'application/json', 'Content-Type': 'application/json'}</msg>
<var>${headers}</var>
<arg>accept=application/json</arg>
<arg>Content-Type=application/json</arg>
<doc>Creates and returns a dictionary based on the given ``items``.</doc>
<status status="PASS" start="2024-05-11T17:45:23.508021" elapsed="0.000504"/>
</kw>
<kw name="Create Session" owner="RequestsLibrary">
<msg time="2024-05-11T17:45:23.509249" level="INFO">Creating Session using : alias=APITheOriginals, url=https://the-originals.qacoders-academy.com.br, headers={'accept': 'application/json', 'Content-Type': 'application/json'},                     cookies={}, auth=None, timeout=None, proxies=None, verify=False,                     debug=0 </msg>
<arg>alias=APITheOriginals</arg>
<arg>url=https://the-originals.qacoders-academy.com.br</arg>
<arg>headers=${headers}</arg>
<doc>Create Session: create a HTTP session to a server</doc>
<status status="PASS" start="2024-05-11T17:45:23.508822" elapsed="0.000725"/>
</kw>
<status status="PASS" start="2024-05-11T17:45:23.507537" elapsed="0.002180"/>
</kw>
<kw name="Login de acesso" owner="API">
<kw name="Create Dictionary" owner="BuiltIn">
<msg time="2024-05-11T17:45:23.511604" level="INFO">${body} = {'mail': 'sysadmin@qacoders.com', 'password': '1234@Test'}</msg>
<var>${body}</var>
<arg>mail=${mail}</arg>
<arg>password=${password}</arg>
<doc>Creates and returns a dictionary based on the given ``items``.</doc>
<status status="PASS" start="2024-05-11T17:45:23.510637" elapsed="0.001025"/>
</kw>
<kw name="Log" owner="BuiltIn">
<msg time="2024-05-11T17:45:23.512225" level="INFO">{'mail': 'sysadmin@qacoders.com', 'password': '1234@Test'}</msg>
<arg>${body}</arg>
<doc>Logs the given message with the given level.</doc>
<status status="PASS" start="2024-05-11T17:45:23.511903" elapsed="0.000427"/>
</kw>
<kw name="Create API Session" owner="API">
<kw name="Create Dictionary" owner="BuiltIn">
<msg time="2024-05-11T17:45:23.513422" level="INFO">${headers} = {'accept': 'application/json', 'Content-Type': 'application/json'}</msg>
<var>${headers}</var>
<arg>accept=application/json</arg>
<arg>Content-Type=application/json</arg>
<doc>Creates and returns a dictionary based on the given ``items``.</doc>
<status status="PASS" start="2024-05-11T17:45:23.513111" elapsed="0.000348"/>
</kw>
<kw name="Create Session" owner="RequestsLibrary">
<msg time="2024-05-11T17:45:23.513997" level="INFO">Creating Session using : alias=APITheOriginals, url=https://the-originals.qacoders-academy.com.br, headers={'accept': 'application/json', 'Content-Type': 'application/json'},                     cookies={}, auth=None, timeout=None, proxies=None, verify=False,                     debug=0 </msg>
<arg>alias=APITheOriginals</arg>
<arg>url=https://the-originals.qacoders-academy.com.br</arg>
<arg>headers=${headers}</arg>
<doc>Create Session: create a HTTP session to a server</doc>
<status status="PASS" start="2024-05-11T17:45:23.513716" elapsed="0.000483"/>
</kw>
<status status="PASS" start="2024-05-11T17:45:23.512625" elapsed="0.001685"/>
</kw>
<kw name="POST On Session" owner="RequestsLibrary">
<msg time="2024-05-11T17:45:23.812098" level="INFO">POST Request : url=https://the-originals.qacoders-academy.com.br/api/login 
 path_url=/api/login 
 headers={'User-Agent': 'python-requests/2.31.0', 'Accept-Encoding': 'gzip, deflate, br', 'accept': 'application/json', 'Connection': 'keep-alive', 'Content-Type': 'application/json', 'Content-Length': '58'} 
 body=b'{"mail": "sysadmin@qacoders.com", "password": "1234@Test"}' 
 </msg>
<msg time="2024-05-11T17:45:23.812316" level="INFO">POST Response : url=https://the-originals.qacoders-academy.com.br/api/login 
 status=200, reason=OK 
 headers={'Server': 'nginx/1.18.0 (Ubuntu)', 'Date': 'Sat, 11 May 2024 20:45:43 GMT', 'Content-Type': 'application/json; charset=utf-8', 'Transfer-Encoding': 'chunked', 'Connection': 'keep-alive', 'X-Powered-By': 'Express', 'Access-Control-Allow-Origin': '*', 'Access-Control-Allow-Methods': 'GET, POST, OPTIONS, PUT, PATCH, DELETE', 'Access-Control-Allow-Headers': 'Origin, X-Requested-With, Content-Type, Accept, Authorization', 'ETag': 'W/"534-sS/V5pdesihdhTucB/xKQNneA58"', 'Content-Encoding': 'gzip'} 
 body={"msg":"Olá Qa-Coders-SYSADMIN, autenticação autorizada com sucesso!","user":{"_id":"65330c1efb8f3dad13a6808b","fullName":"Qa-Coders-SYSADMIN","mail":"sysadmin@qacoders.com","password":"$2b$10$3kC10vu/EjMoRQUmqQq/H.7crWYIIBcBDT2g4RU0BQ4mrRi4JExOu","accessProfile":"SYSADMIN","cpf":"11111111111","status":true,"audit":[{"registeredBy":{"userId":"111111111111111111","userLogin":"sysadmin@qacoders.com"},"registrationDate":"sexta-feira, 20/10/2023, 20:24:14 BRT","registrationNumber":"01","companyId":"Qa.Coders","_id":"65330c1efb8f3dad13a6808c"}],"__v":0},"token":"eyJhbGciOiJIUzI1NiIsInR5cCI6IkpXVCJ9.eyJfaWQiOiI2NTMzMGMxZWZiOGYzZGFkMTNhNjgwOGIiLCJmdWxsTmFtZSI6IlFhLUNvZGVycy1TWVNBRE1JTiIsIm1haWwiOiJzeXNhZG1pbkBxYWNvZGVycy5jb20iLCJwYXNzd29yZCI6IiQyYiQxMCQza0MxMHZ1L0VqTW9SUVVtcVFxL0guN2NyV1lJSUJjQkRUMmc0UlUwQlE0bXJSaTRKRXhPdSIsImFjY2Vzc1Byb2ZpbGUiOiJTWVNBRE1JTiIsImNwZiI6IjExMTExMTExMTExIiwic3RhdHVzIjp0cnVlLCJhdWRpdCI6W3sicmVnaXN0ZXJlZEJ5Ijp7InVzZXJJZCI6IjExMTExMTExMTExMTExMTExMSIsInVzZXJMb2dpbiI6InN5c2FkbWluQHFhY29kZXJzLmNvbSJ9LCJyZWdpc3RyYXRpb25EYXRlIjoic2V4dGEtZmVpcmEsIDIwLzEwLzIwMjMsIDIwOjI0OjE0IEJSVCIsInJlZ2lzdHJhdGlvbk51bWJlciI6IjAxIiwiY29tcGFueUlkIjoiUWEuQ29kZXJzIiwiX2lkIjoiNjUzMzBjMWVmYjhmM2RhZDEzYTY4MDhjIn1dLCJfX3YiOjAsImlhdCI6MTcxNTQ2MDM0MywiZXhwIjoxNzE1NTQ2NzQzfQ.97QPDB7_jwhcduJkvEf05cRz130dOQ7Gw5lz8iWUP1U"} 
 </msg>
<msg time="2024-05-11T17:45:23.812520" level="INFO">/usr/lib/python3.12/site-packages/urllib3/connectionpool.py:1061: InsecureRequestWarning: Unverified HTTPS request is being made to host 'the-originals.qacoders-academy.com.br'. Adding certificate verification is strongly advised. See: https://urllib3.readthedocs.io/en/1.26.x/advanced-usage.html#ssl-warnings
  warnings.warn(</msg>
<msg time="2024-05-11T17:45:23.812780" level="INFO">${response} = &lt;Response [200]&gt;</msg>
<var>${response}</var>
<arg>alias=APITheOriginals</arg>
<arg>url=/api/login</arg>
<arg>json=${body}</arg>
<doc>Sends a POST request on a previously created HTTP Session.</doc>
<status status="PASS" start="2024-05-11T17:45:23.514458" elapsed="0.298381"/>
</kw>
<kw name="Log" owner="BuiltIn">
<msg time="2024-05-11T17:45:23.813995" level="INFO">{'msg': 'Olá Qa-Coders-SYSADMIN, autenticação autorizada com sucesso!', 'user': {'_id': '65330c1efb8f3dad13a6808b', 'fullName': 'Qa-Coders-SYSADMIN', 'mail': 'sysadmin@qacoders.com', 'password': '$2b$10$3kC10vu/EjMoRQUmqQq/H.7crWYIIBcBDT2g4RU0BQ4mrRi4JExOu', 'accessProfile': 'SYSADMIN', 'cpf': '11111111111', 'status': True, 'audit': [{'registeredBy': {'userId': '111111111111111111', 'userLogin': 'sysadmin@qacoders.com'}, 'registrationDate': 'sexta-feira, 20/10/2023, 20:24:14 BRT', 'registrationNumber': '01', 'companyId': 'Qa.Coders', '_id': '65330c1efb8f3dad13a6808c'}], '__v': 0}, 'token': 'eyJhbGciOiJIUzI1NiIsInR5cCI6IkpXVCJ9.eyJfaWQiOiI2NTMzMGMxZWZiOGYzZGFkMTNhNjgwOGIiLCJmdWxsTmFtZSI6IlFhLUNvZGVycy1TWVNBRE1JTiIsIm1haWwiOiJzeXNhZG1pbkBxYWNvZGVycy5jb20iLCJwYXNzd29yZCI6IiQyYiQxMCQza0MxMHZ1L0VqTW9SUVVtcVFxL0guN2NyV1lJSUJjQkRUMmc0UlUwQlE0bXJSaTRKRXhPdSIsImFjY2Vzc1Byb2ZpbGUiOiJTWVNBRE1JTiIsImNwZiI6IjExMTExMTExMTExIiwic3RhdHVzIjp0cnVlLCJhdWRpdCI6W3sicmVnaXN0ZXJlZEJ5Ijp7InVzZXJJZCI6IjExMTExMTExMTExMTExMTExMSIsInVzZXJMb2dpbiI6InN5c2FkbWluQHFhY29kZXJzLmNvbSJ9LCJyZWdpc3RyYXRpb25EYXRlIjoic2V4dGEtZmVpcmEsIDIwLzEwLzIwMjMsIDIwOjI0OjE0IEJSVCIsInJlZ2lzdHJhdGlvbk51bWJlciI6IjAxIiwiY29tcGFueUlkIjoiUWEuQ29kZXJzIiwiX2lkIjoiNjUzMzBjMWVmYjhmM2RhZDEzYTY4MDhjIn1dLCJfX3YiOjAsImlhdCI6MTcxNTQ2MDM0MywiZXhwIjoxNzE1NTQ2NzQzfQ.97QPDB7_jwhcduJkvEf05cRz130dOQ7Gw5lz8iWUP1U'}</msg>
<arg>${response.json()}</arg>
<doc>Logs the given message with the given level.</doc>
<status status="PASS" start="2024-05-11T17:45:23.813234" elapsed="0.000801"/>
</kw>
<kw name="Set Test Variable" owner="BuiltIn">
<msg time="2024-05-11T17:45:23.814854" level="INFO">${TOKEN} = eyJhbGciOiJIUzI1NiIsInR5cCI6IkpXVCJ9.eyJfaWQiOiI2NTMzMGMxZWZiOGYzZGFkMTNhNjgwOGIiLCJmdWxsTmFtZSI6IlFhLUNvZGVycy1TWVNBRE1JTiIsIm1haWwiOiJzeXNhZG1pbkBxYWNvZGVycy5jb20iLCJwYXNzd29yZCI6IiQyYiQxMCQza0MxMHZ...</msg>
<arg>${TOKEN}</arg>
<arg>${response.json()["token"]}</arg>
<doc>Makes a variable available everywhere within the scope of the current test.</doc>
<status status="PASS" start="2024-05-11T17:45:23.814129" elapsed="0.000757"/>
</kw>
<status status="PASS" start="2024-05-11T17:45:23.510143" elapsed="0.304800"/>
</kw>
<kw name="Criar um novo usuário" owner="API">
<kw name="Generate Random String" owner="String">
<msg time="2024-05-11T17:45:23.815422" level="INFO">${palavra_randomica} = ggVmuwCk</msg>
<var>${palavra_randomica}</var>
<arg>8</arg>
<arg>chars=[LETTERS]</arg>
<doc>Generates a string with a desired ``length`` from the given ``chars``.</doc>
<status status="PASS" start="2024-05-11T17:45:23.815263" elapsed="0.000176"/>
</kw>
<kw name="Convert To Lower Case" owner="String">
<msg time="2024-05-11T17:45:23.815598" level="INFO">${palavra_randomica} = ggvmuwck</msg>
<var>${palavra_randomica}</var>
<arg>${palavra_randomica}</arg>
<doc>Converts string to lower case.</doc>
<status status="PASS" start="2024-05-11T17:45:23.815511" elapsed="0.000103"/>
</kw>
<kw name="Generate Random String" owner="String">
<msg time="2024-05-11T17:45:23.815792" level="INFO">${cpf_randomico} = 31644671863</msg>
<var>${cpf_randomico}</var>
<arg>11</arg>
<arg>chars=[NUMBERS]</arg>
<doc>Generates a string with a desired ``length`` from the given ``chars``.</doc>
<status status="PASS" start="2024-05-11T17:45:23.815679" elapsed="0.000128"/>
</kw>
<kw name="Set Test Variable" owner="BuiltIn">
<msg time="2024-05-11T17:45:23.816351" level="INFO">${CPF} = 31644671863</msg>
<arg>${CPF}</arg>
<arg>${cpf_randomico}</arg>
<doc>Makes a variable available everywhere within the scope of the current test.</doc>
<status status="PASS" start="2024-05-11T17:45:23.815877" elapsed="0.000504"/>
</kw>
<kw name="Set Test Variable" owner="BuiltIn">
<msg time="2024-05-11T17:45:23.816984" level="INFO">${EMAIL_TEST} = ggvmuwck@hotmail.com</msg>
<arg>${EMAIL_TEST}</arg>
<arg>${palavra_randomica}@hotmail.com</arg>
<doc>Makes a variable available everywhere within the scope of the current test.</doc>
<status status="PASS" start="2024-05-11T17:45:23.816458" elapsed="0.000551"/>
</kw>
<status status="PASS" start="2024-05-11T17:45:23.815085" elapsed="0.001967"/>
</kw>
<kw name="usuário com cpf com 12 números" owner="API">
<kw name="Create Dictionary" owner="BuiltIn">
<msg time="2024-05-11T17:45:23.817608" level="INFO">${headers} = {'Authorization': 'eyJhbGciOiJIUzI1NiIsInR5cCI6IkpXVCJ9.eyJfaWQiOiI2NTMzMGMxZWZiOGYzZGFkMTNhNjgwOGIiLCJmdWxsTmFtZSI6IlFhLUNvZGVycy1TWVNBRE1JTiIsIm1haWwiOiJzeXNhZG1pbkBxYWNvZGVycy5jb20iLCJwYXNzd29yZCI6...</msg>
<var>${headers}</var>
<arg>Authorization=${TOKEN}</arg>
<doc>Creates and returns a dictionary based on the given ``items``.</doc>
<status status="PASS" start="2024-05-11T17:45:23.817413" elapsed="0.000211"/>
</kw>
<kw name="Create Dictionary" owner="BuiltIn">
<msg time="2024-05-11T17:45:23.817908" level="INFO">${body} = {'fullName': 'Fulano da Silva Santos', 'mail': 'ggvmuwck@hotmail.com', 'password': '1234@Test', 'confirmPassword': '1234@Test', 'accessProfile': 'ADMIN', 'cpf': '123456789012'}</msg>
<var>${body}</var>
<arg>fullName=${fullName}</arg>
<arg>mail=${EMAIL_TEST}</arg>
<arg>password=${password}</arg>
<arg>confirmPassword=${password}</arg>
<arg>accessProfile=${accessProfile}</arg>
<arg>cpf=${CPF12}</arg>
<doc>Creates and returns a dictionary based on the given ``items``.</doc>
<status status="PASS" start="2024-05-11T17:45:23.817698" elapsed="0.000225"/>
</kw>
<kw name="Log" owner="BuiltIn">
<msg time="2024-05-11T17:45:23.818070" level="INFO">{'fullName': 'Fulano da Silva Santos', 'mail': 'ggvmuwck@hotmail.com', 'password': '1234@Test', 'confirmPassword': '1234@Test', 'accessProfile': 'ADMIN', 'cpf': '123456789012'}</msg>
<arg>${body}</arg>
<doc>Logs the given message with the given level.</doc>
<status status="PASS" start="2024-05-11T17:45:23.817996" elapsed="0.000099"/>
</kw>
<kw name="Create API Session" owner="API">
<kw name="Create Dictionary" owner="BuiltIn">
<msg time="2024-05-11T17:45:23.818414" level="INFO">${headers} = {'accept': 'application/json', 'Content-Type': 'application/json'}</msg>
<var>${headers}</var>
<arg>accept=application/json</arg>
<arg>Content-Type=application/json</arg>
<doc>Creates and returns a dictionary based on the given ``items``.</doc>
<status status="PASS" start="2024-05-11T17:45:23.818315" elapsed="0.000114"/>
</kw>
<kw name="Create Session" owner="RequestsLibrary">
<msg time="2024-05-11T17:45:23.818608" level="INFO">Creating Session using : alias=APITheOriginals, url=https://the-originals.qacoders-academy.com.br, headers={'accept': 'application/json', 'Content-Type': 'application/json'},                     cookies={}, auth=None, timeout=None, proxies=None, verify=False,                     debug=0 </msg>
<arg>alias=APITheOriginals</arg>
<arg>url=https://the-originals.qacoders-academy.com.br</arg>
<arg>headers=${headers}</arg>
<doc>Create Session: create a HTTP session to a server</doc>
<status status="PASS" start="2024-05-11T17:45:23.818496" elapsed="0.000237"/>
</kw>
<status status="PASS" start="2024-05-11T17:45:23.818178" elapsed="0.000598"/>
</kw>
<kw name="POST On Session" owner="RequestsLibrary">
<msg time="2024-05-11T17:45:23.874604" level="INFO">POST Request : url=https://the-originals.qacoders-academy.com.br/api/user 
 path_url=/api/user 
 headers={'User-Agent': 'python-requests/2.31.0', 'Accept-Encoding': 'gzip, deflate, br', 'accept': 'application/json', 'Connection': 'keep-alive', 'Content-Type': 'application/json', 'Authorization': 'eyJhbGciOiJIUzI1NiIsInR5cCI6IkpXVCJ9.eyJfaWQiOiI2NTMzMGMxZWZiOGYzZGFkMTNhNjgwOGIiLCJmdWxsTmFtZSI6IlFhLUNvZGVycy1TWVNBRE1JTiIsIm1haWwiOiJzeXNhZG1pbkBxYWNvZGVycy5jb20iLCJwYXNzd29yZCI6IiQyYiQxMCQza0MxMHZ1L0VqTW9SUVVtcVFxL0guN2NyV1lJSUJjQkRUMmc0UlUwQlE0bXJSaTRKRXhPdSIsImFjY2Vzc1Byb2ZpbGUiOiJTWVNBRE1JTiIsImNwZiI6IjExMTExMTExMTExIiwic3RhdHVzIjp0cnVlLCJhdWRpdCI6W3sicmVnaXN0ZXJlZEJ5Ijp7InVzZXJJZCI6IjExMTExMTExMTExMTExMTExMSIsInVzZXJMb2dpbiI6InN5c2FkbWluQHFhY29kZXJzLmNvbSJ9LCJyZWdpc3RyYXRpb25EYXRlIjoic2V4dGEtZmVpcmEsIDIwLzEwLzIwMjMsIDIwOjI0OjE0IEJSVCIsInJlZ2lzdHJhdGlvbk51bWJlciI6IjAxIiwiY29tcGFueUlkIjoiUWEuQ29kZXJzIiwiX2lkIjoiNjUzMzBjMWVmYjhmM2RhZDEzYTY4MDhjIn1dLCJfX3YiOjAsImlhdCI6MTcxNTQ2MDM0MywiZXhwIjoxNzE1NTQ2NzQzfQ.97QPDB7_jwhcduJkvEf05cRz130dOQ7Gw5lz8iWUP1U', 'Content-Length': '176'} 
 body=b'{"fullName": "Fulano da Silva Santos", "mail": "ggvmuwck@hotmail.com", "password": "1234@Test", "confirmPassword": "1234@Test", "accessProfile": "ADMIN", "cpf": "123456789012"}' 
 </msg>
<msg time="2024-05-11T17:45:23.874800" level="INFO">POST Response : url=https://the-originals.qacoders-academy.com.br/api/user 
 status=400, reason=Bad Request 
 headers={'Server': 'nginx/1.18.0 (Ubuntu)', 'Date': 'Sat, 11 May 2024 20:45:43 GMT', 'Content-Type': 'application/json; charset=utf-8', 'Content-Length': '50', 'Connection': 'keep-alive', 'X-Powered-By': 'Express', 'Access-Control-Allow-Origin': '*', 'Access-Control-Allow-Methods': 'GET, POST, OPTIONS, PUT, PATCH, DELETE', 'Access-Control-Allow-Headers': 'Origin, X-Requested-With, Content-Type, Accept, Authorization', 'ETag': 'W/"32-A1Lt2awWUX/4Y2NlrOAtjeW4aOc"'} 
 body={"error":["Deve preencher o CPF com 11 dígitos"]} 
 </msg>
<msg time="2024-05-11T17:45:23.874932" level="INFO">/usr/lib/python3.12/site-packages/urllib3/connectionpool.py:1061: InsecureRequestWarning: Unverified HTTPS request is being made to host 'the-originals.qacoders-academy.com.br'. Adding certificate verification is strongly advised. See: https://urllib3.readthedocs.io/en/1.26.x/advanced-usage.html#ssl-warnings
  warnings.warn(</msg>
<msg time="2024-05-11T17:45:23.875177" level="INFO">${response} = &lt;Response [400]&gt;</msg>
<var>${response}</var>
<arg>alias=APITheOriginals</arg>
<arg>url=/api/user</arg>
<arg>json=${body}</arg>
<arg>headers=${headers}</arg>
<arg>expected_status=400</arg>
<doc>Sends a POST request on a previously created HTTP Session.</doc>
<status status="PASS" start="2024-05-11T17:45:23.818837" elapsed="0.056410"/>
</kw>
<kw name="Log" owner="BuiltIn">
<msg time="2024-05-11T17:45:23.876992" level="INFO">{'error': ['Deve preencher o CPF com 11 dígitos']}</msg>
<arg>${response.json()}</arg>
<doc>Logs the given message with the given level.</doc>
<status status="PASS" start="2024-05-11T17:45:23.875675" elapsed="0.001421"/>
</kw>
<kw name="Dictionary Should Contain Key" owner="Collections">
<msg time="2024-05-11T17:45:23.878530" level="INFO">False</msg>
<arg>${response.json()}</arg>
<arg>error</arg>
<doc>Fails if ``key`` is not found from ``dictionary``.</doc>
<status status="PASS" start="2024-05-11T17:45:23.877368" elapsed="0.001251"/>
</kw>
<kw name="List Should Contain Value" owner="Collections">
<msg time="2024-05-11T17:45:23.879841" level="INFO">False</msg>
<arg>${response.json()}[error]</arg>
<arg>Deve preencher o CPF com 11 dígitos</arg>
<doc>Fails if the ``value`` is not found from ``list``.</doc>
<status status="PASS" start="2024-05-11T17:45:23.878892" elapsed="0.001023"/>
</kw>
<status status="PASS" start="2024-05-11T17:45:23.817250" elapsed="0.062798"/>
</kw>
<status status="PASS" start="2024-05-11T17:45:23.506761" elapsed="0.373557"/>
</test>
<status status="PASS" start="2024-05-11T17:45:14.296295" elapsed="9.584774"/>
</suite>
<statistics>
<total>
<stat pass="21" fail="0" skip="0">All Tests</stat>
</total>
<tag>
</tag>
<suite>
<stat pass="21" fail="0" skip="0" id="s1" name="Usuario">Usuario</stat>
</suite>
</statistics>
<errors>
</errors>
</robot>
